#
# There is insufficient memory for the Java Runtime Environment to continue.
# Native memory allocation (mmap) failed to map 59768832 bytes for Failed to commit area from 0x0000000091c00000 to 0x0000000095500000 of length 59768832.
# Possible reasons:
#   The system is out of physical RAM or swap space
#   The process is running with CompressedOops enabled, and the Java Heap may be blocking the growth of the native heap
# Possible solutions:
#   Reduce memory load on the system
#   Increase physical memory or swap space
#   Check if swap backing store is full
#   Decrease Java heap size (-Xmx/-Xms)
#   Decrease number of Java threads
#   Decrease Java thread stack sizes (-Xss)
#   Set larger code cache with -XX:ReservedCodeCacheSize=
#   JVM is running with Unscaled Compressed Oops mode in which the Java heap is
#     placed in the first 4GB address space. The Java Heap base address is the
#     maximum limit for the native heap growth. Please use -XX:HeapBaseMinAddress
#     to set the Java Heap base and to place the Java Heap above 4GB virtual address.
# This output file may be truncated or incomplete.
#
#  Out of Memory Error (./src/hotspot/os/windows/os_windows.cpp:3301), pid=6960, tid=10972
#
# JRE version: OpenJDK Runtime Environment (11.0.10) (build 11.0.10+0-b96-7249189)
# Java VM: OpenJDK 64-Bit Server VM (11.0.10+0-b96-7249189, mixed mode, tiered, compressed oops, g1 gc, windows-amd64)
# No core dump will be written. Minidumps are not enabled by default on client versions of Windows
#

---------------  S U M M A R Y ------------

Command Line: --add-opens=java.base/java.util=ALL-UNNAMED --add-opens=java.base/java.lang=ALL-UNNAMED --add-opens=java.base/java.lang.invoke=ALL-UNNAMED --add-opens=java.base/java.util=ALL-UNNAMED --add-opens=java.prefs/java.util.prefs=ALL-UNNAMED --add-opens=java.prefs/java.util.prefs=ALL-UNNAMED --add-opens=java.base/java.nio.charset=ALL-UNNAMED --add-opens=java.base/java.net=ALL-UNNAMED --add-opens=java.base/java.util.concurrent.atomic=ALL-UNNAMED -Xmx2048m -Dfile.encoding=UTF-8 -Duser.country=US -Duser.language=en -Duser.variant org.gradle.launcher.daemon.bootstrap.GradleDaemon 7.0.2

Host: Intel(R) Core(TM) i5-7200U CPU @ 2.50GHz, 4 cores, 7G,  Windows 10 , 64 bit Build 19041 (10.0.19041.1202)
Time: Fri Oct 15 16:41:56 2021 SE Asia Standard Time elapsed time: 3308.642521 seconds (0d 0h 55m 8s)

---------------  T H R E A D  ---------------

Current thread (0x000001e5a526d800):  VMThread "VM Thread" [stack: 0x0000003df4500000,0x0000003df4600000] [id=10972]

Stack: [0x0000003df4500000,0x0000003df4600000]
[error occurred during error reporting (printing stack bounds), id 0xc0000005, EXCEPTION_ACCESS_VIOLATION (0xc0000005) at pc=0x000001e58e9f0f2d]

Native frames: (J=compiled Java code, j=interpreted, Vv=VM code, C=native code)
V  [jvm.dll+0x5ecfaa]
V  [jvm.dll+0x722bd5]
V  [jvm.dll+0x72412d]
V  [jvm.dll+0x724745]
V  [jvm.dll+0x7246fb]
V  [jvm.dll+0x5ec348]
V  [jvm.dll+0x5ecad8]
C  [ntdll.dll+0xa20cf]
C  [ntdll.dll+0x51454]
C  [ntdll.dll+0xa0bfe]
C  0x000001e58e9f0f2d

VM_Operation (0x0000003df7efe700): G1CollectForAllocation, mode: safepoint, requested by thread 0x000001e5ac787000


---------------  P R O C E S S  ---------------

Threads class SMR info:
_java_thread_list=0x000001e5ac514460, length=58, elements={
0x000001e58aeda800, 0x000001e5a5272000, 0x000001e5a5273000, 0x000001e5a528e800,
0x000001e5a528f800, 0x000001e5a5290800, 0x000001e5a5293800, 0x000001e5a52bd000,
0x000001e5a5c84800, 0x000001e5a5d6e000, 0x000001e5a7694000, 0x000001e5a7ac5800,
0x000001e5a7152800, 0x000001e5a6a6e800, 0x000001e5a6a6a000, 0x000001e5a6a6e000,
0x000001e5a6a6d000, 0x000001e5a6a70800, 0x000001e5a6a6a800, 0x000001e5a6a6b800,
0x000001e5a725d000, 0x000001e5a725a000, 0x000001e5a725f800, 0x000001e5a7260800,
0x000001e5a7267800, 0x000001e5a7259000, 0x000001e5a7261000, 0x000001e5a725e000,
0x000001e5a725b800, 0x000001e5a7262000, 0x000001e5a7264800, 0x000001e5a7265800,
0x000001e5a7266000, 0x000001e5a7267000, 0x000001e5a6a6c000, 0x000001e5a6a6f800,
0x000001e5ac2d4000, 0x000001e5ac2d8000, 0x000001e5ac2d9000, 0x000001e5ac2d5000,
0x000001e5ac2d3800, 0x000001e5ac2db800, 0x000001e5ac2d6800, 0x000001e5ac2d7800,
0x000001e5ac2da800, 0x000001e5ac2d5800, 0x000001e5ac2e1000, 0x000001e5ac2de800,
0x000001e5ac2dc800, 0x000001e5a725c800, 0x000001e5ac781800, 0x000001e5ac784000,
0x000001e5ac785800, 0x000001e5ac786800, 0x000001e5ac787000, 0x000001e5ac788000,
0x000001e5ac782000, 0x000001e5ac78d000
}

Java Threads: ( => current thread )
  0x000001e58aeda800 JavaThread "main" [_thread_blocked, id=8924, stack(0x0000003df3f00000,0x0000003df4000000)]
  0x000001e5a5272000 JavaThread "Reference Handler" daemon [_thread_blocked, id=5644, stack(0x0000003df4600000,0x0000003df4700000)]
  0x000001e5a5273000 JavaThread "Finalizer" daemon [_thread_blocked, id=8012, stack(0x0000003df4700000,0x0000003df4800000)]
  0x000001e5a528e800 JavaThread "Signal Dispatcher" daemon [_thread_blocked, id=3652, stack(0x0000003df4800000,0x0000003df4900000)]
  0x000001e5a528f800 JavaThread "Attach Listener" daemon [_thread_blocked, id=1236, stack(0x0000003df4900000,0x0000003df4a00000)]
  0x000001e5a5290800 JavaThread "Service Thread" daemon [_thread_blocked, id=12820, stack(0x0000003df4a00000,0x0000003df4b00000)]
  0x000001e5a5293800 JavaThread "C2 CompilerThread0" daemon [_thread_blocked, id=3776, stack(0x0000003df4b00000,0x0000003df4c00000)]
  0x000001e5a52bd000 JavaThread "C1 CompilerThread0" daemon [_thread_blocked, id=5804, stack(0x0000003df4c00000,0x0000003df4d00000)]
  0x000001e5a5c84800 JavaThread "Sweeper thread" daemon [_thread_blocked, id=808, stack(0x0000003df4d00000,0x0000003df4e00000)]
  0x000001e5a5d6e000 JavaThread "Common-Cleaner" daemon [_thread_blocked, id=4952, stack(0x0000003df4e00000,0x0000003df4f00000)]
  0x000001e5a7694000 JavaThread "Daemon health stats" [_thread_blocked, id=11836, stack(0x0000003df5200000,0x0000003df5300000)]
  0x000001e5a7ac5800 JavaThread "Incoming local TCP Connector on port 60483" [_thread_in_native, id=1992, stack(0x0000003df5300000,0x0000003df5400000)]
  0x000001e5a7152800 JavaThread "Daemon periodic checks" [_thread_blocked, id=11104, stack(0x0000003df5400000,0x0000003df5500000)]
  0x000001e5a6a6e800 JavaThread "Cache worker for file hash cache (D:\Nam 4\gradle\gradle-7.0.2\caches\7.0.2\fileHashes)" [_thread_blocked, id=7972, stack(0x0000003df5d00000,0x0000003df5e00000)]
  0x000001e5a6a6a000 JavaThread "File lock request listener" [_thread_in_native, id=6872, stack(0x0000003df5e00000,0x0000003df5f00000)]
  0x000001e5a6a6e000 JavaThread "Cache worker for journal cache (D:\Nam 4\gradle\gradle-7.0.2\caches\journal-1)" [_thread_blocked, id=11692, stack(0x0000003df5f00000,0x0000003df6000000)]
  0x000001e5a6a6d000 JavaThread "File watcher server" daemon [_thread_blocked, id=8808, stack(0x0000003df6100000,0x0000003df6200000)]
  0x000001e5a6a70800 JavaThread "File watcher consumer" daemon [_thread_blocked, id=2500, stack(0x0000003df6200000,0x0000003df6300000)]
  0x000001e5a6a6a800 JavaThread "jar transforms" [_thread_blocked, id=1812, stack(0x0000003df6300000,0x0000003df6400000)]
  0x000001e5a6a6b800 JavaThread "jar transforms Thread 2" [_thread_blocked, id=2908, stack(0x0000003df6400000,0x0000003df6500000)]
  0x000001e5a725d000 JavaThread "jar transforms Thread 3" [_thread_blocked, id=1788, stack(0x0000003df6500000,0x0000003df6600000)]
  0x000001e5a725a000 JavaThread "jar transforms Thread 4" [_thread_blocked, id=10196, stack(0x0000003df6600000,0x0000003df6700000)]
  0x000001e5a725f800 JavaThread "Cache worker for execution history cache (D:\Nam 4\gradle\gradle-7.0.2\caches\7.0.2\executionHistory)" [_thread_blocked, id=2952, stack(0x0000003df6a00000,0x0000003df6b00000)]
  0x000001e5a7260800 JavaThread "Cache worker for file content cache (D:\Nam 4\gradle\gradle-7.0.2\caches\7.0.2\fileContent)" [_thread_blocked, id=6292, stack(0x0000003df6b00000,0x0000003df6c00000)]
  0x000001e5a7267800 JavaThread "Memory manager" [_thread_blocked, id=2100, stack(0x0000003df7100000,0x0000003df7200000)]
  0x000001e5a7259000 JavaThread "Daemon Thread 2" [_thread_blocked, id=6084, stack(0x0000003df3c00000,0x0000003df3d00000)]
  0x000001e5a7261000 JavaThread "Handler for socket connection from /127.0.0.1:60483 to /127.0.0.1:52115" [_thread_in_native, id=8248, stack(0x0000003df3d00000,0x0000003df3e00000)]
  0x000001e5a725e000 JavaThread "Cancel handler" [_thread_blocked, id=2876, stack(0x0000003df3e00000,0x0000003df3f00000)]
  0x000001e5a725b800 JavaThread "Daemon worker Thread 2" [_thread_blocked, id=8944, stack(0x0000003df5500000,0x0000003df5600000)]
  0x000001e5a7262000 JavaThread "Asynchronous log dispatcher for DefaultDaemonConnection: socket connection from /127.0.0.1:60483 to /127.0.0.1:52115" [_thread_blocked, id=13260, stack(0x0000003df5600000,0x0000003df5700000)]
  0x000001e5a7264800 JavaThread "Daemon client event forwarder" [_thread_blocked, id=8288, stack(0x0000003df5800000,0x0000003df5900000)]
  0x000001e5a7265800 JavaThread "Cache worker for file hash cache (D:\Androi\8-18090131-NguyenHuuLoc\.gradle\7.0.2\fileHashes)" [_thread_blocked, id=8512, stack(0x0000003df5900000,0x0000003df5a00000)]
  0x000001e5a7266000 JavaThread "Cache worker for checksums cache (D:\Androi\8-18090131-NguyenHuuLoc\.gradle\checksums)" [_thread_blocked, id=1380, stack(0x0000003df5b00000,0x0000003df5c00000)]
  0x000001e5a7267000 JavaThread "Cache worker for cache directory md-supplier (D:\Nam 4\gradle\gradle-7.0.2\caches\7.0.2\md-supplier)" [_thread_blocked, id=7056, stack(0x0000003df6000000,0x0000003df6100000)]
  0x000001e5a6a6c000 JavaThread "Cache worker for cache directory md-rule (D:\Nam 4\gradle\gradle-7.0.2\caches\7.0.2\md-rule)" [_thread_blocked, id=1924, stack(0x0000003df6700000,0x0000003df6800000)]
  0x000001e5a6a6f800 JavaThread "Cache worker for dependencies-accessors (D:\Androi\8-18090131-NguyenHuuLoc\.gradle\7.0.2\dependencies-accessors)" [_thread_blocked, id=11412, stack(0x0000003df6800000,0x0000003df6900000)]
  0x000001e5ac2d4000 JavaThread "Cache worker for Build Output Cleanup Cache (D:\Androi\8-18090131-NguyenHuuLoc\.gradle\buildOutputCleanup)" [_thread_blocked, id=12860, stack(0x0000003df6900000,0x0000003df6a00000)]
  0x000001e5ac2d8000 JavaThread "Build operations" [_thread_blocked, id=1884, stack(0x0000003df5a00000,0x0000003df5b00000)]
  0x000001e5ac2d9000 JavaThread "Build operations Thread 2" [_thread_blocked, id=7240, stack(0x0000003df6c00000,0x0000003df6d00000)]
  0x000001e5ac2d5000 JavaThread "Build operations Thread 3" [_thread_blocked, id=4056, stack(0x0000003df6d00000,0x0000003df6e00000)]
  0x000001e5ac2d3800 JavaThread "Build operations Thread 4" [_thread_blocked, id=8820, stack(0x0000003df6e00000,0x0000003df6f00000)]
  0x000001e5ac2db800 JavaThread "build event listener" [_thread_blocked, id=5944, stack(0x0000003df7000000,0x0000003df7100000)]
  0x000001e5ac2d6800 JavaThread "Execution worker for ':'" [_thread_blocked, id=5924, stack(0x0000003df7200000,0x0000003df7300000)]
  0x000001e5ac2d7800 JavaThread "Execution worker for ':' Thread 2" [_thread_blocked, id=11236, stack(0x0000003df7300000,0x0000003df7400000)]
  0x000001e5ac2da800 JavaThread "Execution worker for ':' Thread 3" [_thread_blocked, id=3896, stack(0x0000003df7400000,0x0000003df7500000)]
  0x000001e5ac2d5800 JavaThread "Cache worker for execution history cache (D:\Androi\8-18090131-NguyenHuuLoc\.gradle\7.0.2\executionHistory)" [_thread_blocked, id=1716, stack(0x0000003df7500000,0x0000003df7600000)]
  0x000001e5ac2e1000 JavaThread "WorkerExecutor Queue Thread 2" [_thread_blocked, id=12548, stack(0x0000003df7600000,0x0000003df7700000)]
  0x000001e5ac2de800 JavaThread "WorkerExecutor Queue Thread 4" [_thread_blocked, id=3584, stack(0x0000003df7900000,0x0000003df7a00000)]
  0x000001e5ac2dc800 JavaThread "pool-4-thread-1" [_thread_blocked, id=13196, stack(0x0000003df5700000,0x0000003df5800000)]
  0x000001e5a725c800 JavaThread "stderr" [_thread_in_native, id=6808, stack(0x0000003df7a00000,0x0000003df7b00000)]
  0x000001e5ac781800 JavaThread "stdout" [_thread_in_native, id=12832, stack(0x0000003df7b00000,0x0000003df7c00000)]
  0x000001e5ac784000 JavaThread "WorkerExecutor Queue Thread 5" [_thread_blocked, id=9504, stack(0x0000003df7800000,0x0000003df7900000)]
  0x000001e5ac785800 JavaThread "WorkerExecutor Queue Thread 6" [_thread_blocked, id=12684, stack(0x0000003df6f00000,0x0000003df7000000)]
  0x000001e5ac786800 JavaThread "ForkJoinPool-2-worker-3" daemon [_thread_blocked, id=8608, stack(0x0000003df7d00000,0x0000003df7e00000)]
  0x000001e5ac787000 JavaThread "ForkJoinPool-2-worker-5" daemon [_thread_blocked, id=1036, stack(0x0000003df7e00000,0x0000003df7f00000)]
  0x000001e5ac788000 JavaThread "ForkJoinPool-2-worker-7" daemon [_thread_blocked, id=7796, stack(0x0000003df7f00000,0x0000003df8000000)]
  0x000001e5ac782000 JavaThread "ForkJoinPool-2-worker-1" daemon [_thread_blocked, id=6284, stack(0x0000003df8000000,0x0000003df8100000)]
  0x000001e5ac78d000 JavaThread "C2 CompilerThread1" daemon [_thread_blocked, id=1948, stack(0x0000003df7c00000,0x0000003df7d00000)]

Other Threads:
=>0x000001e5a526d800 VMThread "VM Thread" [stack: 0x0000003df4500000,0x0000003df4600000] [id=10972]
  0x000001e5a5d97000 WatcherThread [stack: 0x0000003df4f00000,0x0000003df5000000] [id=1540]
  0x000001e58aef4000 GCTaskThread "GC Thread#0" [stack: 0x0000003df4000000,0x0000003df4100000] [id=3588]
  0x000001e5a63bc800 GCTaskThread "GC Thread#1" [stack: 0x0000003df5000000,0x0000003df5100000] [id=9884]
  0x000001e5a63bd000 GCTaskThread "GC Thread#2" [stack: 0x0000003df5100000,0x0000003df5200000] [id=12004]
  0x000001e5a706e000 GCTaskThread "GC Thread#3" [stack: 0x0000003df5c00000,0x0000003df5d00000] [id=9416]
  0x000001e58af24800 ConcurrentGCThread "G1 Main Marker" [stack: 0x0000003df4100000,0x0000003df4200000] [id=7620]
  0x000001e58af26800 ConcurrentGCThread "G1 Conc#0" [stack: 0x0000003df4200000,0x0000003df4300000] [id=12332]
  0x000001e58afb3000 ConcurrentGCThread "G1 Refine#0" [stack: 0x0000003df4300000,0x0000003df4400000] [id=8804]
  0x000001e58afb4000 ConcurrentGCThread "G1 Young RemSet Sampling" [stack: 0x0000003df4400000,0x0000003df4500000] [id=11820]

Threads with active compile tasks:
C2 CompilerThread03308786 29001       4       com.android.tools.r8.internal.Uu::a (40 bytes)
C2 CompilerThread13308787 29013       4       com.android.tools.r8.graph.r::equals (52 bytes)

VM state:at safepoint (normal execution)

VM Mutex/Monitor currently owned by a thread:  ([mutex/lock_event])
[0x000001e58aed8670] Threads_lock - owner thread: 0x000001e5a526d800
[0x000001e58aed8160] Heap_lock - owner thread: 0x000001e5ac787000

Heap address: 0x0000000080000000, size: 2048 MB, Compressed Oops mode: 32-bit
Narrow klass base: 0x0000000000000000, Narrow klass shift: 3
Compressed class space size: 1073741824 Address: 0x0000000100000000

Heap:
 garbage-first heap   total 349184K, used 182912K [0x0000000080000000, 0x0000000100000000)
  region size 1024K, 5 young (5120K), 5 survivors (5120K)
 Metaspace       used 138099K, capacity 141600K, committed 141824K, reserved 1173504K
  class space    used 16982K, capacity 18326K, committed 18432K, reserved 1048576K
Heap Regions: E=young(eden), S=young(survivor), O=old, HS=humongous(starts), HC=humongous(continues), CS=collection set, F=free, A=archive, TAMS=top-at-mark-start (previous, next)
|   0|0x0000000080000000, 0x0000000080100000, 0x0000000080100000|100%|HS|  |TAMS 0x0000000080100000, 0x0000000080000000| Complete 
|   1|0x0000000080100000, 0x0000000080200000, 0x0000000080200000|100%|HC|  |TAMS 0x0000000080200000, 0x0000000080100000| Complete 
|   2|0x0000000080200000, 0x0000000080300000, 0x0000000080300000|100%|HC|  |TAMS 0x0000000080300000, 0x0000000080200000| Complete 
|   3|0x0000000080300000, 0x0000000080400000, 0x0000000080400000|100%| O|  |TAMS 0x0000000080400000, 0x0000000080300000| Untracked 
|   4|0x0000000080400000, 0x0000000080500000, 0x0000000080500000|100%| O|  |TAMS 0x0000000080500000, 0x0000000080400000| Untracked 
|   5|0x0000000080500000, 0x0000000080600000, 0x0000000080600000|100%| O|  |TAMS 0x0000000080600000, 0x0000000080500000| Untracked 
|   6|0x0000000080600000, 0x0000000080700000, 0x0000000080700000|100%| O|  |TAMS 0x0000000080700000, 0x0000000080600000| Untracked 
|   7|0x0000000080700000, 0x0000000080800000, 0x0000000080800000|100%| O|  |TAMS 0x0000000080800000, 0x0000000080700000| Untracked 
|   8|0x0000000080800000, 0x0000000080900000, 0x0000000080900000|100%| O|  |TAMS 0x0000000080900000, 0x0000000080800000| Untracked 
|   9|0x0000000080900000, 0x0000000080a00000, 0x0000000080a00000|100%| O|  |TAMS 0x0000000080a00000, 0x0000000080900000| Untracked 
|  10|0x0000000080a00000, 0x0000000080b00000, 0x0000000080b00000|100%| O|  |TAMS 0x0000000080b00000, 0x0000000080a00000| Untracked 
|  11|0x0000000080b00000, 0x0000000080c00000, 0x0000000080c00000|100%| O|  |TAMS 0x0000000080c00000, 0x0000000080b00000| Untracked 
|  12|0x0000000080c00000, 0x0000000080d00000, 0x0000000080d00000|100%| O|  |TAMS 0x0000000080d00000, 0x0000000080c00000| Untracked 
|  13|0x0000000080d00000, 0x0000000080e00000, 0x0000000080e00000|100%| O|  |TAMS 0x0000000080e00000, 0x0000000080d00000| Complete 
|  14|0x0000000080e00000, 0x0000000080f00000, 0x0000000080f00000|100%|HS|  |TAMS 0x0000000080f00000, 0x0000000080e00000| Complete 
|  15|0x0000000080f00000, 0x0000000081000000, 0x0000000081000000|100%|HC|  |TAMS 0x0000000081000000, 0x0000000080f00000| Complete 
|  16|0x0000000081000000, 0x0000000081100000, 0x0000000081100000|100%|HS|  |TAMS 0x0000000081100000, 0x0000000081000000| Complete 
|  17|0x0000000081100000, 0x0000000081200000, 0x0000000081200000|100%|HC|  |TAMS 0x0000000081200000, 0x0000000081100000| Complete 
|  18|0x0000000081200000, 0x0000000081300000, 0x0000000081300000|100%|HC|  |TAMS 0x0000000081300000, 0x0000000081200000| Complete 
|  19|0x0000000081300000, 0x0000000081400000, 0x0000000081400000|100%|HS|  |TAMS 0x0000000081400000, 0x0000000081300000| Complete 
|  20|0x0000000081400000, 0x0000000081500000, 0x0000000081500000|100%|HC|  |TAMS 0x0000000081500000, 0x0000000081400000| Complete 
|  21|0x0000000081500000, 0x0000000081600000, 0x0000000081600000|100%|HC|  |TAMS 0x0000000081600000, 0x0000000081500000| Complete 
|  22|0x0000000081600000, 0x0000000081700000, 0x0000000081700000|100%|HC|  |TAMS 0x0000000081700000, 0x0000000081600000| Complete 
|  23|0x0000000081700000, 0x0000000081800000, 0x0000000081800000|100%|HC|  |TAMS 0x0000000081800000, 0x0000000081700000| Complete 
|  24|0x0000000081800000, 0x0000000081900000, 0x0000000081900000|100%| O|  |TAMS 0x0000000081900000, 0x0000000081800000| Complete 
|  25|0x0000000081900000, 0x0000000081a00000, 0x0000000081a00000|100%| O|  |TAMS 0x0000000081a00000, 0x0000000081900000| Complete 
|  26|0x0000000081a00000, 0x0000000081b00000, 0x0000000081b00000|100%| O|  |TAMS 0x0000000081b00000, 0x0000000081a00000| Complete 
|  27|0x0000000081b00000, 0x0000000081c00000, 0x0000000081c00000|100%| O|  |TAMS 0x0000000081c00000, 0x0000000081b00000| Untracked 
|  28|0x0000000081c00000, 0x0000000081d00000, 0x0000000081d00000|100%| O|  |TAMS 0x0000000081d00000, 0x0000000081c00000| Untracked 
|  29|0x0000000081d00000, 0x0000000081e00000, 0x0000000081e00000|100%| O|  |TAMS 0x0000000081e00000, 0x0000000081d00000| Complete 
|  30|0x0000000081e00000, 0x0000000081f00000, 0x0000000081f00000|100%| O|  |TAMS 0x0000000081f00000, 0x0000000081e00000| Complete 
|  31|0x0000000081f00000, 0x0000000082000000, 0x0000000082000000|100%| O|  |TAMS 0x0000000082000000, 0x0000000081f00000| Complete 
|  32|0x0000000082000000, 0x0000000082100000, 0x0000000082100000|100%| O|  |TAMS 0x0000000082100000, 0x0000000082000000| Complete 
|  33|0x0000000082100000, 0x0000000082200000, 0x0000000082200000|100%| O|  |TAMS 0x0000000082200000, 0x0000000082100000| Complete 
|  34|0x0000000082200000, 0x0000000082300000, 0x0000000082300000|100%|HS|  |TAMS 0x0000000082300000, 0x0000000082200000| Complete 
|  35|0x0000000082300000, 0x0000000082400000, 0x0000000082400000|100%|HC|  |TAMS 0x0000000082400000, 0x0000000082300000| Complete 
|  36|0x0000000082400000, 0x0000000082500000, 0x0000000082500000|100%|HC|  |TAMS 0x0000000082500000, 0x0000000082400000| Complete 
|  37|0x0000000082500000, 0x0000000082600000, 0x0000000082600000|100%|HC|  |TAMS 0x0000000082600000, 0x0000000082500000| Complete 
|  38|0x0000000082600000, 0x0000000082700000, 0x0000000082700000|100%|HC|  |TAMS 0x0000000082700000, 0x0000000082600000| Complete 
|  39|0x0000000082700000, 0x0000000082800000, 0x0000000082800000|100%| O|  |TAMS 0x0000000082800000, 0x0000000082700000| Complete 
|  40|0x0000000082800000, 0x0000000082900000, 0x0000000082900000|100%| O|  |TAMS 0x0000000082900000, 0x0000000082800000| Untracked 
|  41|0x0000000082900000, 0x0000000082a00000, 0x0000000082a00000|100%| O|  |TAMS 0x0000000082a00000, 0x0000000082900000| Untracked 
|  42|0x0000000082a00000, 0x0000000082b00000, 0x0000000082b00000|100%| O|  |TAMS 0x0000000082b00000, 0x0000000082a00000| Complete 
|  43|0x0000000082b00000, 0x0000000082c00000, 0x0000000082c00000|100%|HS|  |TAMS 0x0000000082c00000, 0x0000000082b00000| Complete 
|  44|0x0000000082c00000, 0x0000000082d00000, 0x0000000082d00000|100%|HC|  |TAMS 0x0000000082d00000, 0x0000000082c00000| Complete 
|  45|0x0000000082d00000, 0x0000000082e00000, 0x0000000082e00000|100%|HC|  |TAMS 0x0000000082e00000, 0x0000000082d00000| Complete 
|  46|0x0000000082e00000, 0x0000000082f00000, 0x0000000082f00000|100%| O|  |TAMS 0x0000000082f00000, 0x0000000082e00000| Untracked 
|  47|0x0000000082f00000, 0x0000000083000000, 0x0000000083000000|100%| O|  |TAMS 0x0000000083000000, 0x0000000082f00000| Complete 
|  48|0x0000000083000000, 0x0000000083100000, 0x0000000083100000|100%| O|  |TAMS 0x0000000083100000, 0x0000000083000000| Untracked 
|  49|0x0000000083100000, 0x0000000083200000, 0x0000000083200000|100%| O|  |TAMS 0x0000000083200000, 0x0000000083100000| Complete 
|  50|0x0000000083200000, 0x0000000083300000, 0x0000000083300000|100%| O|  |TAMS 0x0000000083300000, 0x0000000083200000| Untracked 
|  51|0x0000000083300000, 0x0000000083400000, 0x0000000083400000|100%| O|  |TAMS 0x0000000083400000, 0x0000000083300000| Complete 
|  52|0x0000000083400000, 0x0000000083500000, 0x0000000083500000|100%| O|  |TAMS 0x0000000083500000, 0x0000000083400000| Complete 
|  53|0x0000000083500000, 0x0000000083600000, 0x0000000083600000|100%|HS|  |TAMS 0x0000000083600000, 0x0000000083500000| Complete 
|  54|0x0000000083600000, 0x0000000083700000, 0x0000000083700000|100%|HS|  |TAMS 0x0000000083700000, 0x0000000083600000| Complete 
|  55|0x0000000083700000, 0x0000000083800000, 0x0000000083800000|100%|HS|  |TAMS 0x0000000083800000, 0x0000000083700000| Complete 
|  56|0x0000000083800000, 0x0000000083900000, 0x0000000083900000|100%|HC|  |TAMS 0x0000000083900000, 0x0000000083800000| Complete 
|  57|0x0000000083900000, 0x0000000083a00000, 0x0000000083a00000|100%| O|  |TAMS 0x0000000083a00000, 0x0000000083900000| Complete 
|  58|0x0000000083a00000, 0x0000000083b00000, 0x0000000083b00000|100%| O|  |TAMS 0x0000000083b00000, 0x0000000083a00000| Untracked 
|  59|0x0000000083b00000, 0x0000000083c00000, 0x0000000083c00000|100%| O|  |TAMS 0x0000000083c00000, 0x0000000083b00000| Complete 
|  60|0x0000000083c00000, 0x0000000083d00000, 0x0000000083d00000|100%| O|  |TAMS 0x0000000083d00000, 0x0000000083c00000| Complete 
|  61|0x0000000083d00000, 0x0000000083e00000, 0x0000000083e00000|100%| O|  |TAMS 0x0000000083e00000, 0x0000000083d00000| Untracked 
|  62|0x0000000083e00000, 0x0000000083f00000, 0x0000000083f00000|100%| O|  |TAMS 0x0000000083f00000, 0x0000000083e00000| Complete 
|  63|0x0000000083f00000, 0x0000000084000000, 0x0000000084000000|100%| O|  |TAMS 0x0000000084000000, 0x0000000083f00000| Untracked 
|  64|0x0000000084000000, 0x0000000084100000, 0x0000000084100000|100%| O|  |TAMS 0x0000000084100000, 0x0000000084000000| Untracked 
|  65|0x0000000084100000, 0x0000000084200000, 0x0000000084200000|100%| O|  |TAMS 0x0000000084200000, 0x0000000084100000| Untracked 
|  66|0x0000000084200000, 0x0000000084300000, 0x0000000084300000|100%| O|  |TAMS 0x0000000084300000, 0x0000000084200000| Untracked 
|  67|0x0000000084300000, 0x0000000084400000, 0x0000000084400000|100%| O|  |TAMS 0x0000000084400000, 0x0000000084300000| Complete 
|  68|0x0000000084400000, 0x0000000084500000, 0x0000000084500000|100%| O|  |TAMS 0x0000000084500000, 0x0000000084400000| Untracked 
|  69|0x0000000084500000, 0x0000000084600000, 0x0000000084600000|100%| O|  |TAMS 0x0000000084600000, 0x0000000084500000| Untracked 
|  70|0x0000000084600000, 0x0000000084700000, 0x0000000084700000|100%| O|  |TAMS 0x0000000084700000, 0x0000000084600000| Complete 
|  71|0x0000000084700000, 0x0000000084800000, 0x0000000084800000|100%| O|  |TAMS 0x0000000084800000, 0x0000000084700000| Complete 
|  72|0x0000000084800000, 0x0000000084900000, 0x0000000084900000|100%|HS|  |TAMS 0x0000000084900000, 0x0000000084800000| Complete 
|  73|0x0000000084900000, 0x0000000084a00000, 0x0000000084a00000|100%| O|  |TAMS 0x0000000084a00000, 0x0000000084900000| Untracked 
|  74|0x0000000084a00000, 0x0000000084b00000, 0x0000000084b00000|100%| O|  |TAMS 0x0000000084b00000, 0x0000000084a00000| Untracked 
|  75|0x0000000084b00000, 0x0000000084c00000, 0x0000000084c00000|100%| O|  |TAMS 0x0000000084c00000, 0x0000000084b00000| Untracked 
|  76|0x0000000084c00000, 0x0000000084d00000, 0x0000000084d00000|100%| O|  |TAMS 0x0000000084d00000, 0x0000000084c00000| Complete 
|  77|0x0000000084d00000, 0x0000000084e00000, 0x0000000084e00000|100%| O|  |TAMS 0x0000000084e00000, 0x0000000084d00000| Untracked 
|  78|0x0000000084e00000, 0x0000000084f00000, 0x0000000084f00000|100%| O|  |TAMS 0x0000000084f00000, 0x0000000084e00000| Untracked 
|  79|0x0000000084f00000, 0x0000000085000000, 0x0000000085000000|100%| O|  |TAMS 0x0000000085000000, 0x0000000084f00000| Complete 
|  80|0x0000000085000000, 0x0000000085100000, 0x0000000085100000|100%| O|  |TAMS 0x0000000085100000, 0x0000000085000000| Complete 
|  81|0x0000000085100000, 0x0000000085200000, 0x0000000085200000|100%| O|  |TAMS 0x0000000085200000, 0x0000000085100000| Complete 
|  82|0x0000000085200000, 0x0000000085300000, 0x0000000085300000|100%| O|  |TAMS 0x0000000085300000, 0x0000000085200000| Untracked 
|  83|0x0000000085300000, 0x0000000085400000, 0x0000000085400000|100%| O|  |TAMS 0x0000000085400000, 0x0000000085300000| Untracked 
|  84|0x0000000085400000, 0x0000000085500000, 0x0000000085500000|100%| O|  |TAMS 0x0000000085500000, 0x0000000085400000| Untracked 
|  85|0x0000000085500000, 0x0000000085600000, 0x0000000085600000|100%| O|  |TAMS 0x0000000085600000, 0x0000000085500000| Complete 
|  86|0x0000000085600000, 0x0000000085700000, 0x0000000085700000|100%| O|  |TAMS 0x0000000085700000, 0x0000000085600000| Untracked 
|  87|0x0000000085700000, 0x0000000085800000, 0x0000000085800000|100%| O|  |TAMS 0x0000000085800000, 0x0000000085700000| Complete 
|  88|0x0000000085800000, 0x0000000085900000, 0x0000000085900000|100%| O|  |TAMS 0x0000000085900000, 0x0000000085800000| Untracked 
|  89|0x0000000085900000, 0x0000000085a00000, 0x0000000085a00000|100%| O|  |TAMS 0x0000000085a00000, 0x0000000085900000| Untracked 
|  90|0x0000000085a00000, 0x0000000085b00000, 0x0000000085b00000|100%| O|  |TAMS 0x0000000085b00000, 0x0000000085a00000| Complete 
|  91|0x0000000085b00000, 0x0000000085c00000, 0x0000000085c00000|100%| O|  |TAMS 0x0000000085c00000, 0x0000000085b00000| Untracked 
|  92|0x0000000085c00000, 0x0000000085d00000, 0x0000000085d00000|100%| O|  |TAMS 0x0000000085d00000, 0x0000000085c00000| Untracked 
|  93|0x0000000085d00000, 0x0000000085e00000, 0x0000000085e00000|100%| O|  |TAMS 0x0000000085e00000, 0x0000000085d00000| Complete 
|  94|0x0000000085e00000, 0x0000000085f00000, 0x0000000085f00000|100%| O|  |TAMS 0x0000000085f00000, 0x0000000085e00000| Complete 
|  95|0x0000000085f00000, 0x0000000086000000, 0x0000000086000000|100%| O|  |TAMS 0x0000000086000000, 0x0000000085f00000| Complete 
|  96|0x0000000086000000, 0x0000000086100000, 0x0000000086100000|100%| O|  |TAMS 0x0000000086100000, 0x0000000086000000| Complete 
|  97|0x0000000086100000, 0x0000000086200000, 0x0000000086200000|100%|HS|  |TAMS 0x0000000086100000, 0x0000000086100000| Complete 
|  98|0x0000000086200000, 0x0000000086300000, 0x0000000086300000|100%|HS|  |TAMS 0x0000000086200000, 0x0000000086200000| Complete 
|  99|0x0000000086300000, 0x0000000086400000, 0x0000000086400000|100%|HS|  |TAMS 0x0000000086400000, 0x0000000086300000| Complete 
| 100|0x0000000086400000, 0x0000000086500000, 0x0000000086500000|100%| O|  |TAMS 0x0000000086500000, 0x0000000086400000| Complete 
| 101|0x0000000086500000, 0x0000000086600000, 0x0000000086600000|100%| O|  |TAMS 0x0000000086600000, 0x0000000086500000| Complete 
| 102|0x0000000086600000, 0x0000000086700000, 0x0000000086700000|100%| O|  |TAMS 0x0000000086600000, 0x0000000086600000| Untracked 
| 103|0x0000000086700000, 0x00000000867a0200, 0x0000000086800000| 62%| O|  |TAMS 0x0000000086700000, 0x0000000086700000| Untracked 
| 104|0x0000000086800000, 0x0000000086900000, 0x0000000086900000|100%| O|  |TAMS 0x0000000086900000, 0x0000000086800000| Complete 
| 105|0x0000000086900000, 0x0000000086900000, 0x0000000086a00000|  0%| F|  |TAMS 0x0000000086900000, 0x0000000086900000| Untracked 
| 106|0x0000000086a00000, 0x0000000086b00000, 0x0000000086b00000|100%| O|  |TAMS 0x0000000086b00000, 0x0000000086a00000| Untracked 
| 107|0x0000000086b00000, 0x0000000086c00000, 0x0000000086c00000|100%| O|  |TAMS 0x0000000086c00000, 0x0000000086b00000| Untracked 
| 108|0x0000000086c00000, 0x0000000086d00000, 0x0000000086d00000|100%| O|  |TAMS 0x0000000086d00000, 0x0000000086c00000| Complete 
| 109|0x0000000086d00000, 0x0000000086e00000, 0x0000000086e00000|100%| O|  |TAMS 0x0000000086e00000, 0x0000000086d00000| Untracked 
| 110|0x0000000086e00000, 0x0000000086f00000, 0x0000000086f00000|100%| O|  |TAMS 0x0000000086f00000, 0x0000000086e00000| Complete 
| 111|0x0000000086f00000, 0x0000000087000000, 0x0000000087000000|100%| O|  |TAMS 0x0000000087000000, 0x0000000086f00000| Untracked 
| 112|0x0000000087000000, 0x0000000087100000, 0x0000000087100000|100%| O|  |TAMS 0x0000000087100000, 0x0000000087000000| Untracked 
| 113|0x0000000087100000, 0x0000000087200000, 0x0000000087200000|100%| O|  |TAMS 0x0000000087200000, 0x0000000087100000| Complete 
| 114|0x0000000087200000, 0x0000000087300000, 0x0000000087300000|100%| O|  |TAMS 0x0000000087300000, 0x0000000087200000| Untracked 
| 115|0x0000000087300000, 0x0000000087400000, 0x0000000087400000|100%| O|  |TAMS 0x0000000087400000, 0x0000000087300000| Complete 
| 116|0x0000000087400000, 0x0000000087500000, 0x0000000087500000|100%| O|  |TAMS 0x0000000087500000, 0x0000000087400000| Complete 
| 117|0x0000000087500000, 0x0000000087600000, 0x0000000087600000|100%| O|  |TAMS 0x0000000087600000, 0x0000000087500000| Complete 
| 118|0x0000000087600000, 0x0000000087700000, 0x0000000087700000|100%| O|  |TAMS 0x0000000087700000, 0x0000000087600000| Complete 
| 119|0x0000000087700000, 0x0000000087800000, 0x0000000087800000|100%|HS|  |TAMS 0x0000000087800000, 0x0000000087700000| Complete 
| 120|0x0000000087800000, 0x0000000087900000, 0x0000000087900000|100%|HC|  |TAMS 0x0000000087900000, 0x0000000087800000| Complete 
| 121|0x0000000087900000, 0x0000000087a00000, 0x0000000087a00000|100%|HS|  |TAMS 0x0000000087a00000, 0x0000000087900000| Complete 
| 122|0x0000000087a00000, 0x0000000087b00000, 0x0000000087b00000|100%| O|  |TAMS 0x0000000087b00000, 0x0000000087a00000| Complete 
| 123|0x0000000087b00000, 0x0000000087c00000, 0x0000000087c00000|100%| O|  |TAMS 0x0000000087c00000, 0x0000000087b00000| Untracked 
| 124|0x0000000087c00000, 0x0000000087c00000, 0x0000000087d00000|  0%| F|  |TAMS 0x0000000087c00000, 0x0000000087c00000| Untracked 
| 125|0x0000000087d00000, 0x0000000087d00000, 0x0000000087e00000|  0%| F|  |TAMS 0x0000000087d00000, 0x0000000087d00000| Untracked 
| 126|0x0000000087e00000, 0x0000000087f00000, 0x0000000087f00000|100%| O|  |TAMS 0x0000000087f00000, 0x0000000087e00000| Untracked 
| 127|0x0000000087f00000, 0x0000000087f00000, 0x0000000088000000|  0%| F|  |TAMS 0x0000000087f00000, 0x0000000087f00000| Untracked 
| 128|0x0000000088000000, 0x0000000088100000, 0x0000000088100000|100%| O|  |TAMS 0x0000000088100000, 0x0000000088000000| Untracked 
| 129|0x0000000088100000, 0x0000000088100000, 0x0000000088200000|  0%| F|  |TAMS 0x0000000088100000, 0x0000000088100000| Untracked 
| 130|0x0000000088200000, 0x0000000088300000, 0x0000000088300000|100%| O|  |TAMS 0x0000000088300000, 0x0000000088200000| Untracked 
| 131|0x0000000088300000, 0x0000000088300000, 0x0000000088400000|  0%| F|  |TAMS 0x0000000088300000, 0x0000000088300000| Untracked 
| 132|0x0000000088400000, 0x0000000088500000, 0x0000000088500000|100%| O|  |TAMS 0x0000000088500000, 0x0000000088400000| Complete 
| 133|0x0000000088500000, 0x0000000088600000, 0x0000000088600000|100%| O|  |TAMS 0x0000000088600000, 0x0000000088500000| Complete 
| 134|0x0000000088600000, 0x0000000088700000, 0x0000000088700000|100%| O|  |TAMS 0x0000000088700000, 0x0000000088600000| Complete 
| 135|0x0000000088700000, 0x0000000088800000, 0x0000000088800000|100%| O|  |TAMS 0x0000000088800000, 0x0000000088700000| Complete 
| 136|0x0000000088800000, 0x0000000088900000, 0x0000000088900000|100%| O|  |TAMS 0x0000000088900000, 0x0000000088800000| Untracked 
| 137|0x0000000088900000, 0x0000000088a00000, 0x0000000088a00000|100%| O|  |TAMS 0x0000000088a00000, 0x0000000088900000| Complete 
| 138|0x0000000088a00000, 0x0000000088b00000, 0x0000000088b00000|100%| O|  |TAMS 0x0000000088b00000, 0x0000000088a00000| Untracked 
| 139|0x0000000088b00000, 0x0000000088c00000, 0x0000000088c00000|100%| O|  |TAMS 0x0000000088c00000, 0x0000000088b00000| Untracked 
| 140|0x0000000088c00000, 0x0000000088d00000, 0x0000000088d00000|100%| O|  |TAMS 0x0000000088d00000, 0x0000000088c00000| Untracked 
| 141|0x0000000088d00000, 0x0000000088e00000, 0x0000000088e00000|100%| O|  |TAMS 0x0000000088e00000, 0x0000000088d00000| Complete 
| 142|0x0000000088e00000, 0x0000000088f00000, 0x0000000088f00000|100%| O|  |TAMS 0x0000000088f00000, 0x0000000088e00000| Untracked 
| 143|0x0000000088f00000, 0x0000000089000000, 0x0000000089000000|100%| O|  |TAMS 0x0000000089000000, 0x0000000088f00000| Untracked 
| 144|0x0000000089000000, 0x0000000089100000, 0x0000000089100000|100%| O|  |TAMS 0x0000000089100000, 0x0000000089000000| Untracked 
| 145|0x0000000089100000, 0x0000000089200000, 0x0000000089200000|100%| O|  |TAMS 0x0000000089200000, 0x0000000089100000| Complete 
| 146|0x0000000089200000, 0x0000000089300000, 0x0000000089300000|100%| O|  |TAMS 0x0000000089300000, 0x0000000089200000| Untracked 
| 147|0x0000000089300000, 0x0000000089400000, 0x0000000089400000|100%| O|  |TAMS 0x0000000089400000, 0x0000000089300000| Complete 
| 148|0x0000000089400000, 0x0000000089500000, 0x0000000089500000|100%| O|  |TAMS 0x0000000089500000, 0x0000000089400000| Untracked 
| 149|0x0000000089500000, 0x0000000089600000, 0x0000000089600000|100%| O|  |TAMS 0x0000000089600000, 0x0000000089500000| Untracked 
| 150|0x0000000089600000, 0x0000000089700000, 0x0000000089700000|100%| O|  |TAMS 0x0000000089700000, 0x0000000089600000| Untracked 
| 151|0x0000000089700000, 0x0000000089800000, 0x0000000089800000|100%| O|  |TAMS 0x0000000089800000, 0x0000000089700000| Complete 
| 152|0x0000000089800000, 0x0000000089900000, 0x0000000089900000|100%| O|  |TAMS 0x0000000089900000, 0x0000000089800000| Untracked 
| 153|0x0000000089900000, 0x0000000089a00000, 0x0000000089a00000|100%| O|  |TAMS 0x0000000089a00000, 0x0000000089900000| Untracked 
| 154|0x0000000089a00000, 0x0000000089b00000, 0x0000000089b00000|100%| O|  |TAMS 0x0000000089b00000, 0x0000000089a00000| Untracked 
| 155|0x0000000089b00000, 0x0000000089c00000, 0x0000000089c00000|100%| O|  |TAMS 0x0000000089c00000, 0x0000000089b00000| Complete 
| 156|0x0000000089c00000, 0x0000000089d00000, 0x0000000089d00000|100%| O|  |TAMS 0x0000000089d00000, 0x0000000089c00000| Complete 
| 157|0x0000000089d00000, 0x0000000089e00000, 0x0000000089e00000|100%| O|  |TAMS 0x0000000089e00000, 0x0000000089d00000| Untracked 
| 158|0x0000000089e00000, 0x0000000089f00000, 0x0000000089f00000|100%|HS|  |TAMS 0x0000000089e00000, 0x0000000089e00000| Complete 
| 159|0x0000000089f00000, 0x000000008a000000, 0x000000008a000000|100%|HS|  |TAMS 0x0000000089f00000, 0x0000000089f00000| Complete 
| 160|0x000000008a000000, 0x000000008a000000, 0x000000008a100000|  0%| F|  |TAMS 0x000000008a000000, 0x000000008a000000| Untracked 
| 161|0x000000008a100000, 0x000000008a200000, 0x000000008a200000|100%| O|  |TAMS 0x000000008a200000, 0x000000008a100000| Untracked 
| 162|0x000000008a200000, 0x000000008a300000, 0x000000008a300000|100%| O|  |TAMS 0x000000008a300000, 0x000000008a200000| Untracked 
| 163|0x000000008a300000, 0x000000008a400000, 0x000000008a400000|100%| O|  |TAMS 0x000000008a400000, 0x000000008a300000| Untracked 
| 164|0x000000008a400000, 0x000000008a500000, 0x000000008a500000|100%| O|  |TAMS 0x000000008a500000, 0x000000008a400000| Untracked 
| 165|0x000000008a500000, 0x000000008a600000, 0x000000008a600000|100%| O|  |TAMS 0x000000008a600000, 0x000000008a500000| Complete 
| 166|0x000000008a600000, 0x000000008a700000, 0x000000008a700000|100%| O|  |TAMS 0x000000008a700000, 0x000000008a600000| Untracked 
| 167|0x000000008a700000, 0x000000008a800000, 0x000000008a800000|100%| O|  |TAMS 0x000000008a800000, 0x000000008a700000| Untracked 
| 168|0x000000008a800000, 0x000000008a900000, 0x000000008a900000|100%| O|  |TAMS 0x000000008a900000, 0x000000008a800000| Untracked 
| 169|0x000000008a900000, 0x000000008aa00000, 0x000000008aa00000|100%| O|  |TAMS 0x000000008aa00000, 0x000000008a900000| Untracked 
| 170|0x000000008aa00000, 0x000000008ab00000, 0x000000008ab00000|100%| O|  |TAMS 0x000000008ab00000, 0x000000008aa00000| Untracked 
| 171|0x000000008ab00000, 0x000000008ac00000, 0x000000008ac00000|100%| O|  |TAMS 0x000000008ac00000, 0x000000008ab00000| Untracked 
| 172|0x000000008ac00000, 0x000000008ad00000, 0x000000008ad00000|100%| O|  |TAMS 0x000000008ad00000, 0x000000008ac00000| Untracked 
| 173|0x000000008ad00000, 0x000000008ae00000, 0x000000008ae00000|100%| O|  |TAMS 0x000000008ae00000, 0x000000008ad00000| Complete 
| 174|0x000000008ae00000, 0x000000008af00000, 0x000000008af00000|100%| O|  |TAMS 0x000000008af00000, 0x000000008ae00000| Untracked 
| 175|0x000000008af00000, 0x000000008b000000, 0x000000008b000000|100%| O|  |TAMS 0x000000008b000000, 0x000000008af00000| Untracked 
| 176|0x000000008b000000, 0x000000008b100000, 0x000000008b100000|100%| O|  |TAMS 0x000000008b100000, 0x000000008b000000| Complete 
| 177|0x000000008b100000, 0x000000008b200000, 0x000000008b200000|100%| O|  |TAMS 0x000000008b200000, 0x000000008b100000| Complete 
| 178|0x000000008b200000, 0x000000008b300000, 0x000000008b300000|100%| O|  |TAMS 0x000000008b300000, 0x000000008b200000| Complete 
| 179|0x000000008b300000, 0x000000008b400000, 0x000000008b400000|100%| O|  |TAMS 0x000000008b400000, 0x000000008b300000| Complete 
| 180|0x000000008b400000, 0x000000008b500000, 0x000000008b500000|100%| O|  |TAMS 0x000000008b500000, 0x000000008b400000| Complete 
| 181|0x000000008b500000, 0x000000008b500000, 0x000000008b600000|  0%| F|  |TAMS 0x000000008b500000, 0x000000008b500000| Untracked 
| 182|0x000000008b600000, 0x000000008b600000, 0x000000008b700000|  0%| F|  |TAMS 0x000000008b600000, 0x000000008b600000| Untracked 
| 183|0x000000008b700000, 0x000000008b700000, 0x000000008b800000|  0%| F|  |TAMS 0x000000008b700000, 0x000000008b700000| Untracked 
| 184|0x000000008b800000, 0x000000008b800000, 0x000000008b900000|  0%| F|  |TAMS 0x000000008b800000, 0x000000008b800000| Untracked 
| 185|0x000000008b900000, 0x000000008b900000, 0x000000008ba00000|  0%| F|  |TAMS 0x000000008b900000, 0x000000008b900000| Untracked 
| 186|0x000000008ba00000, 0x000000008ba00000, 0x000000008bb00000|  0%| F|  |TAMS 0x000000008ba00000, 0x000000008ba00000| Untracked 
| 187|0x000000008bb00000, 0x000000008bb00000, 0x000000008bc00000|  0%| F|  |TAMS 0x000000008bb00000, 0x000000008bb00000| Untracked 
| 188|0x000000008bc00000, 0x000000008bc00000, 0x000000008bd00000|  0%| F|  |TAMS 0x000000008bc00000, 0x000000008bc00000| Untracked 
| 189|0x000000008bd00000, 0x000000008bd00000, 0x000000008be00000|  0%| F|  |TAMS 0x000000008bd00000, 0x000000008bd00000| Untracked 
| 190|0x000000008be00000, 0x000000008be00000, 0x000000008bf00000|  0%| F|  |TAMS 0x000000008be00000, 0x000000008be00000| Untracked 
| 191|0x000000008bf00000, 0x000000008bf00000, 0x000000008c000000|  0%| F|  |TAMS 0x000000008bf00000, 0x000000008bf00000| Untracked 
| 192|0x000000008c000000, 0x000000008c000000, 0x000000008c100000|  0%| F|  |TAMS 0x000000008c000000, 0x000000008c000000| Untracked 
| 193|0x000000008c100000, 0x000000008c100000, 0x000000008c200000|  0%| F|  |TAMS 0x000000008c100000, 0x000000008c100000| Untracked 
| 194|0x000000008c200000, 0x000000008c200000, 0x000000008c300000|  0%| F|  |TAMS 0x000000008c200000, 0x000000008c200000| Untracked 
| 195|0x000000008c300000, 0x000000008c300000, 0x000000008c400000|  0%| F|  |TAMS 0x000000008c300000, 0x000000008c300000| Untracked 
| 196|0x000000008c400000, 0x000000008c400000, 0x000000008c500000|  0%| F|  |TAMS 0x000000008c400000, 0x000000008c400000| Untracked 
| 197|0x000000008c500000, 0x000000008c500000, 0x000000008c600000|  0%| F|  |TAMS 0x000000008c500000, 0x000000008c500000| Untracked 
| 198|0x000000008c600000, 0x000000008c600000, 0x000000008c700000|  0%| F|  |TAMS 0x000000008c600000, 0x000000008c600000| Untracked 
| 199|0x000000008c700000, 0x000000008c700000, 0x000000008c800000|  0%| F|  |TAMS 0x000000008c700000, 0x000000008c700000| Untracked 
| 200|0x000000008c800000, 0x000000008c800000, 0x000000008c900000|  0%| F|  |TAMS 0x000000008c800000, 0x000000008c800000| Untracked 
| 201|0x000000008c900000, 0x000000008c900000, 0x000000008ca00000|  0%| F|  |TAMS 0x000000008c900000, 0x000000008c900000| Untracked 
| 202|0x000000008ca00000, 0x000000008ca00000, 0x000000008cb00000|  0%| F|  |TAMS 0x000000008ca00000, 0x000000008ca00000| Untracked 
| 203|0x000000008cb00000, 0x000000008cb00000, 0x000000008cc00000|  0%| F|  |TAMS 0x000000008cb00000, 0x000000008cb00000| Untracked 
| 204|0x000000008cc00000, 0x000000008cc00000, 0x000000008cd00000|  0%| F|  |TAMS 0x000000008cc00000, 0x000000008cc00000| Untracked 
| 205|0x000000008cd00000, 0x000000008cd00000, 0x000000008ce00000|  0%| F|  |TAMS 0x000000008cd00000, 0x000000008cd00000| Untracked 
| 206|0x000000008ce00000, 0x000000008ce00000, 0x000000008cf00000|  0%| F|  |TAMS 0x000000008ce00000, 0x000000008ce00000| Untracked 
| 207|0x000000008cf00000, 0x000000008cf00000, 0x000000008d000000|  0%| F|  |TAMS 0x000000008cf00000, 0x000000008cf00000| Untracked 
| 208|0x000000008d000000, 0x000000008d000000, 0x000000008d100000|  0%| F|  |TAMS 0x000000008d000000, 0x000000008d000000| Untracked 
| 209|0x000000008d100000, 0x000000008d100000, 0x000000008d200000|  0%| F|  |TAMS 0x000000008d100000, 0x000000008d100000| Untracked 
| 210|0x000000008d200000, 0x000000008d200000, 0x000000008d300000|  0%| F|  |TAMS 0x000000008d200000, 0x000000008d200000| Untracked 
| 211|0x000000008d300000, 0x000000008d300000, 0x000000008d400000|  0%| F|  |TAMS 0x000000008d300000, 0x000000008d300000| Untracked 
| 212|0x000000008d400000, 0x000000008d400000, 0x000000008d500000|  0%| F|  |TAMS 0x000000008d400000, 0x000000008d400000| Untracked 
| 213|0x000000008d500000, 0x000000008d500000, 0x000000008d600000|  0%| F|  |TAMS 0x000000008d500000, 0x000000008d500000| Untracked 
| 214|0x000000008d600000, 0x000000008d600000, 0x000000008d700000|  0%| F|  |TAMS 0x000000008d600000, 0x000000008d600000| Untracked 
| 215|0x000000008d700000, 0x000000008d700000, 0x000000008d800000|  0%| F|  |TAMS 0x000000008d700000, 0x000000008d700000| Untracked 
| 216|0x000000008d800000, 0x000000008d800000, 0x000000008d900000|  0%| F|  |TAMS 0x000000008d800000, 0x000000008d800000| Untracked 
| 217|0x000000008d900000, 0x000000008d900000, 0x000000008da00000|  0%| F|  |TAMS 0x000000008d900000, 0x000000008d900000| Untracked 
| 218|0x000000008da00000, 0x000000008da00000, 0x000000008db00000|  0%| F|  |TAMS 0x000000008da00000, 0x000000008da00000| Untracked 
| 219|0x000000008db00000, 0x000000008db00000, 0x000000008dc00000|  0%| F|  |TAMS 0x000000008db00000, 0x000000008db00000| Untracked 
| 220|0x000000008dc00000, 0x000000008dc00000, 0x000000008dd00000|  0%| F|  |TAMS 0x000000008dc00000, 0x000000008dc00000| Untracked 
| 221|0x000000008dd00000, 0x000000008dd00000, 0x000000008de00000|  0%| F|  |TAMS 0x000000008dd00000, 0x000000008dd00000| Untracked 
| 222|0x000000008de00000, 0x000000008de00000, 0x000000008df00000|  0%| F|  |TAMS 0x000000008de00000, 0x000000008de00000| Untracked 
| 223|0x000000008df00000, 0x000000008df00000, 0x000000008e000000|  0%| F|  |TAMS 0x000000008df00000, 0x000000008df00000| Untracked 
| 224|0x000000008e000000, 0x000000008e000000, 0x000000008e100000|  0%| F|  |TAMS 0x000000008e000000, 0x000000008e000000| Untracked 
| 225|0x000000008e100000, 0x000000008e100000, 0x000000008e200000|  0%| F|  |TAMS 0x000000008e100000, 0x000000008e100000| Untracked 
| 226|0x000000008e200000, 0x000000008e200000, 0x000000008e300000|  0%| F|  |TAMS 0x000000008e200000, 0x000000008e200000| Untracked 
| 227|0x000000008e300000, 0x000000008e300000, 0x000000008e400000|  0%| F|  |TAMS 0x000000008e300000, 0x000000008e300000| Untracked 
| 228|0x000000008e400000, 0x000000008e400000, 0x000000008e500000|  0%| F|  |TAMS 0x000000008e400000, 0x000000008e400000| Untracked 
| 229|0x000000008e500000, 0x000000008e500000, 0x000000008e600000|  0%| F|  |TAMS 0x000000008e500000, 0x000000008e500000| Untracked 
| 230|0x000000008e600000, 0x000000008e600000, 0x000000008e700000|  0%| F|  |TAMS 0x000000008e600000, 0x000000008e600000| Untracked 
| 231|0x000000008e700000, 0x000000008e700000, 0x000000008e800000|  0%| F|  |TAMS 0x000000008e700000, 0x000000008e700000| Untracked 
| 232|0x000000008e800000, 0x000000008e800000, 0x000000008e900000|  0%| F|  |TAMS 0x000000008e800000, 0x000000008e800000| Untracked 
| 233|0x000000008e900000, 0x000000008e900000, 0x000000008ea00000|  0%| F|  |TAMS 0x000000008e900000, 0x000000008e900000| Untracked 
| 234|0x000000008ea00000, 0x000000008ea00000, 0x000000008eb00000|  0%| F|  |TAMS 0x000000008ea00000, 0x000000008ea00000| Untracked 
| 235|0x000000008eb00000, 0x000000008eb00000, 0x000000008ec00000|  0%| F|  |TAMS 0x000000008eb00000, 0x000000008eb00000| Untracked 
| 236|0x000000008ec00000, 0x000000008ec00000, 0x000000008ed00000|  0%| F|  |TAMS 0x000000008ec00000, 0x000000008ec00000| Untracked 
| 237|0x000000008ed00000, 0x000000008ed00000, 0x000000008ee00000|  0%| F|  |TAMS 0x000000008ed00000, 0x000000008ed00000| Untracked 
| 238|0x000000008ee00000, 0x000000008ee00000, 0x000000008ef00000|  0%| F|  |TAMS 0x000000008ee00000, 0x000000008ee00000| Untracked 
| 239|0x000000008ef00000, 0x000000008ef00000, 0x000000008f000000|  0%| F|  |TAMS 0x000000008ef00000, 0x000000008ef00000| Untracked 
| 240|0x000000008f000000, 0x000000008f000000, 0x000000008f100000|  0%| F|  |TAMS 0x000000008f000000, 0x000000008f000000| Untracked 
| 241|0x000000008f100000, 0x000000008f200000, 0x000000008f200000|100%| S|CS|TAMS 0x000000008f100000, 0x000000008f100000| Complete 
| 242|0x000000008f200000, 0x000000008f300000, 0x000000008f300000|100%| S|CS|TAMS 0x000000008f200000, 0x000000008f200000| Complete 
| 243|0x000000008f300000, 0x000000008f400000, 0x000000008f400000|100%| S|CS|TAMS 0x000000008f300000, 0x000000008f300000| Complete 
| 244|0x000000008f400000, 0x000000008f500000, 0x000000008f500000|100%| S|CS|TAMS 0x000000008f400000, 0x000000008f400000| Complete 
| 245|0x000000008f500000, 0x000000008f600000, 0x000000008f600000|100%| S|CS|TAMS 0x000000008f500000, 0x000000008f500000| Complete 
| 246|0x000000008f600000, 0x000000008f600000, 0x000000008f700000|  0%| F|  |TAMS 0x000000008f600000, 0x000000008f600000| Untracked 
| 247|0x000000008f700000, 0x000000008f700000, 0x000000008f800000|  0%| F|  |TAMS 0x000000008f700000, 0x000000008f700000| Untracked 
| 248|0x000000008f800000, 0x000000008f800000, 0x000000008f900000|  0%| F|  |TAMS 0x000000008f800000, 0x000000008f800000| Untracked 
| 249|0x000000008f900000, 0x000000008f900000, 0x000000008fa00000|  0%| F|  |TAMS 0x000000008f900000, 0x000000008f900000| Untracked 
| 250|0x000000008fa00000, 0x000000008fa00000, 0x000000008fb00000|  0%| F|  |TAMS 0x000000008fa00000, 0x000000008fa00000| Untracked 
| 251|0x000000008fb00000, 0x000000008fb00000, 0x000000008fc00000|  0%| F|  |TAMS 0x000000008fb00000, 0x000000008fb00000| Untracked 
| 252|0x000000008fc00000, 0x000000008fc00000, 0x000000008fd00000|  0%| F|  |TAMS 0x000000008fc00000, 0x000000008fc00000| Untracked 
| 253|0x000000008fd00000, 0x000000008fd00000, 0x000000008fe00000|  0%| F|  |TAMS 0x000000008fd00000, 0x000000008fd00000| Untracked 
| 254|0x000000008fe00000, 0x000000008fe00000, 0x000000008ff00000|  0%| F|  |TAMS 0x000000008fe00000, 0x000000008fe00000| Untracked 
| 255|0x000000008ff00000, 0x000000008ff00000, 0x0000000090000000|  0%| F|  |TAMS 0x000000008ff00000, 0x000000008ff00000| Untracked 
| 256|0x0000000090000000, 0x0000000090000000, 0x0000000090100000|  0%| F|  |TAMS 0x0000000090000000, 0x0000000090000000| Untracked 
| 257|0x0000000090100000, 0x0000000090100000, 0x0000000090200000|  0%| F|  |TAMS 0x0000000090100000, 0x0000000090100000| Untracked 
| 258|0x0000000090200000, 0x0000000090200000, 0x0000000090300000|  0%| F|  |TAMS 0x0000000090200000, 0x0000000090200000| Untracked 
| 259|0x0000000090300000, 0x0000000090300000, 0x0000000090400000|  0%| F|  |TAMS 0x0000000090300000, 0x0000000090300000| Untracked 
| 260|0x0000000090400000, 0x0000000090400000, 0x0000000090500000|  0%| F|  |TAMS 0x0000000090400000, 0x0000000090400000| Untracked 
| 261|0x0000000090500000, 0x0000000090500000, 0x0000000090600000|  0%| F|  |TAMS 0x0000000090500000, 0x0000000090500000| Untracked 
| 262|0x0000000090600000, 0x0000000090600000, 0x0000000090700000|  0%| F|  |TAMS 0x0000000090600000, 0x0000000090600000| Untracked 
| 263|0x0000000090700000, 0x0000000090700000, 0x0000000090800000|  0%| F|  |TAMS 0x0000000090700000, 0x0000000090700000| Untracked 
| 264|0x0000000090800000, 0x0000000090800000, 0x0000000090900000|  0%| F|  |TAMS 0x0000000090800000, 0x0000000090800000| Untracked 
| 265|0x0000000090900000, 0x0000000090900000, 0x0000000090a00000|  0%| F|  |TAMS 0x0000000090900000, 0x0000000090900000| Untracked 
| 266|0x0000000090a00000, 0x0000000090a00000, 0x0000000090b00000|  0%| F|  |TAMS 0x0000000090a00000, 0x0000000090a00000| Untracked 
| 267|0x0000000090b00000, 0x0000000090b00000, 0x0000000090c00000|  0%| F|  |TAMS 0x0000000090b00000, 0x0000000090b00000| Untracked 
| 268|0x0000000090c00000, 0x0000000090c00000, 0x0000000090d00000|  0%| F|  |TAMS 0x0000000090c00000, 0x0000000090c00000| Untracked 
| 269|0x0000000090d00000, 0x0000000090d00000, 0x0000000090e00000|  0%| F|  |TAMS 0x0000000090d00000, 0x0000000090d00000| Untracked 
| 270|0x0000000090e00000, 0x0000000090e00000, 0x0000000090f00000|  0%| F|  |TAMS 0x0000000090e00000, 0x0000000090e00000| Untracked 
| 271|0x0000000090f00000, 0x0000000090f00000, 0x0000000091000000|  0%| F|  |TAMS 0x0000000090f00000, 0x0000000090f00000| Untracked 
| 272|0x0000000091000000, 0x0000000091000000, 0x0000000091100000|  0%| F|  |TAMS 0x0000000091000000, 0x0000000091000000| Untracked 
| 273|0x0000000091100000, 0x0000000091100000, 0x0000000091200000|  0%| F|  |TAMS 0x0000000091100000, 0x0000000091100000| Untracked 
| 274|0x0000000091200000, 0x0000000091200000, 0x0000000091300000|  0%| F|  |TAMS 0x0000000091200000, 0x0000000091200000| Untracked 
| 275|0x0000000091300000, 0x0000000091300000, 0x0000000091400000|  0%| F|  |TAMS 0x0000000091300000, 0x0000000091300000| Untracked 
| 276|0x0000000091400000, 0x0000000091400000, 0x0000000091500000|  0%| F|  |TAMS 0x0000000091400000, 0x0000000091400000| Untracked 
| 277|0x0000000091500000, 0x0000000091500000, 0x0000000091600000|  0%| F|  |TAMS 0x0000000091500000, 0x0000000091500000| Untracked 
| 278|0x0000000091600000, 0x0000000091600000, 0x0000000091700000|  0%| F|  |TAMS 0x0000000091600000, 0x0000000091600000| Untracked 
| 279|0x0000000091700000, 0x0000000091700000, 0x0000000091800000|  0%| F|  |TAMS 0x0000000091700000, 0x0000000091700000| Untracked 
| 280|0x0000000091800000, 0x0000000091800000, 0x0000000091900000|  0%| F|  |TAMS 0x0000000091800000, 0x0000000091800000| Untracked 
| 281|0x0000000091900000, 0x0000000091900000, 0x0000000091a00000|  0%| F|  |TAMS 0x0000000091900000, 0x0000000091900000| Untracked 
| 282|0x0000000091a00000, 0x0000000091a00000, 0x0000000091b00000|  0%| F|  |TAMS 0x0000000091a00000, 0x0000000091a00000| Untracked 
| 283|0x0000000091b00000, 0x0000000091b00000, 0x0000000091c00000|  0%| F|  |TAMS 0x0000000091b00000, 0x0000000091b00000| Untracked 

Card table byte_map: [0x000001e59e430000,0x000001e59e830000] _byte_map_base: 0x000001e59e030000

Marking Bits (Prev, Next): (CMBitMap*) 0x000001e58af1b980, (CMBitMap*) 0x000001e58af1b948
 Prev Bits: [0x000001e5a0c30000, 0x000001e5a2c30000)
 Next Bits: [0x000001e59ec30000, 0x000001e5a0c30000)

Polling page: 0x000001e58e9d0000

Metaspace:

Usage:
  Non-class:    120.38 MB capacity,   118.28 MB ( 98%) used,     1.67 MB (  1%) free+waste,   441.88 KB ( <1%) overhead. 
      Class:     17.90 MB capacity,    16.58 MB ( 93%) used,     1.13 MB (  6%) free+waste,   189.00 KB (  1%) overhead. 
       Both:    138.28 MB capacity,   134.86 MB ( 98%) used,     2.80 MB (  2%) free+waste,   630.88 KB ( <1%) overhead. 

Virtual space:
  Non-class space:      122.00 MB reserved,     120.50 MB ( 99%) committed 
      Class space:        1.00 GB reserved,      18.00 MB (  2%) committed 
             Both:        1.12 GB reserved,     138.50 MB ( 12%) committed 

Chunk freelists:
   Non-Class:  54.00 KB
       Class:  10.00 KB
        Both:  64.00 KB

MaxMetaspaceSize: 17179869184.00 GB
CompressedClassSpaceSize: 1.00 GB

CodeHeap 'non-profiled nmethods': size=120064Kb used=24048Kb max_used=24048Kb free=96015Kb
 bounds [0x000001e5964b0000, 0x000001e597c40000, 0x000001e59d9f0000]
CodeHeap 'profiled nmethods': size=120000Kb used=50025Kb max_used=51243Kb free=69974Kb
 bounds [0x000001e58ef80000, 0x000001e592330000, 0x000001e5964b0000]
CodeHeap 'non-nmethods': size=5696Kb used=2382Kb max_used=2470Kb free=3313Kb
 bounds [0x000001e58e9f0000, 0x000001e58ec60000, 0x000001e58ef80000]
 total_blobs=23934 nmethods=22919 adapters=923
 compilation: enabled
              stopped_count=0, restarted_count=0
 full_count=0

Compilation events (20 events):
Event: 3307.948 Thread 0x000001e5ac78d000 nmethod 29009 0x000001e5976e8010 code [0x000001e5976e81c0, 0x000001e5976e83d8]
Event: 3307.948 Thread 0x000001e5ac78d000 29008       4       com.android.tools.r8.internal.i8::a (80 bytes)
Event: 3308.005 Thread 0x000001e5ac78d000 nmethod 29008 0x000001e5976e6590 code [0x000001e5976e6820, 0x000001e5976e7698]
Event: 3308.005 Thread 0x000001e5ac78d000 29000       4       com.android.tools.r8.internal.Uu$b::a (155 bytes)
Event: 3308.083 Thread 0x000001e5a5293800 nmethod 28999 0x000001e5977b3e10 code [0x000001e5977b4400, 0x000001e5977bb2b8]
Event: 3308.084 Thread 0x000001e5a5293800 29001       4       com.android.tools.r8.internal.Uu::a (40 bytes)
Event: 3308.159 Thread 0x000001e5a52bd000 29011   !   3       org.gradle.internal.snapshot.impl.DirectorySnapshotter$PathVisitor::snapshotFile (119 bytes)
Event: 3308.161 Thread 0x000001e5a52bd000 nmethod 29011 0x000001e591387990 code [0x000001e591387d20, 0x000001e5913897f8]
Event: 3308.412 Thread 0x000001e5a52bd000 29012       3       com.android.tools.r8.graph.t::equals (55 bytes)
Event: 3308.413 Thread 0x000001e5a52bd000 nmethod 29012 0x000001e59136e210 code [0x000001e59136e400, 0x000001e59136ea18]
Event: 3308.416 Thread 0x000001e5a52bd000 29016       3       com.android.tools.r8.graph.f0$c::hashCode (11 bytes)
Event: 3308.416 Thread 0x000001e5a52bd000 nmethod 29016 0x000001e591359c90 code [0x000001e591359e60, 0x000001e59135a078]
Event: 3308.421 Thread 0x000001e5a52bd000 29017       3       com.android.tools.r8.graph.Z::e1 (55 bytes)
Event: 3308.421 Thread 0x000001e5a52bd000 nmethod 29017 0x000001e59136db10 code [0x000001e59136dce0, 0x000001e59136e088]
Event: 3308.428 Thread 0x000001e5a52bd000 29018       3       com.android.tools.r8.internal.Gw::a (73 bytes)
Event: 3308.429 Thread 0x000001e5a52bd000 nmethod 29018 0x000001e591387090 code [0x000001e5913872a0, 0x000001e5913877a8]
Event: 3308.432 Thread 0x000001e5a52bd000 29019       3       com.android.tools.r8.graph.u::g (26 bytes)
Event: 3308.432 Thread 0x000001e5a52bd000 nmethod 29019 0x000001e59136d510 code [0x000001e59136d6e0, 0x000001e59136da48]
Event: 3308.551 Thread 0x000001e5ac78d000 nmethod 29000 0x000001e597c2ce10 code [0x000001e597c2d3c0, 0x000001e597c33dd8]
Event: 3308.551 Thread 0x000001e5ac78d000 29013       4       com.android.tools.r8.graph.r::equals (52 bytes)

GC Heap History (20 events):
Event: 3294.684 GC heap after
{Heap after GC invocations=293 (full 0):
 garbage-first heap   total 290816K, used 132538K [0x0000000080000000, 0x0000000100000000)
  region size 1024K, 2 young (2048K), 2 survivors (2048K)
 Metaspace       used 136853K, capacity 140360K, committed 140544K, reserved 1171456K
  class space    used 16853K, capacity 18160K, committed 18176K, reserved 1048576K
}
Event: 3294.793 GC heap before
{Heap before GC invocations=293 (full 0):
 garbage-first heap   total 290816K, used 144826K [0x0000000080000000, 0x0000000100000000)
  region size 1024K, 14 young (14336K), 2 survivors (2048K)
 Metaspace       used 136853K, capacity 140360K, committed 140544K, reserved 1171456K
  class space    used 16853K, capacity 18160K, committed 18176K, reserved 1048576K
}
Event: 3294.803 GC heap after
{Heap after GC invocations=294 (full 0):
 garbage-first heap   total 290816K, used 126794K [0x0000000080000000, 0x0000000100000000)
  region size 1024K, 1 young (1024K), 1 survivors (1024K)
 Metaspace       used 136853K, capacity 140360K, committed 140544K, reserved 1171456K
  class space    used 16853K, capacity 18160K, committed 18176K, reserved 1048576K
}
Event: 3296.126 GC heap before
{Heap before GC invocations=294 (full 0):
 garbage-first heap   total 290816K, used 247626K [0x0000000080000000, 0x0000000100000000)
  region size 1024K, 119 young (121856K), 1 survivors (1024K)
 Metaspace       used 136855K, capacity 140360K, committed 140544K, reserved 1171456K
  class space    used 16853K, capacity 18160K, committed 18176K, reserved 1048576K
}
Event: 3296.130 GC heap after
{Heap after GC invocations=295 (full 0):
 garbage-first heap   total 290816K, used 126988K [0x0000000080000000, 0x0000000100000000)
  region size 1024K, 2 young (2048K), 2 survivors (2048K)
 Metaspace       used 136855K, capacity 140360K, committed 140544K, reserved 1171456K
  class space    used 16853K, capacity 18160K, committed 18176K, reserved 1048576K
}
Event: 3297.399 GC heap before
{Heap before GC invocations=295 (full 0):
 garbage-first heap   total 290816K, used 247820K [0x0000000080000000, 0x0000000100000000)
  region size 1024K, 120 young (122880K), 2 survivors (2048K)
 Metaspace       used 136856K, capacity 140360K, committed 140544K, reserved 1171456K
  class space    used 16853K, capacity 18160K, committed 18176K, reserved 1048576K
}
Event: 3297.407 GC heap after
{Heap after GC invocations=296 (full 0):
 garbage-first heap   total 290816K, used 127308K [0x0000000080000000, 0x0000000100000000)
  region size 1024K, 2 young (2048K), 2 survivors (2048K)
 Metaspace       used 136856K, capacity 140360K, committed 140544K, reserved 1171456K
  class space    used 16853K, capacity 18160K, committed 18176K, reserved 1048576K
}
Event: 3298.388 GC heap before
{Heap before GC invocations=296 (full 0):
 garbage-first heap   total 290816K, used 250188K [0x0000000080000000, 0x0000000100000000)
  region size 1024K, 122 young (124928K), 2 survivors (2048K)
 Metaspace       used 136867K, capacity 140360K, committed 140544K, reserved 1171456K
  class space    used 16853K, capacity 18160K, committed 18176K, reserved 1048576K
}
Event: 3298.394 GC heap after
{Heap after GC invocations=297 (full 0):
 garbage-first heap   total 290816K, used 127957K [0x0000000080000000, 0x0000000100000000)
  region size 1024K, 3 young (3072K), 3 survivors (3072K)
 Metaspace       used 136867K, capacity 140360K, committed 140544K, reserved 1171456K
  class space    used 16853K, capacity 18160K, committed 18176K, reserved 1048576K
}
Event: 3299.694 GC heap before
{Heap before GC invocations=298 (full 0):
 garbage-first heap   total 290816K, used 250837K [0x0000000080000000, 0x0000000100000000)
  region size 1024K, 123 young (125952K), 3 survivors (3072K)
 Metaspace       used 136867K, capacity 140360K, committed 140544K, reserved 1171456K
  class space    used 16853K, capacity 18160K, committed 18176K, reserved 1048576K
}
Event: 3299.708 GC heap after
{Heap after GC invocations=299 (full 0):
 garbage-first heap   total 290816K, used 128197K [0x0000000080000000, 0x0000000100000000)
  region size 1024K, 3 young (3072K), 3 survivors (3072K)
 Metaspace       used 136867K, capacity 140360K, committed 140544K, reserved 1171456K
  class space    used 16853K, capacity 18160K, committed 18176K, reserved 1048576K
}
Event: 3299.835 GC heap before
{Heap before GC invocations=299 (full 0):
 garbage-first heap   total 290816K, used 139461K [0x0000000080000000, 0x0000000100000000)
  region size 1024K, 14 young (14336K), 3 survivors (3072K)
 Metaspace       used 136867K, capacity 140360K, committed 140544K, reserved 1171456K
  class space    used 16853K, capacity 18160K, committed 18176K, reserved 1048576K
}
Event: 3299.844 GC heap after
{Heap after GC invocations=300 (full 0):
 garbage-first heap   total 290816K, used 125447K [0x0000000080000000, 0x0000000100000000)
  region size 1024K, 1 young (1024K), 1 survivors (1024K)
 Metaspace       used 136867K, capacity 140360K, committed 140544K, reserved 1171456K
  class space    used 16853K, capacity 18160K, committed 18176K, reserved 1048576K
}
Event: 3303.233 GC heap before
{Heap before GC invocations=300 (full 0):
 garbage-first heap   total 290816K, used 265735K [0x0000000080000000, 0x0000000100000000)
  region size 1024K, 123 young (125952K), 1 survivors (1024K)
 Metaspace       used 138020K, capacity 141545K, committed 141824K, reserved 1173504K
  class space    used 16984K, capacity 18333K, committed 18432K, reserved 1048576K
}
Event: 3303.274 GC heap after
{Heap after GC invocations=301 (full 0):
 garbage-first heap   total 290816K, used 156430K [0x0000000080000000, 0x0000000100000000)
  region size 1024K, 16 young (16384K), 16 survivors (16384K)
 Metaspace       used 138020K, capacity 141545K, committed 141824K, reserved 1173504K
  class space    used 16984K, capacity 18333K, committed 18432K, reserved 1048576K
}
Event: 3306.059 GC heap before
{Heap before GC invocations=301 (full 0):
 garbage-first heap   total 290816K, used 236302K [0x0000000080000000, 0x0000000100000000)
  region size 1024K, 95 young (97280K), 16 survivors (16384K)
 Metaspace       used 138102K, capacity 141617K, committed 141824K, reserved 1173504K
  class space    used 16985K, capacity 18333K, committed 18432K, reserved 1048576K
}
Event: 3306.149 GC heap after
{Heap after GC invocations=302 (full 0):
 garbage-first heap   total 290816K, used 181199K [0x0000000080000000, 0x0000000100000000)
  region size 1024K, 12 young (12288K), 12 survivors (12288K)
 Metaspace       used 138102K, capacity 141617K, committed 141824K, reserved 1173504K
  class space    used 16985K, capacity 18333K, committed 18432K, reserved 1048576K
}
Event: 3306.379 GC heap before
{Heap before GC invocations=302 (full 0):
 garbage-first heap   total 290816K, used 189391K [0x0000000080000000, 0x0000000100000000)
  region size 1024K, 21 young (21504K), 12 survivors (12288K)
 Metaspace       used 138105K, capacity 141617K, committed 141824K, reserved 1173504K
  class space    used 16985K, capacity 18333K, committed 18432K, reserved 1048576K
}
Event: 3306.407 GC heap after
{Heap after GC invocations=303 (full 0):
 garbage-first heap   total 290816K, used 184320K [0x0000000080000000, 0x0000000100000000)
  region size 1024K, 2 young (2048K), 2 survivors (2048K)
 Metaspace       used 138105K, capacity 141617K, committed 141824K, reserved 1173504K
  class space    used 16985K, capacity 18333K, committed 18432K, reserved 1048576K
}
Event: 3308.552 GC heap before
{Heap before GC invocations=304 (full 0):
 garbage-first heap   total 290816K, used 214016K [0x0000000080000000, 0x0000000100000000)
  region size 1024K, 38 young (38912K), 2 survivors (2048K)
 Metaspace       used 138099K, capacity 141600K, committed 141824K, reserved 1173504K
  class space    used 16982K, capacity 18326K, committed 18432K, reserved 1048576K
}

Deoptimization events (20 events):
Event: 3305.239 Thread 0x000001e5ac2de800 Uncommon trap: trap_request=0xffffffc6 fr.pc=0x000001e596d81cb0 relative=0x0000000000000090
Event: 3305.239 Thread 0x000001e5ac2de800 Uncommon trap: reason=bimorphic_or_optimized_type_check action=maybe_recompile pc=0x000001e596d81cb0 method=com.android.tools.r8.graph.j0$f.b()Z @ 1 c2
Event: 3305.239 Thread 0x000001e5ac2de800 DEOPT PACKING pc=0x000001e596d81cb0 sp=0x0000003df79fdef0
Event: 3305.239 Thread 0x000001e5ac2de800 DEOPT UNPACKING pc=0x000001e58ea178af sp=0x0000003df79fde80 mode 2
Event: 3305.239 Thread 0x000001e5ac2de800 Uncommon trap: trap_request=0xffffffc6 fr.pc=0x000001e596d81cb0 relative=0x0000000000000090
Event: 3305.239 Thread 0x000001e5ac2de800 Uncommon trap: reason=bimorphic_or_optimized_type_check action=maybe_recompile pc=0x000001e596d81cb0 method=com.android.tools.r8.graph.j0$f.b()Z @ 1 c2
Event: 3305.239 Thread 0x000001e5ac2de800 DEOPT PACKING pc=0x000001e596d81cb0 sp=0x0000003df79fdef0
Event: 3305.239 Thread 0x000001e5ac2de800 DEOPT UNPACKING pc=0x000001e58ea178af sp=0x0000003df79fde80 mode 2
Event: 3307.091 Thread 0x000001e5ac2de800 DEOPT PACKING pc=0x000001e58f09f32f sp=0x0000003df79fde00
Event: 3307.091 Thread 0x000001e5ac2de800 DEOPT UNPACKING pc=0x000001e58ea176ce sp=0x0000003df79fd370 mode 0
Event: 3307.131 Thread 0x000001e5ac2de800 Uncommon trap: trap_request=0xffffff4d fr.pc=0x000001e5973a4544 relative=0x0000000000001364
Event: 3307.131 Thread 0x000001e5ac2de800 Uncommon trap: reason=unstable_if action=reinterpret pc=0x000001e5973a4544 method=java.util.concurrent.ForkJoinPool$WorkQueue.lockedPush(Ljava/util/concurrent/ForkJoinTask;)Z @ 85 c2
Event: 3307.131 Thread 0x000001e5ac2de800 DEOPT PACKING pc=0x000001e5973a4544 sp=0x0000003df79fdc50
Event: 3307.131 Thread 0x000001e5ac2de800 DEOPT UNPACKING pc=0x000001e58ea178af sp=0x0000003df79fd8f0 mode 2
Event: 3307.466 Thread 0x000001e5ac787000 DEOPT PACKING pc=0x000001e58f4c4fc9 sp=0x0000003df7efed40
Event: 3307.466 Thread 0x000001e5ac787000 DEOPT UNPACKING pc=0x000001e58ea176ce sp=0x0000003df7efe268 mode 0
Event: 3307.753 Thread 0x000001e5ac787000 DEOPT PACKING pc=0x000001e58f4c4fc9 sp=0x0000003df7efedd0
Event: 3307.753 Thread 0x000001e5ac787000 DEOPT UNPACKING pc=0x000001e58ea176ce sp=0x0000003df7efe2f8 mode 0
Event: 3308.100 Thread 0x000001e5ac787000 DEOPT PACKING pc=0x000001e58f4c4fc9 sp=0x0000003df7efee00
Event: 3308.100 Thread 0x000001e5ac787000 DEOPT UNPACKING pc=0x000001e58ea176ce sp=0x0000003df7efe328 mode 0

Classes redefined (0 events):
No events

Internal exceptions (20 events):
Event: 3292.772 Thread 0x000001e5ac2d5000 Exception <a 'sun/nio/fs/WindowsException'{0x000000008e75b320}> (0x000000008e75b320) thrown at [./src/hotspot/share/prims/jni.cpp, line 615]
Event: 3300.741 Thread 0x000001e5ac2d8000 Exception <a 'sun/nio/fs/WindowsException'{0x000000008df26dd8}> (0x000000008df26dd8) thrown at [./src/hotspot/share/prims/jni.cpp, line 615]
Event: 3301.120 Thread 0x000001e5ac2d9000 Exception <a 'sun/nio/fs/WindowsException'{0x000000008db98f40}> (0x000000008db98f40) thrown at [./src/hotspot/share/prims/jni.cpp, line 615]
Event: 3301.138 Thread 0x000001e5ac2d3800 Exception <a 'sun/nio/fs/WindowsException'{0x000000008d90f570}> (0x000000008d90f570) thrown at [./src/hotspot/share/prims/jni.cpp, line 615]
Event: 3301.252 Thread 0x000001e5ac2de800 Exception <a 'sun/nio/fs/WindowsException'{0x000000008d7f40f0}> (0x000000008d7f40f0) thrown at [./src/hotspot/share/prims/jni.cpp, line 615]
Event: 3301.260 Thread 0x000001e5ac2da800 Exception <a 'sun/nio/fs/WindowsException'{0x000000008d6641d8}> (0x000000008d6641d8) thrown at [./src/hotspot/share/prims/jni.cpp, line 615]
Event: 3302.449 Thread 0x000001e5ac2d9000 Exception <a 'sun/nio/fs/WindowsException'{0x000000008d3b8fa8}> (0x000000008d3b8fa8) thrown at [./src/hotspot/share/prims/jni.cpp, line 615]
Event: 3302.451 Thread 0x000001e5ac2d3800 Exception <a 'sun/nio/fs/WindowsException'{0x000000008b9f8838}> (0x000000008b9f8838) thrown at [./src/hotspot/share/prims/jni.cpp, line 615]
Event: 3302.679 Thread 0x000001e5ac2d9000 Exception <a 'sun/nio/fs/WindowsException'{0x000000008b5b5718}> (0x000000008b5b5718) thrown at [./src/hotspot/share/prims/jni.cpp, line 615]
Event: 3302.820 Thread 0x000001e5ac2da800 Exception <a 'sun/nio/fs/WindowsException'{0x000000008ab0a860}> (0x000000008ab0a860) thrown at [./src/hotspot/share/prims/jni.cpp, line 615]
Event: 3303.577 Thread 0x000001e5ac2d3800 Exception <a 'sun/nio/fs/WindowsException'{0x00000000904b6638}> (0x00000000904b6638) thrown at [./src/hotspot/share/prims/jni.cpp, line 615]
Event: 3303.938 Thread 0x000001e5ac2d9000 Exception <a 'sun/nio/fs/WindowsException'{0x00000000904d14c8}> (0x00000000904d14c8) thrown at [./src/hotspot/share/prims/jni.cpp, line 615]
Event: 3304.330 Thread 0x000001e5ac2d3800 Exception <a 'sun/nio/fs/WindowsException'{0x000000008eab6d80}> (0x000000008eab6d80) thrown at [./src/hotspot/share/prims/jni.cpp, line 615]
Event: 3305.588 Thread 0x000001e5ac2da800 Exception <a 'sun/nio/fs/WindowsException'{0x000000008d7feba8}> (0x000000008d7feba8) thrown at [./src/hotspot/share/prims/jni.cpp, line 615]
Event: 3305.706 Thread 0x000001e5ac2d9000 Exception <a 'sun/nio/fs/WindowsException'{0x000000008dd756f0}> (0x000000008dd756f0) thrown at [./src/hotspot/share/prims/jni.cpp, line 615]
Event: 3306.052 Thread 0x000001e5ac2d3800 Exception <a 'sun/nio/fs/WindowsException'{0x000000008cd7e338}> (0x000000008cd7e338) thrown at [./src/hotspot/share/prims/jni.cpp, line 615]
Event: 3306.055 Thread 0x000001e5ac2da800 Exception <a 'sun/nio/fs/WindowsException'{0x000000008cd8bac8}> (0x000000008cd8bac8) thrown at [./src/hotspot/share/prims/jni.cpp, line 615]
Event: 3306.360 Thread 0x000001e5ac2da800 Exception <a 'sun/nio/fs/WindowsException'{0x0000000091403cd0}> (0x0000000091403cd0) thrown at [./src/hotspot/share/prims/jni.cpp, line 615]
Event: 3306.723 Thread 0x000001e5ac2d3800 Exception <a 'sun/nio/fs/WindowsException'{0x00000000915a5b98}> (0x00000000915a5b98) thrown at [./src/hotspot/share/prims/jni.cpp, line 615]
Event: 3307.619 Thread 0x000001e5ac2d3800 Exception <a 'sun/nio/fs/WindowsException'{0x000000009044e898}> (0x000000009044e898) thrown at [./src/hotspot/share/prims/jni.cpp, line 615]

Events (20 events):
Event: 3305.440 Executing VM operation: RevokeBias done
Event: 3306.022 Executing VM operation: RevokeBias
Event: 3306.042 Executing VM operation: RevokeBias done
Event: 3306.059 Executing VM operation: G1CollectForAllocation
Event: 3306.149 Executing VM operation: G1CollectForAllocation done
Event: 3306.379 Executing VM operation: G1CollectForAllocation
Event: 3306.407 Executing VM operation: G1CollectForAllocation done
Event: 3306.549 Thread 0x000001e5ace0d000 Thread exited: 0x000001e5ace0d000
Event: 3306.641 Executing VM operation: RevokeBias
Event: 3306.642 Executing VM operation: RevokeBias done
Event: 3306.733 Executing VM operation: RevokeBias
Event: 3306.739 Executing VM operation: RevokeBias done
Event: 3307.040 Executing VM operation: CGC_Operation
Event: 3307.081 Executing VM operation: CGC_Operation done
Event: 3307.097 Thread 0x000001e5ac78d000 Thread added: 0x000001e5ac78d000
Event: 3307.383 Executing VM operation: CGC_Operation
Event: 3307.432 Executing VM operation: CGC_Operation done
Event: 3307.520 Executing VM operation: RevokeBias
Event: 3307.521 Executing VM operation: RevokeBias done
Event: 3308.551 Executing VM operation: G1CollectForAllocation


Dynamic libraries:
0x00007ff65a7b0000 - 0x00007ff65a7ba000 	D:\Nam 4\androi\jre\bin\java.exe
0x00007ffbcc6d0000 - 0x00007ffbcc8c5000 	C:\WINDOWS\SYSTEM32\ntdll.dll
0x00007ffbcada0000 - 0x00007ffbcae5e000 	C:\WINDOWS\System32\KERNEL32.DLL
0x00007ffbc9fd0000 - 0x00007ffbca299000 	C:\WINDOWS\System32\KERNELBASE.dll
0x00007ffbc9ed0000 - 0x00007ffbc9fd0000 	C:\WINDOWS\System32\ucrtbase.dll
0x00007ffbbef70000 - 0x00007ffbbef89000 	D:\Nam 4\androi\jre\bin\jli.dll
0x00007ffbcb790000 - 0x00007ffbcb931000 	C:\WINDOWS\System32\USER32.dll
0x00007ffbc9e40000 - 0x00007ffbc9e62000 	C:\WINDOWS\System32\win32u.dll
0x00007ffbcb750000 - 0x00007ffbcb77b000 	C:\WINDOWS\System32\GDI32.dll
0x00007ffbca4e0000 - 0x00007ffbca5eb000 	C:\WINDOWS\System32\gdi32full.dll
0x00007ffbca5f0000 - 0x00007ffbca68d000 	C:\WINDOWS\System32\msvcp_win.dll
0x00007ffbc92e0000 - 0x00007ffbc957a000 	C:\WINDOWS\WinSxS\amd64_microsoft.windows.common-controls_6595b64144ccf1df_6.0.19041.1110_none_60b5254171f9507e\COMCTL32.dll
0x00007ffbcbad0000 - 0x00007ffbcbb6e000 	C:\WINDOWS\System32\msvcrt.dll
0x00007ffbbef50000 - 0x00007ffbbef67000 	D:\Nam 4\androi\jre\bin\VCRUNTIME140.dll
0x00007ffbcc510000 - 0x00007ffbcc540000 	C:\WINDOWS\System32\IMM32.DLL
0x00007ffb91320000 - 0x00007ffb913bd000 	D:\Nam 4\androi\jre\bin\msvcp140.dll
0x00007ffb7cdc0000 - 0x00007ffb7d88f000 	D:\Nam 4\androi\jre\bin\server\jvm.dll
0x00007ffbcbb70000 - 0x00007ffbcbc1c000 	C:\WINDOWS\System32\ADVAPI32.dll
0x00007ffbcab80000 - 0x00007ffbcac1b000 	C:\WINDOWS\System32\sechost.dll
0x00007ffbca720000 - 0x00007ffbca84a000 	C:\WINDOWS\System32\RPCRT4.dll
0x00007ffbcb780000 - 0x00007ffbcb788000 	C:\WINDOWS\System32\PSAPI.DLL
0x00007ffbb36d0000 - 0x00007ffbb36d9000 	C:\WINDOWS\SYSTEM32\WSOCK32.dll
0x00007ffbcaa90000 - 0x00007ffbcaafb000 	C:\WINDOWS\System32\WS2_32.dll
0x00007ffbb7c40000 - 0x00007ffbb7c67000 	C:\WINDOWS\SYSTEM32\WINMM.dll
0x00007ffbc69e0000 - 0x00007ffbc69ea000 	C:\WINDOWS\SYSTEM32\VERSION.dll
0x00007ffbc79a0000 - 0x00007ffbc79b2000 	C:\WINDOWS\SYSTEM32\kernel.appcore.dll
0x00007ffbbed60000 - 0x00007ffbbed71000 	D:\Nam 4\androi\jre\bin\verify.dll
0x00007ffbc9810000 - 0x00007ffbc99f4000 	C:\WINDOWS\SYSTEM32\DBGHELP.DLL
0x00007ffbc9760000 - 0x00007ffbc978c000 	C:\WINDOWS\SYSTEM32\dbgcore.DLL
0x00007ffbca690000 - 0x00007ffbca713000 	C:\WINDOWS\System32\bcryptPrimitives.dll
0x00007ffbb5480000 - 0x00007ffbb54a9000 	D:\Nam 4\androi\jre\bin\java.dll
0x00007ffbbed00000 - 0x00007ffbbed0b000 	D:\Nam 4\androi\jre\bin\jimage.dll
0x00007ffbb5460000 - 0x00007ffbb5478000 	D:\Nam 4\androi\jre\bin\zip.dll
0x00007ffbcae70000 - 0x00007ffbcb5af000 	C:\WINDOWS\System32\SHELL32.dll
0x00007ffbc7120000 - 0x00007ffbc78b0000 	C:\WINDOWS\SYSTEM32\windows.storage.dll
0x00007ffbcbc20000 - 0x00007ffbcbf75000 	C:\WINDOWS\System32\combase.dll
0x00007ffbc9020000 - 0x00007ffbc904c000 	C:\WINDOWS\SYSTEM32\Wldp.dll
0x00007ffbcac20000 - 0x00007ffbcacce000 	C:\WINDOWS\System32\SHCORE.dll
0x00007ffbcab20000 - 0x00007ffbcab75000 	C:\WINDOWS\System32\shlwapi.dll
0x00007ffbc9d30000 - 0x00007ffbc9d4f000 	C:\WINDOWS\SYSTEM32\profapi.dll
0x00007ffbb5440000 - 0x00007ffbb545a000 	D:\Nam 4\androi\jre\bin\net.dll
0x00007ffbb5580000 - 0x00007ffbb5688000 	C:\WINDOWS\SYSTEM32\WINHTTP.dll
0x00007ffbc8e90000 - 0x00007ffbc8efa000 	C:\WINDOWS\system32\mswsock.dll
0x00007ffbb53e0000 - 0x00007ffbb53f4000 	D:\Nam 4\androi\jre\bin\nio.dll
0x00007ffbc4940000 - 0x00007ffbc4967000 	D:\Nam 4\gradle\gradle-7.0.2\native\8bec1ad78214c89d9ad589b4d07fe93259594b29d510b10fafb7a158f7737e5d\windows-amd64\native-platform.dll
0x00007ffb77e40000 - 0x00007ffb77f7d000 	D:\Nam 4\gradle\gradle-7.0.2\native\53dbd7edfb1c66fb8903c78663c9afc45aea4f116125fa6feffd364cf09443e8\windows-amd64\native-platform-file-events.dll
0x00007ffbb5430000 - 0x00007ffbb543a000 	D:\Nam 4\androi\jre\bin\management.dll
0x00007ffbb53d0000 - 0x00007ffbb53dc000 	D:\Nam 4\androi\jre\bin\management_ext.dll
0x00007ffbc9b70000 - 0x00007ffbc9b88000 	C:\WINDOWS\SYSTEM32\CRYPTSP.dll
0x00007ffbc8850000 - 0x00007ffbc8884000 	C:\WINDOWS\system32\rsaenh.dll
0x00007ffbca4b0000 - 0x00007ffbca4d7000 	C:\WINDOWS\System32\bcrypt.dll
0x00007ffbc9cf0000 - 0x00007ffbc9d1e000 	C:\WINDOWS\SYSTEM32\USERENV.dll
0x00007ffbc90d0000 - 0x00007ffbc90dc000 	C:\WINDOWS\SYSTEM32\CRYPTBASE.dll
0x00007ffbc8ba0000 - 0x00007ffbc8bdb000 	C:\WINDOWS\SYSTEM32\IPHLPAPI.DLL
0x00007ffbcc540000 - 0x00007ffbcc548000 	C:\WINDOWS\System32\NSI.dll
0x00007ffbc0030000 - 0x00007ffbc0047000 	C:\WINDOWS\SYSTEM32\dhcpcsvc6.DLL
0x00007ffbc0090000 - 0x00007ffbc00ad000 	C:\WINDOWS\SYSTEM32\dhcpcsvc.DLL
0x00007ffbc8be0000 - 0x00007ffbc8cac000 	C:\WINDOWS\SYSTEM32\DNSAPI.dll
0x00007ffb9f060000 - 0x00007ffb9f087000 	D:\Nam 4\androi\jre\bin\sunec.dll
0x00007ffbc0fe0000 - 0x00007ffbc0fea000 	C:\Windows\System32\rasadhlp.dll
0x00007ffbb54f0000 - 0x00007ffbb556f000 	C:\WINDOWS\System32\fwpuclnt.dll
0x00007ffbc9b30000 - 0x00007ffbc9b63000 	C:\WINDOWS\SYSTEM32\ntmarta.dll
0x00007ffbc66a0000 - 0x00007ffbc6730000 	C:\WINDOWS\system32\apphelp.dll

dbghelp: loaded successfully - version: 4.0.5 - missing functions: none
symbol engine: initialized successfully - sym options: 0x614 - pdb path: .;D:\Nam 4\androi\jre\bin;C:\WINDOWS\SYSTEM32;C:\WINDOWS\WinSxS\amd64_microsoft.windows.common-controls_6595b64144ccf1df_6.0.19041.1110_none_60b5254171f9507e;D:\Nam 4\androi\jre\bin\server;D:\Nam 4\gradle\gradle-7.0.2\native\8bec1ad78214c89d9ad589b4d07fe93259594b29d510b10fafb7a158f7737e5d\windows-amd64;D:\Nam 4\gradle\gradle-7.0.2\native\53dbd7edfb1c66fb8903c78663c9afc45aea4f116125fa6feffd364cf09443e8\windows-amd64

VM Arguments:
jvm_args: --add-opens=java.base/java.util=ALL-UNNAMED --add-opens=java.base/java.lang=ALL-UNNAMED --add-opens=java.base/java.lang.invoke=ALL-UNNAMED --add-opens=java.base/java.util=ALL-UNNAMED --add-opens=java.prefs/java.util.prefs=ALL-UNNAMED --add-opens=java.prefs/java.util.prefs=ALL-UNNAMED --add-opens=java.base/java.nio.charset=ALL-UNNAMED --add-opens=java.base/java.net=ALL-UNNAMED --add-opens=java.base/java.util.concurrent.atomic=ALL-UNNAMED -Xmx2048m -Dfile.encoding=UTF-8 -Duser.country=US -Duser.language=en -Duser.variant 
java_command: org.gradle.launcher.daemon.bootstrap.GradleDaemon 7.0.2
java_class_path (initial): D:\Nam 4\gradle\gradle-7.0.2\wrapper\dists\gradle-7.0.2-bin\857tjihv64xamwrf0h14cai3r\gradle-7.0.2\lib\gradle-launcher-7.0.2.jar
Launcher Type: SUN_STANDARD

[Global flags]
     intx CICompilerCount                          = 3                                         {product} {ergonomic}
     uint ConcGCThreads                            = 1                                         {product} {ergonomic}
     uint G1ConcRefinementThreads                  = 4                                         {product} {ergonomic}
   size_t G1HeapRegionSize                         = 1048576                                   {product} {ergonomic}
    uintx GCDrainStackTargetSize                   = 64                                        {product} {ergonomic}
   size_t InitialHeapSize                          = 134217728                                 {product} {ergonomic}
   size_t MarkStackSize                            = 4194304                                   {product} {ergonomic}
   size_t MaxHeapSize                              = 2147483648                                {product} {command line}
   size_t MaxNewSize                               = 1287651328                                {product} {ergonomic}
   size_t MinHeapDeltaBytes                        = 1048576                                   {product} {ergonomic}
    uintx NonNMethodCodeHeapSize                   = 5830732                                {pd product} {ergonomic}
    uintx NonProfiledCodeHeapSize                  = 122913754                              {pd product} {ergonomic}
    uintx ProfiledCodeHeapSize                     = 122913754                              {pd product} {ergonomic}
    uintx ReservedCodeCacheSize                    = 251658240                              {pd product} {ergonomic}
     bool SegmentedCodeCache                       = true                                      {product} {ergonomic}
     bool UseCompressedClassPointers               = true                                 {lp64_product} {ergonomic}
     bool UseCompressedOops                        = true                                 {lp64_product} {ergonomic}
     bool UseG1GC                                  = true                                      {product} {ergonomic}
     bool UseLargePagesIndividualAllocation        = false                                  {pd product} {ergonomic}

Logging:
Log output configuration:
 #0: stdout all=warning uptime,level,tags
 #1: stderr all=off uptime,level,tags

Environment Variables:
PATH=C:\WINDOWS\system32;C:\WINDOWS;C:\WINDOWS\System32\Wbem;C:\WINDOWS\System32\WindowsPowerShell\v1.0\;C:\WINDOWS\System32\OpenSSH\;C:\Program Files (x86)\Microsoft SQL Server\110\Tools\Binn\;C:\Program Files\Microsoft SQL Server\110\Tools\Binn\;C:\Program Files\Microsoft SQL Server\110\DTS\Binn\;C:\Program Files (x86)\Microsoft SQL Server\110\Tools\Binn\ManagementStudio\;C:\Program Files (x86)\Microsoft Visual Studio 10.0\Common7\IDE\PrivateAssemblies\;C:\Program Files (x86)\Microsoft SQL Server\110\DTS\Binn\;C:\Program Files\Java\jdk-11.0.1\bin;C:\Program Files\dotnet\;C:\Program Files\Microsoft SQL Server\130\Tools\Binn\;C:\Program Files\Microsoft SQL Server\Client SDK\ODBC\170\Tools\Binn\;C:\Program Files\Git\cmd;C:\Program Files\nodejs\;C:\Users\Loc DEV\AppData\Roaming\npm;C:\Program Files\nodejs\;C:\Program Files\MySQL\MySQL Shell 8.0\bin\;C:\Users\Loc DEV\AppData\Local\Microsoft\WindowsApps;C:\Users\Loc DEV\.dotnet\tools;C:\Users\Loc DEV\AppData\Roaming\npm;C:\Users\Loc DEV\AppData\Local\Programs\Microsoft VS Code\bin;C:\Program Files\nodejs\;C:\Users\Loc DEV\AppData\Roaming\npm;C:\Program Files\nodejs\;
USERNAME=Loc DEV
OS=Windows_NT
PROCESSOR_IDENTIFIER=Intel64 Family 6 Model 142 Stepping 9, GenuineIntel



---------------  S Y S T E M  ---------------

OS: Windows 10 , 64 bit Build 19041 (10.0.19041.1202)
OS uptime: 0 days 1:12 hours

CPU:total 4 (initial active 4) (2 cores per cpu, 2 threads per core) family 6 model 142 stepping 9 microcode 0xb4, cmov, cx8, fxsr, mmx, sse, sse2, sse3, ssse3, sse4.1, sse4.2, popcnt, avx, avx2, aes, clmul, erms, 3dnowpref, lzcnt, ht, tsc, tscinvbit, bmi1, bmi2, adx, fma

Memory: 4k page, system-wide physical 8090M (501M free)
TotalPageFile size 12186M (AvailPageFile size 47M)
current process WorkingSet (physical memory assigned to process): 641M, peak: 660M
current process commit charge ("private bytes"): 743M, peak: 803M

vm_info: OpenJDK 64-Bit Server VM (11.0.10+0-b96-7249189) for windows-amd64 JRE (11.0.10+0-b96-7249189), built on Mar 31 2021 21:44:00 by "builder" with MS VC++ 14.0 (VS2015)

END.
