#
# There is insufficient memory for the Java Runtime Environment to continue.
# Native memory allocation (malloc) failed to allocate 1241136 bytes for Chunk::new
# Possible reasons:
#   The system is out of physical RAM or swap space
#   The process is running with CompressedOops enabled, and the Java Heap may be blocking the growth of the native heap
# Possible solutions:
#   Reduce memory load on the system
#   Increase physical memory or swap space
#   Check if swap backing store is full
#   Decrease Java heap size (-Xmx/-Xms)
#   Decrease number of Java threads
#   Decrease Java thread stack sizes (-Xss)
#   Set larger code cache with -XX:ReservedCodeCacheSize=
#   JVM is running with Unscaled Compressed Oops mode in which the Java heap is
#     placed in the first 4GB address space. The Java Heap base address is the
#     maximum limit for the native heap growth. Please use -XX:HeapBaseMinAddress
#     to set the Java Heap base and to place the Java Heap above 4GB virtual address.
# This output file may be truncated or incomplete.
#
#  Out of Memory Error (./src/hotspot/share/memory/arena.cpp:197), pid=4888, tid=9412
#
# JRE version: OpenJDK Runtime Environment (11.0.10) (build 11.0.10+0-b96-7249189)
# Java VM: OpenJDK 64-Bit Server VM (11.0.10+0-b96-7249189, mixed mode, tiered, compressed oops, g1 gc, windows-amd64)
# No core dump will be written. Minidumps are not enabled by default on client versions of Windows
#

---------------  S U M M A R Y ------------

Command Line: --add-opens=java.base/java.util=ALL-UNNAMED --add-opens=java.base/java.lang=ALL-UNNAMED --add-opens=java.base/java.lang.invoke=ALL-UNNAMED --add-opens=java.base/java.util=ALL-UNNAMED --add-opens=java.prefs/java.util.prefs=ALL-UNNAMED --add-opens=java.prefs/java.util.prefs=ALL-UNNAMED --add-opens=java.base/java.nio.charset=ALL-UNNAMED --add-opens=java.base/java.net=ALL-UNNAMED --add-opens=java.base/java.util.concurrent.atomic=ALL-UNNAMED -Xmx2048m -Dfile.encoding=UTF-8 -Duser.country=US -Duser.language=en -Duser.variant org.gradle.launcher.daemon.bootstrap.GradleDaemon 7.0.2

Host: Intel(R) Core(TM) i5-7200U CPU @ 2.50GHz, 4 cores, 7G,  Windows 10 , 64 bit Build 19041 (10.0.19041.1202)
Time: Fri Oct 15 16:46:34 2021 SE Asia Standard Time elapsed time: 142.807843 seconds (0d 0h 2m 22s)

---------------  T H R E A D  ---------------

Current thread (0x0000021de961a800):  JavaThread "C2 CompilerThread1" daemon [_thread_in_native, id=9412, stack(0x0000002924800000,0x0000002924900000)]


Current CompileTask:
C2: 142808 17366       4       org.objectweb.asm.ClassReader::readMethod (1061 bytes)

Stack: [0x0000002924800000,0x0000002924900000]
Native frames: (J=compiled Java code, j=interpreted, Vv=VM code, C=native code)
V  [jvm.dll+0x5ecfaa]
V  [jvm.dll+0x722bd5]
V  [jvm.dll+0x72412d]
V  [jvm.dll+0x7247e3]
V  [jvm.dll+0x242928]
V  [jvm.dll+0xbc4fc]
V  [jvm.dll+0xbca0c]
V  [jvm.dll+0x352d3b]
V  [jvm.dll+0x197e0c]
V  [jvm.dll+0x1fb70e]
V  [jvm.dll+0x1fa7f4]
V  [jvm.dll+0x18354c]
V  [jvm.dll+0x208ee7]
V  [jvm.dll+0x207731]
V  [jvm.dll+0x6eb1cf]
V  [jvm.dll+0x6e3d45]
V  [jvm.dll+0x5ebe96]
C  [ucrtbase.dll+0x21bb2]
C  [KERNEL32.DLL+0x17034]
C  [ntdll.dll+0x52651]


---------------  P R O C E S S  ---------------

Threads class SMR info:
_java_thread_list=0x0000021dee8ea310, length=54, elements={
0x0000021dc890a800, 0x0000021de442f000, 0x0000021de4430000, 0x0000021de444b000,
0x0000021de444d000, 0x0000021de444e800, 0x0000021de4455000, 0x0000021de4456000,
0x0000021de445f800, 0x0000021de4f09800, 0x0000021de62ff000, 0x0000021de7231800,
0x0000021de66f3000, 0x0000021de648b000, 0x0000021de52f7800, 0x0000021de601e000,
0x0000021de5cd5000, 0x0000021de633f000, 0x0000021de62e7000, 0x0000021de62e8000,
0x0000021de62e3000, 0x0000021de62e4800, 0x0000021de62e4000, 0x0000021de62e5800,
0x0000021de62e9000, 0x0000021de62e6800, 0x0000021de62e9800, 0x0000021de77cc000,
0x0000021de77cd800, 0x0000021de77d0000, 0x0000021de77d1000, 0x0000021de77d2800,
0x0000021de77d3800, 0x0000021de77d4000, 0x0000021de77ce800, 0x0000021de77cf000,
0x0000021de77da800, 0x0000021de77da000, 0x0000021de77d8000, 0x0000021de77d5000,
0x0000021de77d5800, 0x0000021de77d7800, 0x0000021de77d9000, 0x0000021de8c54000,
0x0000021de8c56800, 0x0000021de8c57800, 0x0000021de8c52800, 0x0000021de8c55000,
0x0000021de8c58800, 0x0000021de8c53800, 0x0000021de8c5b800, 0x0000021de8c5a000,
0x0000021de8c5b000, 0x0000021de961a800
}

Java Threads: ( => current thread )
  0x0000021dc890a800 JavaThread "main" [_thread_blocked, id=3500, stack(0x0000002921700000,0x0000002921800000)]
  0x0000021de442f000 JavaThread "Reference Handler" daemon [_thread_blocked, id=9896, stack(0x0000002921e00000,0x0000002921f00000)]
  0x0000021de4430000 JavaThread "Finalizer" daemon [_thread_blocked, id=9408, stack(0x0000002921f00000,0x0000002922000000)]
  0x0000021de444b000 JavaThread "Signal Dispatcher" daemon [_thread_blocked, id=8044, stack(0x0000002922000000,0x0000002922100000)]
  0x0000021de444d000 JavaThread "Attach Listener" daemon [_thread_blocked, id=10776, stack(0x0000002922100000,0x0000002922200000)]
  0x0000021de444e800 JavaThread "Service Thread" daemon [_thread_blocked, id=9756, stack(0x0000002922200000,0x0000002922300000)]
  0x0000021de4455000 JavaThread "C2 CompilerThread0" daemon [_thread_in_native, id=10652, stack(0x0000002922300000,0x0000002922400000)]
  0x0000021de4456000 JavaThread "C1 CompilerThread0" daemon [_thread_blocked, id=11420, stack(0x0000002922400000,0x0000002922500000)]
  0x0000021de445f800 JavaThread "Sweeper thread" daemon [_thread_blocked, id=2972, stack(0x0000002922500000,0x0000002922600000)]
  0x0000021de4f09800 JavaThread "Common-Cleaner" daemon [_thread_blocked, id=13100, stack(0x0000002922600000,0x0000002922700000)]
  0x0000021de62ff000 JavaThread "Daemon health stats" [_thread_blocked, id=1728, stack(0x0000002922a00000,0x0000002922b00000)]
  0x0000021de7231800 JavaThread "Incoming local TCP Connector on port 65197" [_thread_in_native, id=11392, stack(0x0000002922b00000,0x0000002922c00000)]
  0x0000021de66f3000 JavaThread "Daemon periodic checks" [_thread_blocked, id=9724, stack(0x0000002922c00000,0x0000002922d00000)]
  0x0000021de648b000 JavaThread "Daemon" [_thread_blocked, id=8416, stack(0x0000002922d00000,0x0000002922e00000)]
  0x0000021de52f7800 JavaThread "Handler for socket connection from /127.0.0.1:65197 to /127.0.0.1:65198" [_thread_in_native, id=4104, stack(0x0000002922e00000,0x0000002922f00000)]
  0x0000021de601e000 JavaThread "Cancel handler" [_thread_blocked, id=4116, stack(0x0000002922f00000,0x0000002923000000)]
  0x0000021de5cd5000 JavaThread "Daemon worker" [_thread_blocked, id=2432, stack(0x0000002923000000,0x0000002923100000)]
  0x0000021de633f000 JavaThread "Asynchronous log dispatcher for DefaultDaemonConnection: socket connection from /127.0.0.1:65197 to /127.0.0.1:65198" [_thread_blocked, id=12792, stack(0x0000002923100000,0x0000002923200000)]
  0x0000021de62e7000 JavaThread "Daemon client event forwarder" [_thread_blocked, id=12756, stack(0x0000002923300000,0x0000002923400000)]
  0x0000021de62e8000 JavaThread "Cache worker for file hash cache (D:\Nam 4\gradle\gradle-7.0.2\caches\7.0.2\fileHashes)" [_thread_blocked, id=8168, stack(0x0000002923500000,0x0000002923600000)]
  0x0000021de62e3000 JavaThread "File lock request listener" [_thread_in_native, id=12568, stack(0x0000002923600000,0x0000002923700000)]
  0x0000021de62e4800 JavaThread "Cache worker for journal cache (D:\Nam 4\gradle\gradle-7.0.2\caches\journal-1)" [_thread_blocked, id=10228, stack(0x0000002923700000,0x0000002923800000)]
  0x0000021de62e4000 JavaThread "Cache worker for file hash cache (D:\Androi\8-18090131-NguyenHuuLoc\.gradle\7.0.2\fileHashes)" [_thread_in_native, id=928, stack(0x0000002923800000,0x0000002923900000)]
  0x0000021de62e5800 JavaThread "File watcher server" daemon [_thread_in_native, id=13120, stack(0x0000002923a00000,0x0000002923b00000)]
  0x0000021de62e9000 JavaThread "File watcher consumer" daemon [_thread_blocked, id=6420, stack(0x0000002923900000,0x0000002923a00000)]
  0x0000021de62e6800 JavaThread "Cache worker for checksums cache (D:\Androi\8-18090131-NguyenHuuLoc\.gradle\checksums)" [_thread_blocked, id=8336, stack(0x0000002923b00000,0x0000002923c00000)]
  0x0000021de62e9800 JavaThread "Cache worker for cache directory md-supplier (D:\Nam 4\gradle\gradle-7.0.2\caches\7.0.2\md-supplier)" [_thread_blocked, id=4120, stack(0x0000002923c00000,0x0000002923d00000)]
  0x0000021de77cc000 JavaThread "Cache worker for cache directory md-rule (D:\Nam 4\gradle\gradle-7.0.2\caches\7.0.2\md-rule)" [_thread_blocked, id=11344, stack(0x0000002923d00000,0x0000002923e00000)]
  0x0000021de77cd800 JavaThread "Cache worker for execution history cache (D:\Nam 4\gradle\gradle-7.0.2\caches\7.0.2\executionHistory)" [_thread_blocked, id=9728, stack(0x0000002923f00000,0x0000002924000000)]
  0x0000021de77d0000 JavaThread "jar transforms" [_thread_blocked, id=11704, stack(0x0000002924000000,0x0000002924100000)]
  0x0000021de77d1000 JavaThread "jar transforms Thread 2" [_thread_blocked, id=12232, stack(0x0000002924100000,0x0000002924200000)]
  0x0000021de77d2800 JavaThread "Cache worker for file content cache (D:\Nam 4\gradle\gradle-7.0.2\caches\7.0.2\fileContent)" [_thread_blocked, id=6548, stack(0x0000002924200000,0x0000002924300000)]
  0x0000021de77d3800 JavaThread "Cache worker for dependencies-accessors (D:\Androi\8-18090131-NguyenHuuLoc\.gradle\7.0.2\dependencies-accessors)" [_thread_blocked, id=4940, stack(0x0000002924300000,0x0000002924400000)]
  0x0000021de77d4000 JavaThread "jar transforms Thread 3" [_thread_blocked, id=9900, stack(0x0000002924400000,0x0000002924500000)]
  0x0000021de77ce800 JavaThread "Cache worker for Build Output Cleanup Cache (D:\Androi\8-18090131-NguyenHuuLoc\.gradle\buildOutputCleanup)" [_thread_blocked, id=12380, stack(0x0000002923e00000,0x0000002923f00000)]
  0x0000021de77cf000 JavaThread "Build operations" [_thread_blocked, id=9732, stack(0x0000002921400000,0x0000002921500000)]
  0x0000021de77da800 JavaThread "Build operations Thread 2" [_thread_blocked, id=3228, stack(0x0000002924500000,0x0000002924600000)]
  0x0000021de77da000 JavaThread "Build operations Thread 3" [_thread_blocked, id=1320, stack(0x0000002924600000,0x0000002924700000)]
  0x0000021de77d8000 JavaThread "Build operations Thread 4" [_thread_blocked, id=5420, stack(0x0000002924700000,0x0000002924800000)]
  0x0000021de77d5000 JavaThread "jar transforms Thread 4" [_thread_blocked, id=6712, stack(0x0000002924900000,0x0000002924a00000)]
  0x0000021de77d5800 JavaThread "Memory manager" [_thread_blocked, id=12004, stack(0x0000002924c00000,0x0000002924d00000)]
  0x0000021de77d7800 JavaThread "build event listener" [_thread_blocked, id=5056, stack(0x0000002924d00000,0x0000002924e00000)]
  0x0000021de77d9000 JavaThread "Execution worker for ':'" [_thread_blocked, id=3800, stack(0x0000002924e00000,0x0000002924f00000)]
  0x0000021de8c54000 JavaThread "Execution worker for ':' Thread 2" [_thread_blocked, id=6816, stack(0x0000002924f00000,0x0000002925000000)]
  0x0000021de8c56800 JavaThread "Execution worker for ':' Thread 3" [_thread_blocked, id=8424, stack(0x0000002925000000,0x0000002925100000)]
  0x0000021de8c57800 JavaThread "Cache worker for execution history cache (D:\Androi\8-18090131-NguyenHuuLoc\.gradle\7.0.2\executionHistory)" [_thread_blocked, id=6244, stack(0x0000002925100000,0x0000002925200000)]
  0x0000021de8c52800 JavaThread "WorkerExecutor Queue Thread 2" [_thread_blocked, id=12572, stack(0x0000002921600000,0x0000002921700000)]
  0x0000021de8c55000 JavaThread "WorkerExecutor Queue Thread 3" [_thread_blocked, id=7464, stack(0x0000002925200000,0x0000002925300000)]
  0x0000021de8c58800 JavaThread "WorkerExecutor Queue Thread 4" [_thread_blocked, id=13104, stack(0x0000002923200000,0x0000002923300000)]
  0x0000021de8c53800 JavaThread "WorkerExecutor Queue Thread 5" [_thread_blocked, id=7460, stack(0x0000002924b00000,0x0000002924c00000)]
  0x0000021de8c5b800 JavaThread "pool-3-thread-1" [_thread_blocked, id=4692, stack(0x0000002925300000,0x0000002925400000)]
  0x0000021de8c5a000 JavaThread "stderr" [_thread_in_native, id=3468, stack(0x0000002921500000,0x0000002921600000)]
  0x0000021de8c5b000 JavaThread "stdout" [_thread_in_native, id=13076, stack(0x0000002925400000,0x0000002925500000)]
=>0x0000021de961a800 JavaThread "C2 CompilerThread1" daemon [_thread_in_native, id=9412, stack(0x0000002924800000,0x0000002924900000)]

Other Threads:
  0x0000021de4429000 VMThread "VM Thread" [stack: 0x0000002921d00000,0x0000002921e00000] [id=5700]
  0x0000021de4f4b800 WatcherThread [stack: 0x0000002922700000,0x0000002922800000] [id=12800]
  0x0000021dc8923000 GCTaskThread "GC Thread#0" [stack: 0x0000002921800000,0x0000002921900000] [id=1476]
  0x0000021de53c5000 GCTaskThread "GC Thread#1" [stack: 0x0000002922800000,0x0000002922900000] [id=5196]
  0x0000021de503e000 GCTaskThread "GC Thread#2" [stack: 0x0000002922900000,0x0000002922a00000] [id=9768]
  0x0000021de601b000 GCTaskThread "GC Thread#3" [stack: 0x0000002923400000,0x0000002923500000] [id=11804]
  0x0000021dc8954800 ConcurrentGCThread "G1 Main Marker" [stack: 0x0000002921900000,0x0000002921a00000] [id=8152]
  0x0000021dc8956800 ConcurrentGCThread "G1 Conc#0" [stack: 0x0000002921a00000,0x0000002921b00000] [id=2460]
  0x0000021dc89e3000 ConcurrentGCThread "G1 Refine#0" [stack: 0x0000002921b00000,0x0000002921c00000] [id=3620]
  0x0000021dc89e4000 ConcurrentGCThread "G1 Young RemSet Sampling" [stack: 0x0000002921c00000,0x0000002921d00000] [id=4900]

Threads with active compile tasks:
C2 CompilerThread0 142881 17375       4       org.objectweb.asm.ClassReader::readCode (5109 bytes)
C2 CompilerThread1 142881 17366       4       org.objectweb.asm.ClassReader::readMethod (1061 bytes)

VM state:not at safepoint (normal execution)

VM Mutex/Monitor currently owned by a thread: None

Heap address: 0x0000000080000000, size: 2048 MB, Compressed Oops mode: 32-bit
Narrow klass base: 0x0000000000000000, Narrow klass shift: 3
Compressed class space size: 1073741824 Address: 0x0000000100000000

Heap:
 garbage-first heap   total 277504K, used 182595K [0x0000000080000000, 0x0000000100000000)
  region size 1024K, 25 young (25600K), 4 survivors (4096K)
 Metaspace       used 105236K, capacity 108046K, committed 108200K, reserved 1142784K
  class space    used 13394K, capacity 14395K, committed 14412K, reserved 1048576K
Heap Regions: E=young(eden), S=young(survivor), O=old, HS=humongous(starts), HC=humongous(continues), CS=collection set, F=free, A=archive, TAMS=top-at-mark-start (previous, next)
|   0|0x0000000080000000, 0x0000000080100000, 0x0000000080100000|100%|HS|  |TAMS 0x0000000080100000, 0x0000000080000000| Complete 
|   1|0x0000000080100000, 0x0000000080200000, 0x0000000080200000|100%|HC|  |TAMS 0x0000000080200000, 0x0000000080100000| Complete 
|   2|0x0000000080200000, 0x0000000080300000, 0x0000000080300000|100%|HC|  |TAMS 0x0000000080300000, 0x0000000080200000| Complete 
|   3|0x0000000080300000, 0x0000000080400000, 0x0000000080400000|100%| O|  |TAMS 0x0000000080400000, 0x0000000080300000| Untracked 
|   4|0x0000000080400000, 0x0000000080500000, 0x0000000080500000|100%| O|  |TAMS 0x0000000080500000, 0x0000000080400000| Untracked 
|   5|0x0000000080500000, 0x0000000080600000, 0x0000000080600000|100%| O|  |TAMS 0x0000000080600000, 0x0000000080500000| Untracked 
|   6|0x0000000080600000, 0x0000000080700000, 0x0000000080700000|100%| O|  |TAMS 0x0000000080700000, 0x0000000080600000| Untracked 
|   7|0x0000000080700000, 0x0000000080800000, 0x0000000080800000|100%| O|  |TAMS 0x0000000080800000, 0x0000000080700000| Untracked 
|   8|0x0000000080800000, 0x0000000080900000, 0x0000000080900000|100%| O|  |TAMS 0x0000000080900000, 0x0000000080800000| Untracked 
|   9|0x0000000080900000, 0x0000000080a00000, 0x0000000080a00000|100%| O|  |TAMS 0x0000000080a00000, 0x0000000080900000| Untracked 
|  10|0x0000000080a00000, 0x0000000080b00000, 0x0000000080b00000|100%| O|  |TAMS 0x0000000080b00000, 0x0000000080a00000| Untracked 
|  11|0x0000000080b00000, 0x0000000080c00000, 0x0000000080c00000|100%| O|  |TAMS 0x0000000080c00000, 0x0000000080b00000| Untracked 
|  12|0x0000000080c00000, 0x0000000080d00000, 0x0000000080d00000|100%| O|  |TAMS 0x0000000080d00000, 0x0000000080c00000| Untracked 
|  13|0x0000000080d00000, 0x0000000080e00000, 0x0000000080e00000|100%| O|  |TAMS 0x0000000080e00000, 0x0000000080d00000| Untracked 
|  14|0x0000000080e00000, 0x0000000080f00000, 0x0000000080f00000|100%| O|  |TAMS 0x0000000080f00000, 0x0000000080e00000| Untracked 
|  15|0x0000000080f00000, 0x0000000081000000, 0x0000000081000000|100%| O|  |TAMS 0x0000000081000000, 0x0000000080f00000| Untracked 
|  16|0x0000000081000000, 0x0000000081100000, 0x0000000081100000|100%| O|  |TAMS 0x0000000081100000, 0x0000000081000000| Untracked 
|  17|0x0000000081100000, 0x0000000081200000, 0x0000000081200000|100%| O|  |TAMS 0x0000000081200000, 0x0000000081100000| Untracked 
|  18|0x0000000081200000, 0x0000000081300000, 0x0000000081300000|100%| O|  |TAMS 0x0000000081300000, 0x0000000081200000| Untracked 
|  19|0x0000000081300000, 0x0000000081400000, 0x0000000081400000|100%|HS|  |TAMS 0x0000000081400000, 0x0000000081300000| Complete 
|  20|0x0000000081400000, 0x0000000081500000, 0x0000000081500000|100%| O|  |TAMS 0x0000000081500000, 0x0000000081400000| Untracked 
|  21|0x0000000081500000, 0x0000000081600000, 0x0000000081600000|100%| O|  |TAMS 0x0000000081600000, 0x0000000081500000| Untracked 
|  22|0x0000000081600000, 0x0000000081700000, 0x0000000081700000|100%| O|  |TAMS 0x0000000081700000, 0x0000000081600000| Untracked 
|  23|0x0000000081700000, 0x0000000081800000, 0x0000000081800000|100%| O|  |TAMS 0x0000000081800000, 0x0000000081700000| Untracked 
|  24|0x0000000081800000, 0x0000000081900000, 0x0000000081900000|100%|HS|  |TAMS 0x0000000081900000, 0x0000000081800000| Complete 
|  25|0x0000000081900000, 0x0000000081a00000, 0x0000000081a00000|100%|HS|  |TAMS 0x0000000081a00000, 0x0000000081900000| Complete 
|  26|0x0000000081a00000, 0x0000000081b00000, 0x0000000081b00000|100%|HC|  |TAMS 0x0000000081b00000, 0x0000000081a00000| Complete 
|  27|0x0000000081b00000, 0x0000000081c00000, 0x0000000081c00000|100%| O|  |TAMS 0x0000000081c00000, 0x0000000081b00000| Untracked 
|  28|0x0000000081c00000, 0x0000000081d00000, 0x0000000081d00000|100%| O|  |TAMS 0x0000000081d00000, 0x0000000081c00000| Untracked 
|  29|0x0000000081d00000, 0x0000000081e00000, 0x0000000081e00000|100%| O|  |TAMS 0x0000000081e00000, 0x0000000081d00000| Untracked 
|  30|0x0000000081e00000, 0x0000000081f00000, 0x0000000081f00000|100%| O|  |TAMS 0x0000000081f00000, 0x0000000081e00000| Untracked 
|  31|0x0000000081f00000, 0x0000000082000000, 0x0000000082000000|100%| O|  |TAMS 0x0000000082000000, 0x0000000081f00000| Untracked 
|  32|0x0000000082000000, 0x0000000082100000, 0x0000000082100000|100%| O|  |TAMS 0x0000000082100000, 0x0000000082000000| Untracked 
|  33|0x0000000082100000, 0x0000000082200000, 0x0000000082200000|100%| O|  |TAMS 0x0000000082200000, 0x0000000082100000| Untracked 
|  34|0x0000000082200000, 0x0000000082300000, 0x0000000082300000|100%| O|  |TAMS 0x0000000082300000, 0x0000000082200000| Untracked 
|  35|0x0000000082300000, 0x0000000082400000, 0x0000000082400000|100%| O|  |TAMS 0x0000000082400000, 0x0000000082300000| Untracked 
|  36|0x0000000082400000, 0x0000000082500000, 0x0000000082500000|100%| O|  |TAMS 0x0000000082500000, 0x0000000082400000| Untracked 
|  37|0x0000000082500000, 0x0000000082600000, 0x0000000082600000|100%| O|  |TAMS 0x0000000082600000, 0x0000000082500000| Untracked 
|  38|0x0000000082600000, 0x0000000082700000, 0x0000000082700000|100%| O|  |TAMS 0x0000000082700000, 0x0000000082600000| Untracked 
|  39|0x0000000082700000, 0x0000000082800000, 0x0000000082800000|100%| O|  |TAMS 0x0000000082800000, 0x0000000082700000| Untracked 
|  40|0x0000000082800000, 0x0000000082900000, 0x0000000082900000|100%| O|  |TAMS 0x0000000082900000, 0x0000000082800000| Untracked 
|  41|0x0000000082900000, 0x0000000082a00000, 0x0000000082a00000|100%| O|  |TAMS 0x0000000082a00000, 0x0000000082900000| Untracked 
|  42|0x0000000082a00000, 0x0000000082b00000, 0x0000000082b00000|100%| O|  |TAMS 0x0000000082b00000, 0x0000000082a00000| Untracked 
|  43|0x0000000082b00000, 0x0000000082c00000, 0x0000000082c00000|100%| O|  |TAMS 0x0000000082c00000, 0x0000000082b00000| Untracked 
|  44|0x0000000082c00000, 0x0000000082d00000, 0x0000000082d00000|100%| O|  |TAMS 0x0000000082d00000, 0x0000000082c00000| Untracked 
|  45|0x0000000082d00000, 0x0000000082e00000, 0x0000000082e00000|100%| O|  |TAMS 0x0000000082e00000, 0x0000000082d00000| Untracked 
|  46|0x0000000082e00000, 0x0000000082f00000, 0x0000000082f00000|100%| O|  |TAMS 0x0000000082f00000, 0x0000000082e00000| Untracked 
|  47|0x0000000082f00000, 0x0000000083000000, 0x0000000083000000|100%| O|  |TAMS 0x0000000083000000, 0x0000000082f00000| Untracked 
|  48|0x0000000083000000, 0x0000000083100000, 0x0000000083100000|100%| O|  |TAMS 0x0000000083100000, 0x0000000083000000| Untracked 
|  49|0x0000000083100000, 0x0000000083200000, 0x0000000083200000|100%| O|  |TAMS 0x0000000083200000, 0x0000000083100000| Untracked 
|  50|0x0000000083200000, 0x0000000083300000, 0x0000000083300000|100%| O|  |TAMS 0x0000000083300000, 0x0000000083200000| Untracked 
|  51|0x0000000083300000, 0x0000000083400000, 0x0000000083400000|100%| O|  |TAMS 0x0000000083400000, 0x0000000083300000| Untracked 
|  52|0x0000000083400000, 0x0000000083500000, 0x0000000083500000|100%| O|  |TAMS 0x0000000083500000, 0x0000000083400000| Untracked 
|  53|0x0000000083500000, 0x0000000083600000, 0x0000000083600000|100%| O|  |TAMS 0x0000000083600000, 0x0000000083500000| Untracked 
|  54|0x0000000083600000, 0x0000000083700000, 0x0000000083700000|100%| O|  |TAMS 0x0000000083700000, 0x0000000083600000| Untracked 
|  55|0x0000000083700000, 0x0000000083800000, 0x0000000083800000|100%| O|  |TAMS 0x0000000083800000, 0x0000000083700000| Untracked 
|  56|0x0000000083800000, 0x0000000083900000, 0x0000000083900000|100%| O|  |TAMS 0x0000000083900000, 0x0000000083800000| Untracked 
|  57|0x0000000083900000, 0x0000000083a00000, 0x0000000083a00000|100%| O|  |TAMS 0x0000000083a00000, 0x0000000083900000| Untracked 
|  58|0x0000000083a00000, 0x0000000083b00000, 0x0000000083b00000|100%| O|  |TAMS 0x0000000083b00000, 0x0000000083a00000| Untracked 
|  59|0x0000000083b00000, 0x0000000083c00000, 0x0000000083c00000|100%| O|  |TAMS 0x0000000083c00000, 0x0000000083b00000| Untracked 
|  60|0x0000000083c00000, 0x0000000083d00000, 0x0000000083d00000|100%| O|  |TAMS 0x0000000083d00000, 0x0000000083c00000| Untracked 
|  61|0x0000000083d00000, 0x0000000083e00000, 0x0000000083e00000|100%| O|  |TAMS 0x0000000083e00000, 0x0000000083d00000| Untracked 
|  62|0x0000000083e00000, 0x0000000083f00000, 0x0000000083f00000|100%| O|  |TAMS 0x0000000083f00000, 0x0000000083e00000| Untracked 
|  63|0x0000000083f00000, 0x0000000084000000, 0x0000000084000000|100%| O|  |TAMS 0x0000000084000000, 0x0000000083f00000| Untracked 
|  64|0x0000000084000000, 0x0000000084100000, 0x0000000084100000|100%| O|  |TAMS 0x0000000084100000, 0x0000000084000000| Untracked 
|  65|0x0000000084100000, 0x0000000084200000, 0x0000000084200000|100%| O|  |TAMS 0x0000000084200000, 0x0000000084100000| Untracked 
|  66|0x0000000084200000, 0x0000000084300000, 0x0000000084300000|100%| O|  |TAMS 0x0000000084300000, 0x0000000084200000| Untracked 
|  67|0x0000000084300000, 0x0000000084400000, 0x0000000084400000|100%| O|  |TAMS 0x0000000084400000, 0x0000000084300000| Untracked 
|  68|0x0000000084400000, 0x0000000084500000, 0x0000000084500000|100%| O|  |TAMS 0x0000000084500000, 0x0000000084400000| Untracked 
|  69|0x0000000084500000, 0x0000000084600000, 0x0000000084600000|100%| O|  |TAMS 0x0000000084600000, 0x0000000084500000| Untracked 
|  70|0x0000000084600000, 0x0000000084700000, 0x0000000084700000|100%|HS|  |TAMS 0x0000000084700000, 0x0000000084600000| Complete 
|  71|0x0000000084700000, 0x0000000084800000, 0x0000000084800000|100%|HC|  |TAMS 0x0000000084800000, 0x0000000084700000| Complete 
|  72|0x0000000084800000, 0x0000000084900000, 0x0000000084900000|100%|HS|  |TAMS 0x0000000084900000, 0x0000000084800000| Complete 
|  73|0x0000000084900000, 0x0000000084a00000, 0x0000000084a00000|100%|HS|  |TAMS 0x0000000084a00000, 0x0000000084900000| Complete 
|  74|0x0000000084a00000, 0x0000000084b00000, 0x0000000084b00000|100%|HS|  |TAMS 0x0000000084b00000, 0x0000000084a00000| Complete 
|  75|0x0000000084b00000, 0x0000000084c00000, 0x0000000084c00000|100%| O|  |TAMS 0x0000000084c00000, 0x0000000084b00000| Untracked 
|  76|0x0000000084c00000, 0x0000000084d00000, 0x0000000084d00000|100%| O|  |TAMS 0x0000000084d00000, 0x0000000084c00000| Untracked 
|  77|0x0000000084d00000, 0x0000000084e00000, 0x0000000084e00000|100%| O|  |TAMS 0x0000000084e00000, 0x0000000084d00000| Untracked 
|  78|0x0000000084e00000, 0x0000000084f00000, 0x0000000084f00000|100%| O|  |TAMS 0x0000000084f00000, 0x0000000084e00000| Untracked 
|  79|0x0000000084f00000, 0x0000000085000000, 0x0000000085000000|100%| O|  |TAMS 0x0000000085000000, 0x0000000084f00000| Untracked 
|  80|0x0000000085000000, 0x0000000085100000, 0x0000000085100000|100%| O|  |TAMS 0x0000000085100000, 0x0000000085000000| Untracked 
|  81|0x0000000085100000, 0x0000000085200000, 0x0000000085200000|100%| O|  |TAMS 0x0000000085200000, 0x0000000085100000| Untracked 
|  82|0x0000000085200000, 0x0000000085300000, 0x0000000085300000|100%| O|  |TAMS 0x0000000085300000, 0x0000000085200000| Untracked 
|  83|0x0000000085300000, 0x0000000085400000, 0x0000000085400000|100%| O|  |TAMS 0x0000000085400000, 0x0000000085300000| Untracked 
|  84|0x0000000085400000, 0x0000000085500000, 0x0000000085500000|100%| O|  |TAMS 0x0000000085500000, 0x0000000085400000| Untracked 
|  85|0x0000000085500000, 0x0000000085600000, 0x0000000085600000|100%|HS|  |TAMS 0x0000000085600000, 0x0000000085500000| Complete 
|  86|0x0000000085600000, 0x0000000085700000, 0x0000000085700000|100%|HS|  |TAMS 0x0000000085700000, 0x0000000085600000| Complete 
|  87|0x0000000085700000, 0x0000000085800000, 0x0000000085800000|100%|HC|  |TAMS 0x0000000085800000, 0x0000000085700000| Complete 
|  88|0x0000000085800000, 0x0000000085900000, 0x0000000085900000|100%| O|  |TAMS 0x0000000085900000, 0x0000000085800000| Untracked 
|  89|0x0000000085900000, 0x0000000085a00000, 0x0000000085a00000|100%| O|  |TAMS 0x0000000085a00000, 0x0000000085900000| Untracked 
|  90|0x0000000085a00000, 0x0000000085b00000, 0x0000000085b00000|100%| O|  |TAMS 0x0000000085b00000, 0x0000000085a00000| Untracked 
|  91|0x0000000085b00000, 0x0000000085c00000, 0x0000000085c00000|100%|HS|  |TAMS 0x0000000085c00000, 0x0000000085b00000| Complete 
|  92|0x0000000085c00000, 0x0000000085d00000, 0x0000000085d00000|100%| O|  |TAMS 0x0000000085d00000, 0x0000000085c00000| Untracked 
|  93|0x0000000085d00000, 0x0000000085e00000, 0x0000000085e00000|100%|HS|  |TAMS 0x0000000085e00000, 0x0000000085d00000| Complete 
|  94|0x0000000085e00000, 0x0000000085f00000, 0x0000000085f00000|100%| O|  |TAMS 0x0000000085f00000, 0x0000000085e00000| Untracked 
|  95|0x0000000085f00000, 0x0000000086000000, 0x0000000086000000|100%| O|  |TAMS 0x0000000086000000, 0x0000000085f00000| Untracked 
|  96|0x0000000086000000, 0x0000000086100000, 0x0000000086100000|100%| O|  |TAMS 0x0000000086100000, 0x0000000086000000| Untracked 
|  97|0x0000000086100000, 0x0000000086200000, 0x0000000086200000|100%| O|  |TAMS 0x0000000086200000, 0x0000000086100000| Untracked 
|  98|0x0000000086200000, 0x0000000086300000, 0x0000000086300000|100%| O|  |TAMS 0x0000000086300000, 0x0000000086200000| Untracked 
|  99|0x0000000086300000, 0x0000000086400000, 0x0000000086400000|100%| O|  |TAMS 0x0000000086400000, 0x0000000086300000| Untracked 
| 100|0x0000000086400000, 0x0000000086500000, 0x0000000086500000|100%| O|  |TAMS 0x0000000086500000, 0x0000000086400000| Untracked 
| 101|0x0000000086500000, 0x0000000086600000, 0x0000000086600000|100%| O|  |TAMS 0x0000000086600000, 0x0000000086500000| Untracked 
| 102|0x0000000086600000, 0x0000000086700000, 0x0000000086700000|100%| O|  |TAMS 0x0000000086700000, 0x0000000086600000| Untracked 
| 103|0x0000000086700000, 0x0000000086800000, 0x0000000086800000|100%| O|  |TAMS 0x0000000086800000, 0x0000000086700000| Untracked 
| 104|0x0000000086800000, 0x0000000086900000, 0x0000000086900000|100%| O|  |TAMS 0x0000000086900000, 0x0000000086800000| Untracked 
| 105|0x0000000086900000, 0x0000000086a00000, 0x0000000086a00000|100%| O|  |TAMS 0x0000000086a00000, 0x0000000086900000| Untracked 
| 106|0x0000000086a00000, 0x0000000086b00000, 0x0000000086b00000|100%| O|  |TAMS 0x0000000086b00000, 0x0000000086a00000| Untracked 
| 107|0x0000000086b00000, 0x0000000086c00000, 0x0000000086c00000|100%| O|  |TAMS 0x0000000086c00000, 0x0000000086b00000| Untracked 
| 108|0x0000000086c00000, 0x0000000086d00000, 0x0000000086d00000|100%| O|  |TAMS 0x0000000086d00000, 0x0000000086c00000| Untracked 
| 109|0x0000000086d00000, 0x0000000086e00000, 0x0000000086e00000|100%| O|  |TAMS 0x0000000086e00000, 0x0000000086d00000| Untracked 
| 110|0x0000000086e00000, 0x0000000086f00000, 0x0000000086f00000|100%| O|  |TAMS 0x0000000086f00000, 0x0000000086e00000| Untracked 
| 111|0x0000000086f00000, 0x0000000087000000, 0x0000000087000000|100%| O|  |TAMS 0x0000000087000000, 0x0000000086f00000| Untracked 
| 112|0x0000000087000000, 0x0000000087100000, 0x0000000087100000|100%| O|  |TAMS 0x0000000087100000, 0x0000000087000000| Untracked 
| 113|0x0000000087100000, 0x0000000087200000, 0x0000000087200000|100%| O|  |TAMS 0x0000000087200000, 0x0000000087100000| Untracked 
| 114|0x0000000087200000, 0x0000000087300000, 0x0000000087300000|100%| O|  |TAMS 0x0000000087300000, 0x0000000087200000| Untracked 
| 115|0x0000000087300000, 0x0000000087400000, 0x0000000087400000|100%| O|  |TAMS 0x0000000087400000, 0x0000000087300000| Untracked 
| 116|0x0000000087400000, 0x0000000087500000, 0x0000000087500000|100%| O|  |TAMS 0x0000000087500000, 0x0000000087400000| Untracked 
| 117|0x0000000087500000, 0x0000000087600000, 0x0000000087600000|100%| O|  |TAMS 0x0000000087600000, 0x0000000087500000| Untracked 
| 118|0x0000000087600000, 0x0000000087700000, 0x0000000087700000|100%| O|  |TAMS 0x0000000087700000, 0x0000000087600000| Untracked 
| 119|0x0000000087700000, 0x0000000087800000, 0x0000000087800000|100%| O|  |TAMS 0x0000000087800000, 0x0000000087700000| Untracked 
| 120|0x0000000087800000, 0x0000000087900000, 0x0000000087900000|100%| O|  |TAMS 0x0000000087900000, 0x0000000087800000| Untracked 
| 121|0x0000000087900000, 0x0000000087a00000, 0x0000000087a00000|100%| O|  |TAMS 0x0000000087a00000, 0x0000000087900000| Untracked 
| 122|0x0000000087a00000, 0x0000000087b00000, 0x0000000087b00000|100%| O|  |TAMS 0x0000000087b00000, 0x0000000087a00000| Untracked 
| 123|0x0000000087b00000, 0x0000000087c00000, 0x0000000087c00000|100%| O|  |TAMS 0x0000000087c00000, 0x0000000087b00000| Untracked 
| 124|0x0000000087c00000, 0x0000000087d00000, 0x0000000087d00000|100%| O|  |TAMS 0x0000000087c98c00, 0x0000000087c00000| Untracked 
| 125|0x0000000087d00000, 0x0000000087e00000, 0x0000000087e00000|100%| O|  |TAMS 0x0000000087d00000, 0x0000000087d00000| Untracked 
| 126|0x0000000087e00000, 0x0000000087f00000, 0x0000000087f00000|100%| O|  |TAMS 0x0000000087e00000, 0x0000000087e00000| Untracked 
| 127|0x0000000087f00000, 0x0000000088000000, 0x0000000088000000|100%| O|  |TAMS 0x0000000087f00000, 0x0000000087f00000| Untracked 
| 128|0x0000000088000000, 0x0000000088100000, 0x0000000088100000|100%| O|  |TAMS 0x0000000088000000, 0x0000000088000000| Untracked 
| 129|0x0000000088100000, 0x0000000088200000, 0x0000000088200000|100%| O|  |TAMS 0x0000000088100000, 0x0000000088100000| Untracked 
| 130|0x0000000088200000, 0x0000000088300000, 0x0000000088300000|100%|HS|  |TAMS 0x0000000088200000, 0x0000000088200000| Complete 
| 131|0x0000000088300000, 0x0000000088400000, 0x0000000088400000|100%|HS|  |TAMS 0x0000000088300000, 0x0000000088300000| Complete 
| 132|0x0000000088400000, 0x0000000088500000, 0x0000000088500000|100%|HS|  |TAMS 0x0000000088400000, 0x0000000088400000| Complete 
| 133|0x0000000088500000, 0x0000000088600000, 0x0000000088600000|100%|HS|  |TAMS 0x0000000088500000, 0x0000000088500000| Complete 
| 134|0x0000000088600000, 0x0000000088700000, 0x0000000088700000|100%| O|  |TAMS 0x0000000088600000, 0x0000000088600000| Untracked 
| 135|0x0000000088700000, 0x0000000088800000, 0x0000000088800000|100%| O|  |TAMS 0x0000000088700000, 0x0000000088700000| Untracked 
| 136|0x0000000088800000, 0x0000000088900000, 0x0000000088900000|100%| O|  |TAMS 0x0000000088800000, 0x0000000088800000| Untracked 
| 137|0x0000000088900000, 0x0000000088a00000, 0x0000000088a00000|100%| O|  |TAMS 0x0000000088900000, 0x0000000088900000| Untracked 
| 138|0x0000000088a00000, 0x0000000088b00000, 0x0000000088b00000|100%| O|  |TAMS 0x0000000088a00000, 0x0000000088a00000| Untracked 
| 139|0x0000000088b00000, 0x0000000088c00000, 0x0000000088c00000|100%|HS|  |TAMS 0x0000000088b00000, 0x0000000088b00000| Complete 
| 140|0x0000000088c00000, 0x0000000088d00000, 0x0000000088d00000|100%|HS|  |TAMS 0x0000000088c00000, 0x0000000088c00000| Complete 
| 141|0x0000000088d00000, 0x0000000088e00000, 0x0000000088e00000|100%|HS|  |TAMS 0x0000000088d00000, 0x0000000088d00000| Complete 
| 142|0x0000000088e00000, 0x0000000088f00000, 0x0000000088f00000|100%|HS|  |TAMS 0x0000000088e00000, 0x0000000088e00000| Complete 
| 143|0x0000000088f00000, 0x0000000089000000, 0x0000000089000000|100%|HC|  |TAMS 0x0000000088f00000, 0x0000000088f00000| Complete 
| 144|0x0000000089000000, 0x0000000089000000, 0x0000000089100000|  0%| F|  |TAMS 0x0000000089000000, 0x0000000089000000| Untracked 
| 145|0x0000000089100000, 0x0000000089100000, 0x0000000089200000|  0%| F|  |TAMS 0x0000000089100000, 0x0000000089100000| Untracked 
| 146|0x0000000089200000, 0x0000000089200000, 0x0000000089300000|  0%| F|  |TAMS 0x0000000089200000, 0x0000000089200000| Untracked 
| 147|0x0000000089300000, 0x0000000089300000, 0x0000000089400000|  0%| F|  |TAMS 0x0000000089300000, 0x0000000089300000| Untracked 
| 148|0x0000000089400000, 0x0000000089500000, 0x0000000089500000|100%| O|  |TAMS 0x0000000089400000, 0x0000000089400000| Untracked 
| 149|0x0000000089500000, 0x0000000089600000, 0x0000000089600000|100%| O|  |TAMS 0x0000000089500000, 0x0000000089500000| Untracked 
| 150|0x0000000089600000, 0x0000000089700000, 0x0000000089700000|100%| O|  |TAMS 0x0000000089600000, 0x0000000089600000| Untracked 
| 151|0x0000000089700000, 0x0000000089800000, 0x0000000089800000|100%| O|  |TAMS 0x0000000089700000, 0x0000000089700000| Untracked 
| 152|0x0000000089800000, 0x0000000089900000, 0x0000000089900000|100%| O|  |TAMS 0x0000000089800000, 0x0000000089800000| Untracked 
| 153|0x0000000089900000, 0x0000000089a00000, 0x0000000089a00000|100%| O|  |TAMS 0x0000000089900000, 0x0000000089900000| Untracked 
| 154|0x0000000089a00000, 0x0000000089b00000, 0x0000000089b00000|100%| O|  |TAMS 0x0000000089a00000, 0x0000000089a00000| Untracked 
| 155|0x0000000089b00000, 0x0000000089c00000, 0x0000000089c00000|100%| O|  |TAMS 0x0000000089b00000, 0x0000000089b00000| Untracked 
| 156|0x0000000089c00000, 0x0000000089d00000, 0x0000000089d00000|100%| O|  |TAMS 0x0000000089c00000, 0x0000000089c00000| Untracked 
| 157|0x0000000089d00000, 0x0000000089e00000, 0x0000000089e00000|100%| O|  |TAMS 0x0000000089d00000, 0x0000000089d00000| Untracked 
| 158|0x0000000089e00000, 0x0000000089ebee00, 0x0000000089f00000| 74%| O|  |TAMS 0x0000000089e00000, 0x0000000089e00000| Untracked 
| 159|0x0000000089f00000, 0x0000000089f00000, 0x000000008a000000|  0%| F|  |TAMS 0x0000000089f00000, 0x0000000089f00000| Untracked 
| 160|0x000000008a000000, 0x000000008a000000, 0x000000008a100000|  0%| F|  |TAMS 0x000000008a000000, 0x000000008a000000| Untracked 
| 161|0x000000008a100000, 0x000000008a100000, 0x000000008a200000|  0%| F|  |TAMS 0x000000008a100000, 0x000000008a100000| Untracked 
| 162|0x000000008a200000, 0x000000008a200000, 0x000000008a300000|  0%| F|  |TAMS 0x000000008a200000, 0x000000008a200000| Untracked 
| 163|0x000000008a300000, 0x000000008a300000, 0x000000008a400000|  0%| F|  |TAMS 0x000000008a300000, 0x000000008a300000| Untracked 
| 164|0x000000008a400000, 0x000000008a400000, 0x000000008a500000|  0%| F|  |TAMS 0x000000008a400000, 0x000000008a400000| Untracked 
| 165|0x000000008a500000, 0x000000008a500000, 0x000000008a600000|  0%| F|  |TAMS 0x000000008a500000, 0x000000008a500000| Untracked 
| 166|0x000000008a600000, 0x000000008a600000, 0x000000008a700000|  0%| F|  |TAMS 0x000000008a600000, 0x000000008a600000| Untracked 
| 167|0x000000008a700000, 0x000000008a700000, 0x000000008a800000|  0%| F|  |TAMS 0x000000008a700000, 0x000000008a700000| Untracked 
| 168|0x000000008a800000, 0x000000008a800000, 0x000000008a900000|  0%| F|  |TAMS 0x000000008a800000, 0x000000008a800000| Untracked 
| 169|0x000000008a900000, 0x000000008a900000, 0x000000008aa00000|  0%| F|  |TAMS 0x000000008a900000, 0x000000008a900000| Untracked 
| 170|0x000000008aa00000, 0x000000008aa00000, 0x000000008ab00000|  0%| F|  |TAMS 0x000000008aa00000, 0x000000008aa00000| Untracked 
| 171|0x000000008ab00000, 0x000000008ab00000, 0x000000008ac00000|  0%| F|  |TAMS 0x000000008ab00000, 0x000000008ab00000| Untracked 
| 172|0x000000008ac00000, 0x000000008ac00000, 0x000000008ad00000|  0%| F|  |TAMS 0x000000008ac00000, 0x000000008ac00000| Untracked 
| 173|0x000000008ad00000, 0x000000008ad00000, 0x000000008ae00000|  0%| F|  |TAMS 0x000000008ad00000, 0x000000008ad00000| Untracked 
| 174|0x000000008ae00000, 0x000000008ae00000, 0x000000008af00000|  0%| F|  |TAMS 0x000000008ae00000, 0x000000008ae00000| Untracked 
| 175|0x000000008af00000, 0x000000008af00000, 0x000000008b000000|  0%| F|  |TAMS 0x000000008af00000, 0x000000008af00000| Untracked 
| 176|0x000000008b000000, 0x000000008b000000, 0x000000008b100000|  0%| F|  |TAMS 0x000000008b000000, 0x000000008b000000| Untracked 
| 177|0x000000008b100000, 0x000000008b100000, 0x000000008b200000|  0%| F|  |TAMS 0x000000008b100000, 0x000000008b100000| Untracked 
| 178|0x000000008b200000, 0x000000008b200000, 0x000000008b300000|  0%| F|  |TAMS 0x000000008b200000, 0x000000008b200000| Untracked 
| 179|0x000000008b300000, 0x000000008b300000, 0x000000008b400000|  0%| F|  |TAMS 0x000000008b300000, 0x000000008b300000| Untracked 
| 180|0x000000008b400000, 0x000000008b400000, 0x000000008b500000|  0%| F|  |TAMS 0x000000008b400000, 0x000000008b400000| Untracked 
| 181|0x000000008b500000, 0x000000008b500000, 0x000000008b600000|  0%| F|  |TAMS 0x000000008b500000, 0x000000008b500000| Untracked 
| 182|0x000000008b600000, 0x000000008b600000, 0x000000008b700000|  0%| F|  |TAMS 0x000000008b600000, 0x000000008b600000| Untracked 
| 183|0x000000008b700000, 0x000000008b700000, 0x000000008b800000|  0%| F|  |TAMS 0x000000008b700000, 0x000000008b700000| Untracked 
| 184|0x000000008b800000, 0x000000008b800000, 0x000000008b900000|  0%| F|  |TAMS 0x000000008b800000, 0x000000008b800000| Untracked 
| 185|0x000000008b900000, 0x000000008b900000, 0x000000008ba00000|  0%| F|  |TAMS 0x000000008b900000, 0x000000008b900000| Untracked 
| 186|0x000000008ba00000, 0x000000008ba00000, 0x000000008bb00000|  0%| F|  |TAMS 0x000000008ba00000, 0x000000008ba00000| Untracked 
| 187|0x000000008bb00000, 0x000000008bb00000, 0x000000008bc00000|  0%| F|  |TAMS 0x000000008bb00000, 0x000000008bb00000| Untracked 
| 188|0x000000008bc00000, 0x000000008bc00000, 0x000000008bd00000|  0%| F|  |TAMS 0x000000008bc00000, 0x000000008bc00000| Untracked 
| 189|0x000000008bd00000, 0x000000008bd00000, 0x000000008be00000|  0%| F|  |TAMS 0x000000008bd00000, 0x000000008bd00000| Untracked 
| 190|0x000000008be00000, 0x000000008be00000, 0x000000008bf00000|  0%| F|  |TAMS 0x000000008be00000, 0x000000008be00000| Untracked 
| 191|0x000000008bf00000, 0x000000008bf00000, 0x000000008c000000|  0%| F|  |TAMS 0x000000008bf00000, 0x000000008bf00000| Untracked 
| 192|0x000000008c000000, 0x000000008c000000, 0x000000008c100000|  0%| F|  |TAMS 0x000000008c000000, 0x000000008c000000| Untracked 
| 193|0x000000008c100000, 0x000000008c100000, 0x000000008c200000|  0%| F|  |TAMS 0x000000008c100000, 0x000000008c100000| Untracked 
| 194|0x000000008c200000, 0x000000008c200000, 0x000000008c300000|  0%| F|  |TAMS 0x000000008c200000, 0x000000008c200000| Untracked 
| 195|0x000000008c300000, 0x000000008c300000, 0x000000008c400000|  0%| F|  |TAMS 0x000000008c300000, 0x000000008c300000| Untracked 
| 196|0x000000008c400000, 0x000000008c400000, 0x000000008c500000|  0%| F|  |TAMS 0x000000008c400000, 0x000000008c400000| Untracked 
| 197|0x000000008c500000, 0x000000008c500000, 0x000000008c600000|  0%| F|  |TAMS 0x000000008c500000, 0x000000008c500000| Untracked 
| 198|0x000000008c600000, 0x000000008c600000, 0x000000008c700000|  0%| F|  |TAMS 0x000000008c600000, 0x000000008c600000| Untracked 
| 199|0x000000008c700000, 0x000000008c700000, 0x000000008c800000|  0%| F|  |TAMS 0x000000008c700000, 0x000000008c700000| Untracked 
| 200|0x000000008c800000, 0x000000008c800000, 0x000000008c900000|  0%| F|  |TAMS 0x000000008c800000, 0x000000008c800000| Untracked 
| 201|0x000000008c900000, 0x000000008c900000, 0x000000008ca00000|  0%| F|  |TAMS 0x000000008c900000, 0x000000008c900000| Untracked 
| 202|0x000000008ca00000, 0x000000008ca00000, 0x000000008cb00000|  0%| F|  |TAMS 0x000000008ca00000, 0x000000008ca00000| Untracked 
| 203|0x000000008cb00000, 0x000000008cb00000, 0x000000008cc00000|  0%| F|  |TAMS 0x000000008cb00000, 0x000000008cb00000| Untracked 
| 204|0x000000008cc00000, 0x000000008cc00000, 0x000000008cd00000|  0%| F|  |TAMS 0x000000008cc00000, 0x000000008cc00000| Untracked 
| 205|0x000000008cd00000, 0x000000008cd00000, 0x000000008ce00000|  0%| F|  |TAMS 0x000000008cd00000, 0x000000008cd00000| Untracked 
| 206|0x000000008ce00000, 0x000000008ce00000, 0x000000008cf00000|  0%| F|  |TAMS 0x000000008ce00000, 0x000000008ce00000| Untracked 
| 207|0x000000008cf00000, 0x000000008cf00000, 0x000000008d000000|  0%| F|  |TAMS 0x000000008cf00000, 0x000000008cf00000| Untracked 
| 208|0x000000008d000000, 0x000000008d000000, 0x000000008d100000|  0%| F|  |TAMS 0x000000008d000000, 0x000000008d000000| Untracked 
| 209|0x000000008d100000, 0x000000008d100000, 0x000000008d200000|  0%| F|  |TAMS 0x000000008d100000, 0x000000008d100000| Untracked 
| 210|0x000000008d200000, 0x000000008d200000, 0x000000008d300000|  0%| F|  |TAMS 0x000000008d200000, 0x000000008d200000| Untracked 
| 211|0x000000008d300000, 0x000000008d300000, 0x000000008d400000|  0%| F|  |TAMS 0x000000008d300000, 0x000000008d300000| Untracked 
| 212|0x000000008d400000, 0x000000008d492020, 0x000000008d500000| 57%| S|CS|TAMS 0x000000008d400000, 0x000000008d400000| Complete 
| 213|0x000000008d500000, 0x000000008d600000, 0x000000008d600000|100%| S|CS|TAMS 0x000000008d500000, 0x000000008d500000| Complete 
| 214|0x000000008d600000, 0x000000008d700000, 0x000000008d700000|100%| S|CS|TAMS 0x000000008d600000, 0x000000008d600000| Complete 
| 215|0x000000008d700000, 0x000000008d800000, 0x000000008d800000|100%| S|CS|TAMS 0x000000008d700000, 0x000000008d700000| Complete 
| 216|0x000000008d800000, 0x000000008d800000, 0x000000008d900000|  0%| F|  |TAMS 0x000000008d800000, 0x000000008d800000| Untracked 
| 217|0x000000008d900000, 0x000000008d900000, 0x000000008da00000|  0%| F|  |TAMS 0x000000008d900000, 0x000000008d900000| Untracked 
| 218|0x000000008da00000, 0x000000008da00000, 0x000000008db00000|  0%| F|  |TAMS 0x000000008da00000, 0x000000008da00000| Untracked 
| 219|0x000000008db00000, 0x000000008db00000, 0x000000008dc00000|  0%| F|  |TAMS 0x000000008db00000, 0x000000008db00000| Untracked 
| 220|0x000000008dc00000, 0x000000008dc00000, 0x000000008dd00000|  0%| F|  |TAMS 0x000000008dc00000, 0x000000008dc00000| Untracked 
| 221|0x000000008dd00000, 0x000000008dd00000, 0x000000008de00000|  0%| F|  |TAMS 0x000000008dd00000, 0x000000008dd00000| Untracked 
| 222|0x000000008de00000, 0x000000008de00000, 0x000000008df00000|  0%| F|  |TAMS 0x000000008de00000, 0x000000008de00000| Untracked 
| 223|0x000000008df00000, 0x000000008df00000, 0x000000008e000000|  0%| F|  |TAMS 0x000000008df00000, 0x000000008df00000| Untracked 
| 224|0x000000008e000000, 0x000000008e000000, 0x000000008e100000|  0%| F|  |TAMS 0x000000008e000000, 0x000000008e000000| Untracked 
| 225|0x000000008e100000, 0x000000008e100000, 0x000000008e200000|  0%| F|  |TAMS 0x000000008e100000, 0x000000008e100000| Untracked 
| 226|0x000000008e200000, 0x000000008e200000, 0x000000008e300000|  0%| F|  |TAMS 0x000000008e200000, 0x000000008e200000| Untracked 
| 227|0x000000008e300000, 0x000000008e300000, 0x000000008e400000|  0%| F|  |TAMS 0x000000008e300000, 0x000000008e300000| Untracked 
| 228|0x000000008e400000, 0x000000008e400000, 0x000000008e500000|  0%| F|  |TAMS 0x000000008e400000, 0x000000008e400000| Untracked 
| 229|0x000000008e500000, 0x000000008e500000, 0x000000008e600000|  0%| F|  |TAMS 0x000000008e500000, 0x000000008e500000| Untracked 
| 230|0x000000008e600000, 0x000000008e600000, 0x000000008e700000|  0%| F|  |TAMS 0x000000008e600000, 0x000000008e600000| Untracked 
| 231|0x000000008e700000, 0x000000008e700000, 0x000000008e800000|  0%| F|  |TAMS 0x000000008e700000, 0x000000008e700000| Untracked 
| 232|0x000000008e800000, 0x000000008e800000, 0x000000008e900000|  0%| F|  |TAMS 0x000000008e800000, 0x000000008e800000| Untracked 
| 233|0x000000008e900000, 0x000000008e900000, 0x000000008ea00000|  0%| F|  |TAMS 0x000000008e900000, 0x000000008e900000| Untracked 
| 234|0x000000008ea00000, 0x000000008ea00000, 0x000000008eb00000|  0%| F|  |TAMS 0x000000008ea00000, 0x000000008ea00000| Untracked 
| 235|0x000000008eb00000, 0x000000008eb00000, 0x000000008ec00000|  0%| F|  |TAMS 0x000000008eb00000, 0x000000008eb00000| Untracked 
| 236|0x000000008ec00000, 0x000000008ec00000, 0x000000008ed00000|  0%| F|  |TAMS 0x000000008ec00000, 0x000000008ec00000| Untracked 
| 237|0x000000008ed00000, 0x000000008ed00000, 0x000000008ee00000|  0%| F|  |TAMS 0x000000008ed00000, 0x000000008ed00000| Untracked 
| 238|0x000000008ee00000, 0x000000008ee00000, 0x000000008ef00000|  0%| F|  |TAMS 0x000000008ee00000, 0x000000008ee00000| Untracked 
| 239|0x000000008ef00000, 0x000000008ef00000, 0x000000008f000000|  0%| F|  |TAMS 0x000000008ef00000, 0x000000008ef00000| Untracked 
| 240|0x000000008f000000, 0x000000008f000000, 0x000000008f100000|  0%| F|  |TAMS 0x000000008f000000, 0x000000008f000000| Untracked 
| 241|0x000000008f100000, 0x000000008f100000, 0x000000008f200000|  0%| F|  |TAMS 0x000000008f100000, 0x000000008f100000| Untracked 
| 242|0x000000008f200000, 0x000000008f200000, 0x000000008f300000|  0%| F|  |TAMS 0x000000008f200000, 0x000000008f200000| Untracked 
| 243|0x000000008f300000, 0x000000008f300000, 0x000000008f400000|  0%| F|  |TAMS 0x000000008f300000, 0x000000008f300000| Untracked 
| 244|0x000000008f400000, 0x000000008f400000, 0x000000008f500000|  0%| F|  |TAMS 0x000000008f400000, 0x000000008f400000| Untracked 
| 245|0x000000008f500000, 0x000000008f500000, 0x000000008f600000|  0%| F|  |TAMS 0x000000008f500000, 0x000000008f500000| Untracked 
| 246|0x000000008f600000, 0x000000008f600000, 0x000000008f700000|  0%| F|  |TAMS 0x000000008f600000, 0x000000008f600000| Untracked 
| 247|0x000000008f700000, 0x000000008f700000, 0x000000008f800000|  0%| F|  |TAMS 0x000000008f700000, 0x000000008f700000| Untracked 
| 248|0x000000008f800000, 0x000000008f800000, 0x000000008f900000|  0%| F|  |TAMS 0x000000008f800000, 0x000000008f800000| Untracked 
| 249|0x000000008f900000, 0x000000008f900000, 0x000000008fa00000|  0%| F|  |TAMS 0x000000008f900000, 0x000000008f900000| Untracked 
| 250|0x000000008fa00000, 0x000000008fa03278, 0x000000008fb00000|  1%| E|  |TAMS 0x000000008fa00000, 0x000000008fa00000| Complete 
| 251|0x000000008fb00000, 0x000000008fc00000, 0x000000008fc00000|100%| E|CS|TAMS 0x000000008fb00000, 0x000000008fb00000| Complete 
| 252|0x000000008fc00000, 0x000000008fd00000, 0x000000008fd00000|100%| E|CS|TAMS 0x000000008fc00000, 0x000000008fc00000| Complete 
| 253|0x000000008fd00000, 0x000000008fe00000, 0x000000008fe00000|100%| E|CS|TAMS 0x000000008fd00000, 0x000000008fd00000| Complete 
| 254|0x000000008fe00000, 0x000000008ff00000, 0x000000008ff00000|100%| E|CS|TAMS 0x000000008fe00000, 0x000000008fe00000| Complete 
| 255|0x000000008ff00000, 0x0000000090000000, 0x0000000090000000|100%| E|CS|TAMS 0x000000008ff00000, 0x000000008ff00000| Complete 
| 256|0x0000000090000000, 0x0000000090100000, 0x0000000090100000|100%| E|CS|TAMS 0x0000000090000000, 0x0000000090000000| Complete 
| 257|0x0000000090100000, 0x0000000090200000, 0x0000000090200000|100%| E|CS|TAMS 0x0000000090100000, 0x0000000090100000| Complete 
| 258|0x0000000090200000, 0x0000000090300000, 0x0000000090300000|100%| E|CS|TAMS 0x0000000090200000, 0x0000000090200000| Complete 
| 259|0x0000000090300000, 0x0000000090400000, 0x0000000090400000|100%| E|CS|TAMS 0x0000000090300000, 0x0000000090300000| Complete 
| 260|0x0000000090400000, 0x0000000090500000, 0x0000000090500000|100%| E|CS|TAMS 0x0000000090400000, 0x0000000090400000| Complete 
| 261|0x0000000090500000, 0x0000000090600000, 0x0000000090600000|100%| E|CS|TAMS 0x0000000090500000, 0x0000000090500000| Complete 
| 262|0x0000000090600000, 0x0000000090700000, 0x0000000090700000|100%| E|CS|TAMS 0x0000000090600000, 0x0000000090600000| Complete 
| 263|0x0000000090700000, 0x0000000090800000, 0x0000000090800000|100%| E|CS|TAMS 0x0000000090700000, 0x0000000090700000| Complete 
| 264|0x0000000090800000, 0x0000000090900000, 0x0000000090900000|100%| E|CS|TAMS 0x0000000090800000, 0x0000000090800000| Complete 
| 265|0x0000000090900000, 0x0000000090a00000, 0x0000000090a00000|100%| E|CS|TAMS 0x0000000090900000, 0x0000000090900000| Complete 
| 266|0x0000000090a00000, 0x0000000090b00000, 0x0000000090b00000|100%| E|CS|TAMS 0x0000000090a00000, 0x0000000090a00000| Complete 
| 267|0x0000000090b00000, 0x0000000090c00000, 0x0000000090c00000|100%| E|CS|TAMS 0x0000000090b00000, 0x0000000090b00000| Complete 
| 268|0x0000000090c00000, 0x0000000090d00000, 0x0000000090d00000|100%| E|CS|TAMS 0x0000000090c00000, 0x0000000090c00000| Complete 
| 269|0x0000000090d00000, 0x0000000090e00000, 0x0000000090e00000|100%| E|CS|TAMS 0x0000000090d00000, 0x0000000090d00000| Complete 
| 270|0x0000000090e00000, 0x0000000090f00000, 0x0000000090f00000|100%| E|CS|TAMS 0x0000000090e00000, 0x0000000090e00000| Complete 

Card table byte_map: [0x0000021ddd640000,0x0000021ddda40000] _byte_map_base: 0x0000021ddd240000

Marking Bits (Prev, Next): (CMBitMap*) 0x0000021dc894ba18, (CMBitMap*) 0x0000021dc894ba50
 Prev Bits: [0x0000021ddde40000, 0x0000021ddfe40000)
 Next Bits: [0x0000021ddfe40000, 0x0000021de1e40000)

Polling page: 0x0000021dc8760000

Metaspace:

Usage:
  Non-class:     91.46 MB capacity,    89.69 MB ( 98%) used,     1.45 MB (  2%) free+waste,   327.44 KB ( <1%) overhead. 
      Class:     14.06 MB capacity,    13.08 MB ( 93%) used,   856.34 KB (  6%) free+waste,   144.31 KB (  1%) overhead. 
       Both:    105.51 MB capacity,   102.77 MB ( 97%) used,     2.28 MB (  2%) free+waste,   471.75 KB ( <1%) overhead. 

Virtual space:
  Non-class space:       92.00 MB reserved,      91.59 MB (>99%) committed 
      Class space:        1.00 GB reserved,      14.07 MB (  1%) committed 
             Both:        1.09 GB reserved,     105.66 MB (  9%) committed 

Chunk freelists:
   Non-Class:  9.00 KB
       Class:  5.00 KB
        Both:  14.00 KB

MaxMetaspaceSize: 17179869184.00 GB
CompressedClassSpaceSize: 1.00 GB

CodeHeap 'non-profiled nmethods': size=120064Kb used=13238Kb max_used=13238Kb free=106825Kb
 bounds [0x0000021dd56e0000, 0x0000021dd63e0000, 0x0000021ddcc20000]
CodeHeap 'profiled nmethods': size=120000Kb used=33940Kb max_used=34007Kb free=86059Kb
 bounds [0x0000021dce1b0000, 0x0000021dd03e0000, 0x0000021dd56e0000]
CodeHeap 'non-nmethods': size=5696Kb used=2325Kb max_used=2381Kb free=3371Kb
 bounds [0x0000021dcdc20000, 0x0000021dcde90000, 0x0000021dce1b0000]
 total_blobs=16545 nmethods=15609 adapters=845
 compilation: enabled
              stopped_count=0, restarted_count=0
 full_count=0

Compilation events (20 events):
Event: 142.264 Thread 0x0000021de4456000 17368       3       org.objectweb.asm.ClassReader::readCode (5109 bytes)
Event: 142.303 Thread 0x0000021de4456000 nmethod 17368 0x0000021dd03bab90 code [0x0000021dd03bc140, 0x0000021dd03cf8b8]
Event: 142.347 Thread 0x0000021de961a800 nmethod 17331 0x0000021dd63c5010 code [0x0000021dd63c5580, 0x0000021dd63cc220]
Event: 142.348 Thread 0x0000021de961a800 17366       4       org.objectweb.asm.ClassReader::readMethod (1061 bytes)
Event: 142.355 Thread 0x0000021de4455000 nmethod 17361 0x0000021dd63d0090 code [0x0000021dd63d03a0, 0x0000021dd63d27e0]
Event: 142.356 Thread 0x0000021de4455000 17365       4       org.objectweb.asm.Type::getTypeInternal (199 bytes)
Event: 142.364 Thread 0x0000021de4455000 nmethod 17365 0x0000021dd5c93b10 code [0x0000021dd5c93d00, 0x0000021dd5c94228]
Event: 142.364 Thread 0x0000021de4455000 17362       4       org.objectweb.asm.AnnotationWriter::putParameterAnnotations (173 bytes)
Event: 142.400 Thread 0x0000021de4455000 nmethod 17362 0x0000021dd5d02c10 code [0x0000021dd5d02e00, 0x0000021dd5d03810]
Event: 142.400 Thread 0x0000021de4455000 17369       4       org.objectweb.asm.ClassReader::getTypeAnnotationBytecodeOffset (34 bytes)
Event: 142.401 Thread 0x0000021de4455000 nmethod 17369 0x0000021dd5c46890 code [0x0000021dd5c46a20, 0x0000021dd5c46a98]
Event: 142.401 Thread 0x0000021de4455000 17372       4       org.objectweb.asm.MethodVisitor::visitMethodInsn (80 bytes)
Event: 142.403 Thread 0x0000021de4455000 nmethod 17372 0x0000021dd5c48110 code [0x0000021dd5c482a0, 0x0000021dd5c48378]
Event: 142.403 Thread 0x0000021de4455000 17370       4       org.objectweb.asm.MethodVisitor::visitMaxs (17 bytes)
Event: 142.403 Thread 0x0000021de4455000 nmethod 17370 0x0000021dd5c4ad10 code [0x0000021dd5c4aea0, 0x0000021dd5c4af18]
Event: 142.403 Thread 0x0000021de4455000 17371       4       org.objectweb.asm.MethodVisitor::visitTypeInsn (17 bytes)
Event: 142.404 Thread 0x0000021de4455000 nmethod 17371 0x0000021dd5c55610 code [0x0000021dd5c557a0, 0x0000021dd5c55818]
Event: 142.404 Thread 0x0000021de4455000 17373       4       org.objectweb.asm.MethodVisitor::visitLdcInsn (87 bytes)
Event: 142.405 Thread 0x0000021de4455000 nmethod 17373 0x0000021dd5c79290 code [0x0000021dd5c79420, 0x0000021dd5c794d8]
Event: 142.405 Thread 0x0000021de4455000 17375       4       org.objectweb.asm.ClassReader::readCode (5109 bytes)

GC Heap History (20 events):
Event: 112.171 GC heap before
{Heap before GC invocations=75 (full 0):
 garbage-first heap   total 157696K, used 134755K [0x0000000080000000, 0x0000000100000000)
  region size 1024K, 7 young (7168K), 1 survivors (1024K)
 Metaspace       used 100377K, capacity 102815K, committed 102952K, reserved 1138688K
  class space    used 12817K, capacity 13690K, committed 13772K, reserved 1048576K
}
Event: 112.184 GC heap after
{Heap after GC invocations=76 (full 0):
 garbage-first heap   total 277504K, used 131285K [0x0000000080000000, 0x0000000100000000)
  region size 1024K, 1 young (1024K), 1 survivors (1024K)
 Metaspace       used 100377K, capacity 102815K, committed 102952K, reserved 1138688K
  class space    used 12817K, capacity 13690K, committed 13772K, reserved 1048576K
}
Event: 113.426 GC heap before
{Heap before GC invocations=76 (full 0):
 garbage-first heap   total 277504K, used 143573K [0x0000000080000000, 0x0000000100000000)
  region size 1024K, 13 young (13312K), 1 survivors (1024K)
 Metaspace       used 101800K, capacity 104215K, committed 104360K, reserved 1140736K
  class space    used 13020K, capacity 13894K, committed 13900K, reserved 1048576K
}
Event: 113.450 GC heap after
{Heap after GC invocations=77 (full 0):
 garbage-first heap   total 277504K, used 133556K [0x0000000080000000, 0x0000000100000000)
  region size 1024K, 2 young (2048K), 2 survivors (2048K)
 Metaspace       used 101800K, capacity 104215K, committed 104360K, reserved 1140736K
  class space    used 13020K, capacity 13894K, committed 13900K, reserved 1048576K
}
Event: 118.785 GC heap before
{Heap before GC invocations=77 (full 0):
 garbage-first heap   total 277504K, used 171444K [0x0000000080000000, 0x0000000100000000)
  region size 1024K, 39 young (39936K), 2 survivors (2048K)
 Metaspace       used 102852K, capacity 105546K, committed 105640K, reserved 1140736K
  class space    used 13173K, capacity 14138K, committed 14156K, reserved 1048576K
}
Event: 118.807 GC heap after
{Heap after GC invocations=78 (full 0):
 garbage-first heap   total 277504K, used 137472K [0x0000000080000000, 0x0000000100000000)
  region size 1024K, 5 young (5120K), 5 survivors (5120K)
 Metaspace       used 102852K, capacity 105546K, committed 105640K, reserved 1140736K
  class space    used 13173K, capacity 14138K, committed 14156K, reserved 1048576K
}
Event: 124.139 GC heap before
{Heap before GC invocations=78 (full 0):
 garbage-first heap   total 277504K, used 181504K [0x0000000080000000, 0x0000000100000000)
  region size 1024K, 45 young (46080K), 5 survivors (5120K)
 Metaspace       used 103283K, capacity 105922K, committed 106280K, reserved 1140736K
  class space    used 13217K, capacity 14174K, committed 14284K, reserved 1048576K
}
Event: 124.167 GC heap after
{Heap after GC invocations=79 (full 0):
 garbage-first heap   total 277504K, used 147582K [0x0000000080000000, 0x0000000100000000)
  region size 1024K, 6 young (6144K), 6 survivors (6144K)
 Metaspace       used 103283K, capacity 105922K, committed 106280K, reserved 1140736K
  class space    used 13217K, capacity 14174K, committed 14284K, reserved 1048576K
}
Event: 126.049 GC heap before
{Heap before GC invocations=79 (full 0):
 garbage-first heap   total 277504K, used 196734K [0x0000000080000000, 0x0000000100000000)
  region size 1024K, 46 young (47104K), 6 survivors (6144K)
 Metaspace       used 103486K, capacity 106178K, committed 106280K, reserved 1140736K
  class space    used 13235K, capacity 14214K, committed 14284K, reserved 1048576K
}
Event: 126.077 GC heap after
{Heap after GC invocations=80 (full 0):
 garbage-first heap   total 277504K, used 162848K [0x0000000080000000, 0x0000000100000000)
  region size 1024K, 6 young (6144K), 6 survivors (6144K)
 Metaspace       used 103486K, capacity 106178K, committed 106280K, reserved 1140736K
  class space    used 13235K, capacity 14214K, committed 14284K, reserved 1048576K
}
Event: 131.842 GC heap before
{Heap before GC invocations=80 (full 0):
 garbage-first heap   total 277504K, used 200736K [0x0000000080000000, 0x0000000100000000)
  region size 1024K, 44 young (45056K), 6 survivors (6144K)
 Metaspace       used 104264K, capacity 107004K, committed 107176K, reserved 1142784K
  class space    used 13316K, capacity 14286K, committed 14412K, reserved 1048576K
}
Event: 131.855 GC heap after
{Heap after GC invocations=81 (full 0):
 garbage-first heap   total 277504K, used 159483K [0x0000000080000000, 0x0000000100000000)
  region size 1024K, 3 young (3072K), 3 survivors (3072K)
 Metaspace       used 104264K, capacity 107004K, committed 107176K, reserved 1142784K
  class space    used 13316K, capacity 14286K, committed 14412K, reserved 1048576K
}
Event: 137.289 GC heap before
{Heap before GC invocations=81 (full 0):
 garbage-first heap   total 277504K, used 201467K [0x0000000080000000, 0x0000000100000000)
  region size 1024K, 45 young (46080K), 3 survivors (3072K)
 Metaspace       used 105078K, capacity 107854K, committed 107944K, reserved 1142784K
  class space    used 13389K, capacity 14395K, committed 14412K, reserved 1048576K
}
Event: 137.295 GC heap after
{Heap after GC invocations=82 (full 0):
 garbage-first heap   total 277504K, used 159452K [0x0000000080000000, 0x0000000100000000)
  region size 1024K, 3 young (3072K), 3 survivors (3072K)
 Metaspace       used 105078K, capacity 107854K, committed 107944K, reserved 1142784K
  class space    used 13389K, capacity 14395K, committed 14412K, reserved 1048576K
}
Event: 140.242 GC heap before
{Heap before GC invocations=82 (full 0):
 garbage-first heap   total 277504K, used 207580K [0x0000000080000000, 0x0000000100000000)
  region size 1024K, 49 young (50176K), 3 survivors (3072K)
 Metaspace       used 105230K, capacity 108046K, committed 108200K, reserved 1142784K
  class space    used 13394K, capacity 14395K, committed 14412K, reserved 1048576K
}
Event: 140.249 GC heap after
{Heap after GC invocations=83 (full 0):
 garbage-first heap   total 277504K, used 161531K [0x0000000080000000, 0x0000000100000000)
  region size 1024K, 3 young (3072K), 3 survivors (3072K)
 Metaspace       used 105230K, capacity 108046K, committed 108200K, reserved 1142784K
  class space    used 13394K, capacity 14395K, committed 14412K, reserved 1048576K
}
Event: 141.561 GC heap before
{Heap before GC invocations=83 (full 0):
 garbage-first heap   total 277504K, used 210683K [0x0000000080000000, 0x0000000100000000)
  region size 1024K, 51 young (52224K), 3 survivors (3072K)
 Metaspace       used 105231K, capacity 108046K, committed 108200K, reserved 1142784K
  class space    used 13394K, capacity 14395K, committed 14412K, reserved 1048576K
}
Event: 141.566 GC heap after
{Heap after GC invocations=84 (full 0):
 garbage-first heap   total 277504K, used 161944K [0x0000000080000000, 0x0000000100000000)
  region size 1024K, 4 young (4096K), 4 survivors (4096K)
 Metaspace       used 105231K, capacity 108046K, committed 108200K, reserved 1142784K
  class space    used 13394K, capacity 14395K, committed 14412K, reserved 1048576K
}
Event: 142.495 GC heap before
{Heap before GC invocations=84 (full 0):
 garbage-first heap   total 277504K, used 214168K [0x0000000080000000, 0x0000000100000000)
  region size 1024K, 55 young (56320K), 4 survivors (4096K)
 Metaspace       used 105236K, capacity 108046K, committed 108200K, reserved 1142784K
  class space    used 13394K, capacity 14395K, committed 14412K, reserved 1048576K
}
Event: 142.505 GC heap after
{Heap after GC invocations=85 (full 0):
 garbage-first heap   total 277504K, used 162115K [0x0000000080000000, 0x0000000100000000)
  region size 1024K, 4 young (4096K), 4 survivors (4096K)
 Metaspace       used 105236K, capacity 108046K, committed 108200K, reserved 1142784K
  class space    used 13394K, capacity 14395K, committed 14412K, reserved 1048576K
}

Deoptimization events (20 events):
Event: 141.892 Thread 0x0000021de8c56800 Uncommon trap: trap_request=0xffffff4d fr.pc=0x0000021dd5bf8acc relative=0x0000000000001bec
Event: 141.892 Thread 0x0000021de8c56800 Uncommon trap: reason=unstable_if action=reinterpret pc=0x0000021dd5bf8acc method=org.objectweb.asm.SymbolTable.addConstantIntegerOrFloat(II)Lorg/objectweb/asm/Symbol; @ 33 c2
Event: 141.892 Thread 0x0000021de8c56800 DEOPT PACKING pc=0x0000021dd5bf8acc sp=0x00000029250fbb00
Event: 141.892 Thread 0x0000021de8c56800 DEOPT UNPACKING pc=0x0000021dcdc478af sp=0x00000029250fb9c8 mode 2
Event: 142.263 Thread 0x0000021de8c56800 Uncommon trap: trap_request=0xffffff4d fr.pc=0x0000021dd63adac0 relative=0x0000000000001ae0
Event: 142.263 Thread 0x0000021de8c56800 Uncommon trap: reason=unstable_if action=reinterpret pc=0x0000021dd63adac0 method=org.objectweb.asm.ClassReader.readCode(Lorg/objectweb/asm/MethodVisitor;Lorg/objectweb/asm/Context;I)V @ 2393 c2
Event: 142.263 Thread 0x0000021de8c56800 DEOPT PACKING pc=0x0000021dd63adac0 sp=0x00000029250fb9e0
Event: 142.263 Thread 0x0000021de8c56800 DEOPT UNPACKING pc=0x0000021dcdc478af sp=0x00000029250fb918 mode 2
Event: 142.485 Thread 0x0000021de8c56800 DEOPT PACKING pc=0x0000021dd03cce06 sp=0x00000029250fb790
Event: 142.485 Thread 0x0000021de8c56800 DEOPT UNPACKING pc=0x0000021dcdc476ce sp=0x00000029250fae10 mode 0
Event: 142.507 Thread 0x0000021de8c56800 DEOPT PACKING pc=0x0000021dd03cce06 sp=0x00000029250fb790
Event: 142.507 Thread 0x0000021de8c56800 DEOPT UNPACKING pc=0x0000021dcdc476ce sp=0x00000029250fae10 mode 0
Event: 142.515 Thread 0x0000021de8c56800 DEOPT PACKING pc=0x0000021dd03cce06 sp=0x00000029250fb790
Event: 142.515 Thread 0x0000021de8c56800 DEOPT UNPACKING pc=0x0000021dcdc476ce sp=0x00000029250fae10 mode 0
Event: 142.591 Thread 0x0000021de8c56800 DEOPT PACKING pc=0x0000021dd03cce06 sp=0x00000029250fb790
Event: 142.591 Thread 0x0000021de8c56800 DEOPT UNPACKING pc=0x0000021dcdc476ce sp=0x00000029250fae10 mode 0
Event: 142.723 Thread 0x0000021de8c56800 DEOPT PACKING pc=0x0000021dd03cce06 sp=0x00000029250fb790
Event: 142.723 Thread 0x0000021de8c56800 DEOPT UNPACKING pc=0x0000021dcdc476ce sp=0x00000029250fae10 mode 0
Event: 142.739 Thread 0x0000021de8c56800 DEOPT PACKING pc=0x0000021dd03cce06 sp=0x00000029250fb790
Event: 142.739 Thread 0x0000021de8c56800 DEOPT UNPACKING pc=0x0000021dcdc476ce sp=0x00000029250fae10 mode 0

Classes redefined (0 events):
No events

Internal exceptions (20 events):
Event: 132.441 Thread 0x0000021de8c53800 Exception <a 'sun/nio/fs/WindowsException'{0x000000009058ad30}> (0x000000009058ad30) thrown at [./src/hotspot/share/prims/jni.cpp, line 615]
Event: 132.441 Thread 0x0000021de8c53800 Exception <a 'sun/nio/fs/WindowsException'{0x000000009058ae18}> (0x000000009058ae18) thrown at [./src/hotspot/share/prims/jni.cpp, line 615]
Event: 134.787 Thread 0x0000021de77cf000 Exception <a 'sun/nio/fs/WindowsException'{0x000000008f2702a0}> (0x000000008f2702a0) thrown at [./src/hotspot/share/prims/jni.cpp, line 615]
Event: 135.041 Thread 0x0000021de77d8000 Exception <a 'sun/nio/fs/WindowsException'{0x000000008f18b068}> (0x000000008f18b068) thrown at [./src/hotspot/share/prims/jni.cpp, line 615]
Event: 135.092 Thread 0x0000021de77da000 Exception <a 'sun/nio/fs/WindowsException'{0x000000008f1aab70}> (0x000000008f1aab70) thrown at [./src/hotspot/share/prims/jni.cpp, line 615]
Event: 135.219 Thread 0x0000021de8c56800 Exception <a 'sun/nio/fs/WindowsException'{0x000000008f0dd8d0}> (0x000000008f0dd8d0) thrown at [./src/hotspot/share/prims/jni.cpp, line 615]
Event: 135.662 Thread 0x0000021de8c56800 Exception <a 'sun/nio/fs/WindowsException'{0x000000008ef27090}> (0x000000008ef27090) thrown at [./src/hotspot/share/prims/jni.cpp, line 615]
Event: 135.702 Thread 0x0000021de77da000 Exception <a 'sun/nio/fs/WindowsException'{0x000000008efe74b8}> (0x000000008efe74b8) thrown at [./src/hotspot/share/prims/jni.cpp, line 615]
Event: 135.710 Thread 0x0000021de77cf000 Exception <a 'sun/nio/fs/WindowsException'{0x000000008ef6bab8}> (0x000000008ef6bab8) thrown at [./src/hotspot/share/prims/jni.cpp, line 615]
Event: 135.786 Thread 0x0000021de77cf000 Exception <a 'sun/nio/fs/WindowsException'{0x000000008ee952d0}> (0x000000008ee952d0) thrown at [./src/hotspot/share/prims/jni.cpp, line 615]
Event: 135.965 Thread 0x0000021de77d8000 Exception <a 'sun/nio/fs/WindowsException'{0x000000008eee8870}> (0x000000008eee8870) thrown at [./src/hotspot/share/prims/jni.cpp, line 615]
Event: 136.131 Thread 0x0000021de77da000 Exception <a 'sun/nio/fs/WindowsException'{0x000000008ed6a520}> (0x000000008ed6a520) thrown at [./src/hotspot/share/prims/jni.cpp, line 615]
Event: 136.212 Thread 0x0000021de8c56800 Exception <a 'sun/nio/fs/WindowsException'{0x000000008ed9c5a8}> (0x000000008ed9c5a8) thrown at [./src/hotspot/share/prims/jni.cpp, line 615]
Event: 136.285 Thread 0x0000021de77d8000 Exception <a 'sun/nio/fs/WindowsException'{0x000000008ede6e90}> (0x000000008ede6e90) thrown at [./src/hotspot/share/prims/jni.cpp, line 615]
Event: 136.362 Thread 0x0000021de77da000 Exception <a 'sun/nio/fs/WindowsException'{0x000000008ec330d8}> (0x000000008ec330d8) thrown at [./src/hotspot/share/prims/jni.cpp, line 615]
Event: 136.446 Thread 0x0000021de8c56800 Exception <a 'sun/nio/fs/WindowsException'{0x000000008ec8e080}> (0x000000008ec8e080) thrown at [./src/hotspot/share/prims/jni.cpp, line 615]
Event: 136.461 Thread 0x0000021de77cf000 Exception <a 'sun/nio/fs/WindowsException'{0x000000008ecb1aa0}> (0x000000008ecb1aa0) thrown at [./src/hotspot/share/prims/jni.cpp, line 615]
Event: 136.500 Thread 0x0000021de77d8000 Exception <a 'sun/nio/fs/WindowsException'{0x000000008eb34ad8}> (0x000000008eb34ad8) thrown at [./src/hotspot/share/prims/jni.cpp, line 615]
Event: 136.745 Thread 0x0000021de77da000 Exception <a 'sun/nio/fs/WindowsException'{0x000000008ebb0078}> (0x000000008ebb0078) thrown at [./src/hotspot/share/prims/jni.cpp, line 615]
Event: 141.711 Thread 0x0000021de8c56800 Implicit null exception at 0x0000021dd5c8f696 to 0x0000021dd5c902b4

Events (20 events):
Event: 138.046 loading class org/gradle/internal/normalization/java/impl/ArrayAnnotationValue
Event: 138.046 loading class org/gradle/internal/normalization/java/impl/ArrayAnnotationValue done
Event: 138.047 Thread 0x0000021de961a800 Thread exited: 0x0000021de961a800
Event: 138.342 Thread 0x0000021de961a800 Thread added: 0x0000021de961a800
Event: 138.610 Thread 0x0000021de961a800 Thread exited: 0x0000021de961a800
Event: 138.646 Thread 0x0000021de961a800 Thread added: 0x0000021de961a800
Event: 139.242 loading class org/gradle/internal/normalization/java/impl/EnumAnnotationValue
Event: 139.242 loading class org/gradle/internal/normalization/java/impl/EnumAnnotationValue done
Event: 139.242 loading class org/gradle/internal/normalization/java/impl/SimpleAnnotationValue
Event: 139.242 loading class org/gradle/internal/normalization/java/impl/SimpleAnnotationValue done
Event: 139.243 Executing VM operation: Deoptimize
Event: 139.250 Executing VM operation: Deoptimize done
Event: 139.577 loading class org/gradle/internal/normalization/java/impl/AnnotationAnnotationValue
Event: 139.577 loading class org/gradle/internal/normalization/java/impl/AnnotationAnnotationValue done
Event: 140.242 Executing VM operation: G1CollectForAllocation
Event: 140.249 Executing VM operation: G1CollectForAllocation done
Event: 141.561 Executing VM operation: G1CollectForAllocation
Event: 141.566 Executing VM operation: G1CollectForAllocation done
Event: 142.494 Executing VM operation: G1CollectForAllocation
Event: 142.505 Executing VM operation: G1CollectForAllocation done


Dynamic libraries:
0x00007ff65a7b0000 - 0x00007ff65a7ba000 	D:\Nam 4\androi\jre\bin\java.exe
0x00007ffbcc6d0000 - 0x00007ffbcc8c5000 	C:\WINDOWS\SYSTEM32\ntdll.dll
0x00007ffbcada0000 - 0x00007ffbcae5e000 	C:\WINDOWS\System32\KERNEL32.DLL
0x00007ffbc9fd0000 - 0x00007ffbca299000 	C:\WINDOWS\System32\KERNELBASE.dll
0x00007ffbc9ed0000 - 0x00007ffbc9fd0000 	C:\WINDOWS\System32\ucrtbase.dll
0x00007ffbb59a0000 - 0x00007ffbb59b9000 	D:\Nam 4\androi\jre\bin\jli.dll
0x00007ffbcb790000 - 0x00007ffbcb931000 	C:\WINDOWS\System32\USER32.dll
0x00007ffbc9e40000 - 0x00007ffbc9e62000 	C:\WINDOWS\System32\win32u.dll
0x00007ffbcb750000 - 0x00007ffbcb77b000 	C:\WINDOWS\System32\GDI32.dll
0x00007ffbca4e0000 - 0x00007ffbca5eb000 	C:\WINDOWS\System32\gdi32full.dll
0x00007ffbca5f0000 - 0x00007ffbca68d000 	C:\WINDOWS\System32\msvcp_win.dll
0x00007ffbb57e0000 - 0x00007ffbb57f7000 	D:\Nam 4\androi\jre\bin\VCRUNTIME140.dll
0x00007ffbc92e0000 - 0x00007ffbc957a000 	C:\WINDOWS\WinSxS\amd64_microsoft.windows.common-controls_6595b64144ccf1df_6.0.19041.1110_none_60b5254171f9507e\COMCTL32.dll
0x00007ffbcbad0000 - 0x00007ffbcbb6e000 	C:\WINDOWS\System32\msvcrt.dll
0x00007ffbcc510000 - 0x00007ffbcc540000 	C:\WINDOWS\System32\IMM32.DLL
0x00007ffba99b0000 - 0x00007ffba9a4d000 	D:\Nam 4\androi\jre\bin\msvcp140.dll
0x00007ffb7cdc0000 - 0x00007ffb7d88f000 	D:\Nam 4\androi\jre\bin\server\jvm.dll
0x00007ffbcbb70000 - 0x00007ffbcbc1c000 	C:\WINDOWS\System32\ADVAPI32.dll
0x00007ffbcab80000 - 0x00007ffbcac1b000 	C:\WINDOWS\System32\sechost.dll
0x00007ffbca720000 - 0x00007ffbca84a000 	C:\WINDOWS\System32\RPCRT4.dll
0x00007ffbcb780000 - 0x00007ffbcb788000 	C:\WINDOWS\System32\PSAPI.DLL
0x00007ffbb36d0000 - 0x00007ffbb36d9000 	C:\WINDOWS\SYSTEM32\WSOCK32.dll
0x00007ffbcaa90000 - 0x00007ffbcaafb000 	C:\WINDOWS\System32\WS2_32.dll
0x00007ffbb7c40000 - 0x00007ffbb7c67000 	C:\WINDOWS\SYSTEM32\WINMM.dll
0x00007ffbc69e0000 - 0x00007ffbc69ea000 	C:\WINDOWS\SYSTEM32\VERSION.dll
0x00007ffbc79a0000 - 0x00007ffbc79b2000 	C:\WINDOWS\SYSTEM32\kernel.appcore.dll
0x00007ffbbed60000 - 0x00007ffbbed71000 	D:\Nam 4\androi\jre\bin\verify.dll
0x00007ffbc9810000 - 0x00007ffbc99f4000 	C:\WINDOWS\SYSTEM32\DBGHELP.DLL
0x00007ffbc9760000 - 0x00007ffbc978c000 	C:\WINDOWS\SYSTEM32\dbgcore.DLL
0x00007ffbca690000 - 0x00007ffbca713000 	C:\WINDOWS\System32\bcryptPrimitives.dll
0x00007ffbb5480000 - 0x00007ffbb54a9000 	D:\Nam 4\androi\jre\bin\java.dll
0x00007ffbbed00000 - 0x00007ffbbed0b000 	D:\Nam 4\androi\jre\bin\jimage.dll
0x00007ffbb5460000 - 0x00007ffbb5478000 	D:\Nam 4\androi\jre\bin\zip.dll
0x00007ffbcae70000 - 0x00007ffbcb5af000 	C:\WINDOWS\System32\SHELL32.dll
0x00007ffbc7120000 - 0x00007ffbc78b0000 	C:\WINDOWS\SYSTEM32\windows.storage.dll
0x00007ffbcbc20000 - 0x00007ffbcbf75000 	C:\WINDOWS\System32\combase.dll
0x00007ffbc9020000 - 0x00007ffbc904c000 	C:\WINDOWS\SYSTEM32\Wldp.dll
0x00007ffbcac20000 - 0x00007ffbcacce000 	C:\WINDOWS\System32\SHCORE.dll
0x00007ffbcab20000 - 0x00007ffbcab75000 	C:\WINDOWS\System32\shlwapi.dll
0x00007ffbc9d30000 - 0x00007ffbc9d4f000 	C:\WINDOWS\SYSTEM32\profapi.dll
0x00007ffbb5440000 - 0x00007ffbb545a000 	D:\Nam 4\androi\jre\bin\net.dll
0x00007ffbb5580000 - 0x00007ffbb5688000 	C:\WINDOWS\SYSTEM32\WINHTTP.dll
0x00007ffbc8e90000 - 0x00007ffbc8efa000 	C:\WINDOWS\system32\mswsock.dll
0x00007ffbb53e0000 - 0x00007ffbb53f4000 	D:\Nam 4\androi\jre\bin\nio.dll
0x00007ffbc4940000 - 0x00007ffbc4967000 	D:\Nam 4\gradle\gradle-7.0.2\native\8bec1ad78214c89d9ad589b4d07fe93259594b29d510b10fafb7a158f7737e5d\windows-amd64\native-platform.dll
0x00007ffb77e40000 - 0x00007ffb77f7d000 	D:\Nam 4\gradle\gradle-7.0.2\native\53dbd7edfb1c66fb8903c78663c9afc45aea4f116125fa6feffd364cf09443e8\windows-amd64\native-platform-file-events.dll
0x00007ffbb5430000 - 0x00007ffbb543a000 	D:\Nam 4\androi\jre\bin\management.dll
0x00007ffbb53d0000 - 0x00007ffbb53dc000 	D:\Nam 4\androi\jre\bin\management_ext.dll
0x00007ffbc9b70000 - 0x00007ffbc9b88000 	C:\WINDOWS\SYSTEM32\CRYPTSP.dll
0x00007ffbc8850000 - 0x00007ffbc8884000 	C:\WINDOWS\system32\rsaenh.dll
0x00007ffbca4b0000 - 0x00007ffbca4d7000 	C:\WINDOWS\System32\bcrypt.dll
0x00007ffbc9cf0000 - 0x00007ffbc9d1e000 	C:\WINDOWS\SYSTEM32\USERENV.dll
0x00007ffbc90d0000 - 0x00007ffbc90dc000 	C:\WINDOWS\SYSTEM32\CRYPTBASE.dll
0x00007ffbc8ba0000 - 0x00007ffbc8bdb000 	C:\WINDOWS\SYSTEM32\IPHLPAPI.DLL
0x00007ffbcc540000 - 0x00007ffbcc548000 	C:\WINDOWS\System32\NSI.dll
0x00007ffbc0030000 - 0x00007ffbc0047000 	C:\WINDOWS\SYSTEM32\dhcpcsvc6.DLL
0x00007ffbc0090000 - 0x00007ffbc00ad000 	C:\WINDOWS\SYSTEM32\dhcpcsvc.DLL
0x00007ffbc8be0000 - 0x00007ffbc8cac000 	C:\WINDOWS\SYSTEM32\DNSAPI.dll

dbghelp: loaded successfully - version: 4.0.5 - missing functions: none
symbol engine: initialized successfully - sym options: 0x614 - pdb path: .;D:\Nam 4\androi\jre\bin;C:\WINDOWS\SYSTEM32;C:\WINDOWS\WinSxS\amd64_microsoft.windows.common-controls_6595b64144ccf1df_6.0.19041.1110_none_60b5254171f9507e;D:\Nam 4\androi\jre\bin\server;D:\Nam 4\gradle\gradle-7.0.2\native\8bec1ad78214c89d9ad589b4d07fe93259594b29d510b10fafb7a158f7737e5d\windows-amd64;D:\Nam 4\gradle\gradle-7.0.2\native\53dbd7edfb1c66fb8903c78663c9afc45aea4f116125fa6feffd364cf09443e8\windows-amd64

VM Arguments:
jvm_args: --add-opens=java.base/java.util=ALL-UNNAMED --add-opens=java.base/java.lang=ALL-UNNAMED --add-opens=java.base/java.lang.invoke=ALL-UNNAMED --add-opens=java.base/java.util=ALL-UNNAMED --add-opens=java.prefs/java.util.prefs=ALL-UNNAMED --add-opens=java.prefs/java.util.prefs=ALL-UNNAMED --add-opens=java.base/java.nio.charset=ALL-UNNAMED --add-opens=java.base/java.net=ALL-UNNAMED --add-opens=java.base/java.util.concurrent.atomic=ALL-UNNAMED -Xmx2048m -Dfile.encoding=UTF-8 -Duser.country=US -Duser.language=en -Duser.variant 
java_command: org.gradle.launcher.daemon.bootstrap.GradleDaemon 7.0.2
java_class_path (initial): D:\Nam 4\gradle\gradle-7.0.2\wrapper\dists\gradle-7.0.2-bin\857tjihv64xamwrf0h14cai3r\gradle-7.0.2\lib\gradle-launcher-7.0.2.jar
Launcher Type: SUN_STANDARD

[Global flags]
     intx CICompilerCount                          = 3                                         {product} {ergonomic}
     uint ConcGCThreads                            = 1                                         {product} {ergonomic}
     uint G1ConcRefinementThreads                  = 4                                         {product} {ergonomic}
   size_t G1HeapRegionSize                         = 1048576                                   {product} {ergonomic}
    uintx GCDrainStackTargetSize                   = 64                                        {product} {ergonomic}
   size_t InitialHeapSize                          = 134217728                                 {product} {ergonomic}
   size_t MarkStackSize                            = 4194304                                   {product} {ergonomic}
   size_t MaxHeapSize                              = 2147483648                                {product} {command line}
   size_t MaxNewSize                               = 1287651328                                {product} {ergonomic}
   size_t MinHeapDeltaBytes                        = 1048576                                   {product} {ergonomic}
    uintx NonNMethodCodeHeapSize                   = 5830732                                {pd product} {ergonomic}
    uintx NonProfiledCodeHeapSize                  = 122913754                              {pd product} {ergonomic}
    uintx ProfiledCodeHeapSize                     = 122913754                              {pd product} {ergonomic}
    uintx ReservedCodeCacheSize                    = 251658240                              {pd product} {ergonomic}
     bool SegmentedCodeCache                       = true                                      {product} {ergonomic}
     bool UseCompressedClassPointers               = true                                 {lp64_product} {ergonomic}
     bool UseCompressedOops                        = true                                 {lp64_product} {ergonomic}
     bool UseG1GC                                  = true                                      {product} {ergonomic}
     bool UseLargePagesIndividualAllocation        = false                                  {pd product} {ergonomic}

Logging:
Log output configuration:
 #0: stdout all=warning uptime,level,tags
 #1: stderr all=off uptime,level,tags

Environment Variables:
PATH=C:\WINDOWS\system32;C:\WINDOWS;C:\WINDOWS\System32\Wbem;C:\WINDOWS\System32\WindowsPowerShell\v1.0\;C:\WINDOWS\System32\OpenSSH\;C:\Program Files (x86)\Microsoft SQL Server\110\Tools\Binn\;C:\Program Files\Microsoft SQL Server\110\Tools\Binn\;C:\Program Files\Microsoft SQL Server\110\DTS\Binn\;C:\Program Files (x86)\Microsoft SQL Server\110\Tools\Binn\ManagementStudio\;C:\Program Files (x86)\Microsoft Visual Studio 10.0\Common7\IDE\PrivateAssemblies\;C:\Program Files (x86)\Microsoft SQL Server\110\DTS\Binn\;C:\Program Files\Java\jdk-11.0.1\bin;C:\Program Files\dotnet\;C:\Program Files\Microsoft SQL Server\130\Tools\Binn\;C:\Program Files\Microsoft SQL Server\Client SDK\ODBC\170\Tools\Binn\;C:\Program Files\Git\cmd;C:\Program Files\nodejs\;C:\Users\Loc DEV\AppData\Roaming\npm;C:\Program Files\nodejs\;C:\Program Files\MySQL\MySQL Shell 8.0\bin\;C:\Users\Loc DEV\AppData\Local\Microsoft\WindowsApps;C:\Users\Loc DEV\.dotnet\tools;C:\Users\Loc DEV\AppData\Roaming\npm;C:\Users\Loc DEV\AppData\Local\Programs\Microsoft VS Code\bin;C:\Program Files\nodejs\;C:\Users\Loc DEV\AppData\Roaming\npm;C:\Program Files\nodejs\;
USERNAME=Loc DEV
OS=Windows_NT
PROCESSOR_IDENTIFIER=Intel64 Family 6 Model 142 Stepping 9, GenuineIntel



---------------  S Y S T E M  ---------------

OS: Windows 10 , 64 bit Build 19041 (10.0.19041.1202)
OS uptime: 0 days 1:16 hours

CPU:total 4 (initial active 4) (2 cores per cpu, 2 threads per core) family 6 model 142 stepping 9 microcode 0xb4, cmov, cx8, fxsr, mmx, sse, sse2, sse3, ssse3, sse4.1, sse4.2, popcnt, avx, avx2, aes, clmul, erms, 3dnowpref, lzcnt, ht, tsc, tscinvbit, bmi1, bmi2, adx, fma

Memory: 4k page, system-wide physical 8090M (404M free)
TotalPageFile size 12186M (AvailPageFile size 5M)
current process WorkingSet (physical memory assigned to process): 522M, peak: 522M
current process commit charge ("private bytes"): 611M, peak: 612M

vm_info: OpenJDK 64-Bit Server VM (11.0.10+0-b96-7249189) for windows-amd64 JRE (11.0.10+0-b96-7249189), built on Mar 31 2021 21:44:00 by "builder" with MS VC++ 14.0 (VS2015)

END.
