#
# There is insufficient memory for the Java Runtime Environment to continue.
# Native memory allocation (mmap) failed to map 91226112 bytes for Failed to commit area from 0x0000000088000000 to 0x000000008d700000 of length 91226112.
# Possible reasons:
#   The system is out of physical RAM or swap space
#   The process is running with CompressedOops enabled, and the Java Heap may be blocking the growth of the native heap
# Possible solutions:
#   Reduce memory load on the system
#   Increase physical memory or swap space
#   Check if swap backing store is full
#   Decrease Java heap size (-Xmx/-Xms)
#   Decrease number of Java threads
#   Decrease Java thread stack sizes (-Xss)
#   Set larger code cache with -XX:ReservedCodeCacheSize=
#   JVM is running with Unscaled Compressed Oops mode in which the Java heap is
#     placed in the first 4GB address space. The Java Heap base address is the
#     maximum limit for the native heap growth. Please use -XX:HeapBaseMinAddress
#     to set the Java Heap base and to place the Java Heap above 4GB virtual address.
# This output file may be truncated or incomplete.
#
#  Out of Memory Error (./src/hotspot/os/windows/os_windows.cpp:3301), pid=11804, tid=10088
#
# JRE version: OpenJDK Runtime Environment (11.0.10) (build 11.0.10+0-b96-7249189)
# Java VM: OpenJDK 64-Bit Server VM (11.0.10+0-b96-7249189, mixed mode, tiered, compressed oops, g1 gc, windows-amd64)
# No core dump will be written. Minidumps are not enabled by default on client versions of Windows
#

---------------  S U M M A R Y ------------

Command Line: --add-opens=java.base/java.util=ALL-UNNAMED --add-opens=java.base/java.lang=ALL-UNNAMED --add-opens=java.base/java.lang.invoke=ALL-UNNAMED --add-opens=java.base/java.util=ALL-UNNAMED --add-opens=java.prefs/java.util.prefs=ALL-UNNAMED --add-opens=java.prefs/java.util.prefs=ALL-UNNAMED --add-opens=java.base/java.nio.charset=ALL-UNNAMED --add-opens=java.base/java.net=ALL-UNNAMED --add-opens=java.base/java.util.concurrent.atomic=ALL-UNNAMED -Xmx2048m -Dfile.encoding=UTF-8 -Duser.country=US -Duser.language=en -Duser.variant org.gradle.launcher.daemon.bootstrap.GradleDaemon 7.0.2

Host: Intel(R) Core(TM) i5-7200U CPU @ 2.50GHz, 4 cores, 7G,  Windows 10 , 64 bit Build 19041 (10.0.19041.1202)
Time: Fri Oct 15 17:03:50 2021 SE Asia Standard Time elapsed time: 25.319900 seconds (0d 0h 0m 25s)

---------------  T H R E A D  ---------------

Current thread (0x000002427ec28800):  VMThread "VM Thread" [stack: 0x000000b922e00000,0x000000b922f00000] [id=10088]

Stack: [0x000000b922e00000,0x000000b922f00000]
[error occurred during error reporting (printing stack bounds), id 0xc0000005, EXCEPTION_ACCESS_VIOLATION (0xc0000005) at pc=0x000002426a3c0f2d]

Native frames: (J=compiled Java code, j=interpreted, Vv=VM code, C=native code)
V  [jvm.dll+0x5ecfaa]
V  [jvm.dll+0x722bd5]
V  [jvm.dll+0x72412d]
V  [jvm.dll+0x724745]
V  [jvm.dll+0x7246fb]
V  [jvm.dll+0x5ec348]
V  [jvm.dll+0x5ecad8]
C  [ntdll.dll+0xa20cf]
C  [ntdll.dll+0x51454]
C  [ntdll.dll+0xa0bfe]
C  0x000002426a3c0f2d

VM_Operation (0x000000b9241f35c0): G1CollectForAllocation, mode: safepoint, requested by thread 0x00000242030af000


---------------  P R O C E S S  ---------------

Threads class SMR info:
_java_thread_list=0x0000024204326b60, length=41, elements={
0x00000242668aa800, 0x000002427ec2d000, 0x000002427ec2e800, 0x000002427ec49800,
0x000002427ec4b800, 0x000002427ec4c800, 0x000002427ec4f800, 0x000002427ec52800,
0x000002427f634000, 0x000002427f6ab800, 0x0000024203c12800, 0x00000242045b3800,
0x00000242034c2800, 0x0000024202c59000, 0x0000024202f91800, 0x0000024203143000,
0x00000242030af000, 0x0000024202060800, 0x0000024203691000, 0x0000024203e37800,
0x0000024203e38800, 0x0000024203e36000, 0x0000024203e33800, 0x0000024203e32800,
0x0000024203e39000, 0x0000024203e34000, 0x0000024203e35000, 0x0000024203e36800,
0x0000024203ab2800, 0x0000024203ab5000, 0x0000024203ab4000, 0x0000024203ab6000,
0x0000024203ab0000, 0x0000024203ab1000, 0x0000024203ab7800, 0x0000024203ab2000,
0x0000024203aba000, 0x0000024203abd000, 0x0000024203ab9000, 0x0000024203abb000,
0x0000024203abe000
}

Java Threads: ( => current thread )
  0x00000242668aa800 JavaThread "main" [_thread_blocked, id=8292, stack(0x000000b922700000,0x000000b922800000)]
  0x000002427ec2d000 JavaThread "Reference Handler" daemon [_thread_blocked, id=11332, stack(0x000000b922f00000,0x000000b923000000)]
  0x000002427ec2e800 JavaThread "Finalizer" daemon [_thread_blocked, id=6640, stack(0x000000b923000000,0x000000b923100000)]
  0x000002427ec49800 JavaThread "Signal Dispatcher" daemon [_thread_blocked, id=8620, stack(0x000000b923100000,0x000000b923200000)]
  0x000002427ec4b800 JavaThread "Attach Listener" daemon [_thread_blocked, id=4064, stack(0x000000b923200000,0x000000b923300000)]
  0x000002427ec4c800 JavaThread "Service Thread" daemon [_thread_blocked, id=4624, stack(0x000000b923300000,0x000000b923400000)]
  0x000002427ec4f800 JavaThread "C2 CompilerThread0" daemon [_thread_blocked, id=12036, stack(0x000000b923400000,0x000000b923500000)]
  0x000002427ec52800 JavaThread "C1 CompilerThread0" daemon [_thread_blocked, id=2440, stack(0x000000b923500000,0x000000b923600000)]
  0x000002427f634000 JavaThread "Sweeper thread" daemon [_thread_blocked, id=1648, stack(0x000000b923600000,0x000000b923700000)]
  0x000002427f6ab800 JavaThread "Common-Cleaner" daemon [_thread_blocked, id=13120, stack(0x000000b923700000,0x000000b923800000)]
  0x0000024203c12800 JavaThread "Daemon health stats" [_thread_blocked, id=9988, stack(0x000000b923c00000,0x000000b923d00000)]
  0x00000242045b3800 JavaThread "Incoming local TCP Connector on port 65397" [_thread_in_native, id=12568, stack(0x000000b923900000,0x000000b923a00000)]
  0x00000242034c2800 JavaThread "Daemon periodic checks" [_thread_blocked, id=6180, stack(0x000000b923d00000,0x000000b923e00000)]
  0x0000024202c59000 JavaThread "Daemon" [_thread_blocked, id=7484, stack(0x000000b923e00000,0x000000b923f00000)]
  0x0000024202f91800 JavaThread "Handler for socket connection from /127.0.0.1:65397 to /127.0.0.1:65398" [_thread_in_native, id=11988, stack(0x000000b923f00000,0x000000b924000000)]
  0x0000024203143000 JavaThread "Cancel handler" [_thread_blocked, id=9408, stack(0x000000b924000000,0x000000b924100000)]
  0x00000242030af000 JavaThread "Daemon worker" [_thread_blocked, id=3040, stack(0x000000b924100000,0x000000b924200000)]
  0x0000024202060800 JavaThread "Asynchronous log dispatcher for DefaultDaemonConnection: socket connection from /127.0.0.1:65397 to /127.0.0.1:65398" [_thread_blocked, id=2488, stack(0x000000b924300000,0x000000b924400000)]
  0x0000024203691000 JavaThread "Stdin handler" [_thread_blocked, id=2304, stack(0x000000b924400000,0x000000b924500000)]
  0x0000024203e37800 JavaThread "Daemon client event forwarder" [_thread_blocked, id=3832, stack(0x000000b924500000,0x000000b924600000)]
  0x0000024203e38800 JavaThread "Cache worker for file hash cache (D:\Nam 4\gradle\gradle-7.0.2\caches\7.0.2\fileHashes)" [_thread_blocked, id=1812, stack(0x000000b924600000,0x000000b924700000)]
  0x0000024203e36000 JavaThread "File lock request listener" [_thread_in_native, id=11124, stack(0x000000b924700000,0x000000b924800000)]
  0x0000024203e33800 JavaThread "Cache worker for journal cache (D:\Nam 4\gradle\gradle-7.0.2\caches\journal-1)" [_thread_blocked, id=11964, stack(0x000000b924800000,0x000000b924900000)]
  0x0000024203e32800 JavaThread "Cache worker for file hash cache (D:\Androi\8-18090131-NguyenHuuLoc\.gradle\7.0.2\fileHashes)" [_thread_blocked, id=5692, stack(0x000000b924900000,0x000000b924a00000)]
  0x0000024203e39000 JavaThread "File watcher server" daemon [_thread_in_native, id=8824, stack(0x000000b924a00000,0x000000b924b00000)]
  0x0000024203e34000 JavaThread "File watcher consumer" daemon [_thread_blocked, id=11404, stack(0x000000b924b00000,0x000000b924c00000)]
  0x0000024203e35000 JavaThread "Cache worker for checksums cache (D:\Androi\8-18090131-NguyenHuuLoc\.gradle\checksums)" [_thread_blocked, id=5088, stack(0x000000b924c00000,0x000000b924d00000)]
  0x0000024203e36800 JavaThread "Cache worker for cache directory md-supplier (D:\Nam 4\gradle\gradle-7.0.2\caches\7.0.2\md-supplier)" [_thread_blocked, id=2528, stack(0x000000b924d00000,0x000000b924e00000)]
  0x0000024203ab2800 JavaThread "Cache worker for cache directory md-rule (D:\Nam 4\gradle\gradle-7.0.2\caches\7.0.2\md-rule)" [_thread_blocked, id=8424, stack(0x000000b924e00000,0x000000b924f00000)]
  0x0000024203ab5000 JavaThread "Cache worker for execution history cache (D:\Nam 4\gradle\gradle-7.0.2\caches\7.0.2\executionHistory)" [_thread_blocked, id=2020, stack(0x000000b924f00000,0x000000b925000000)]
  0x0000024203ab4000 JavaThread "jar transforms" [_thread_blocked, id=3448, stack(0x000000b925100000,0x000000b925200000)]
  0x0000024203ab6000 JavaThread "jar transforms Thread 2" [_thread_blocked, id=7024, stack(0x000000b925000000,0x000000b925100000)]
  0x0000024203ab0000 JavaThread "Cache worker for file content cache (D:\Nam 4\gradle\gradle-7.0.2\caches\7.0.2\fileContent)" [_thread_blocked, id=5924, stack(0x000000b925200000,0x000000b925300000)]
  0x0000024203ab1000 JavaThread "Cache worker for dependencies-accessors (D:\Androi\8-18090131-NguyenHuuLoc\.gradle\7.0.2\dependencies-accessors)" [_thread_blocked, id=7380, stack(0x000000b925400000,0x000000b925500000)]
  0x0000024203ab7800 JavaThread "jar transforms Thread 3" [_thread_blocked, id=9208, stack(0x000000b925500000,0x000000b925600000)]
  0x0000024203ab2000 JavaThread "Cache worker for Build Output Cleanup Cache (D:\Androi\8-18090131-NguyenHuuLoc\.gradle\buildOutputCleanup)" [_thread_blocked, id=1452, stack(0x000000b925600000,0x000000b925700000)]
  0x0000024203aba000 JavaThread "Build operations" [_thread_blocked, id=8832, stack(0x000000b925300000,0x000000b925400000)]
  0x0000024203abd000 JavaThread "Build operations Thread 2" [_thread_blocked, id=11180, stack(0x000000b925700000,0x000000b925800000)]
  0x0000024203ab9000 JavaThread "Build operations Thread 3" [_thread_blocked, id=12952, stack(0x000000b925800000,0x000000b925900000)]
  0x0000024203abb000 JavaThread "Build operations Thread 4" [_thread_blocked, id=3576, stack(0x000000b925900000,0x000000b925a00000)]
  0x0000024203abe000 JavaThread "jar transforms Thread 4" [_thread_blocked, id=4900, stack(0x000000b925a00000,0x000000b925b00000)]

Other Threads:
=>0x000002427ec28800 VMThread "VM Thread" [stack: 0x000000b922e00000,0x000000b922f00000] [id=10088]
  0x000002427f6ac800 WatcherThread [stack: 0x000000b923800000,0x000000b923900000] [id=7416]
  0x00000242668c3000 GCTaskThread "GC Thread#0" [stack: 0x000000b922900000,0x000000b922a00000] [id=3428]
  0x0000024202179000 GCTaskThread "GC Thread#1" [stack: 0x000000b923a00000,0x000000b923b00000] [id=11220]
  0x00000242022a0800 GCTaskThread "GC Thread#2" [stack: 0x000000b923b00000,0x000000b923c00000] [id=9920]
  0x00000242030af800 GCTaskThread "GC Thread#3" [stack: 0x000000b924200000,0x000000b924300000] [id=11396]
  0x00000242668f3800 ConcurrentGCThread "G1 Main Marker" [stack: 0x000000b922a00000,0x000000b922b00000] [id=2512]
  0x00000242668f7000 ConcurrentGCThread "G1 Conc#0" [stack: 0x000000b922b00000,0x000000b922c00000] [id=2936]
  0x0000024266984000 ConcurrentGCThread "G1 Refine#0" [stack: 0x000000b922c00000,0x000000b922d00000] [id=8940]
  0x0000024266985000 ConcurrentGCThread "G1 Young RemSet Sampling" [stack: 0x000000b922d00000,0x000000b922e00000] [id=3960]

Threads with active compile tasks:

VM state:at safepoint (normal execution)

VM Mutex/Monitor currently owned by a thread:  ([mutex/lock_event])
[0x00000242668a7f20] Threads_lock - owner thread: 0x000002427ec28800
[0x00000242668a81f0] Heap_lock - owner thread: 0x00000242030af000

Heap address: 0x0000000080000000, size: 2048 MB, Compressed Oops mode: 32-bit
Narrow klass base: 0x0000000000000000, Narrow klass shift: 3
Compressed class space size: 1073741824 Address: 0x0000000100000000

Heap:
 garbage-first heap   total 220160K, used 42134K [0x0000000080000000, 0x0000000100000000)
  region size 1024K, 10 young (10240K), 10 survivors (10240K)
 Metaspace       used 51676K, capacity 53092K, committed 53372K, reserved 1095680K
  class space    used 6582K, capacity 7088K, committed 7168K, reserved 1048576K
Heap Regions: E=young(eden), S=young(survivor), O=old, HS=humongous(starts), HC=humongous(continues), CS=collection set, F=free, A=archive, TAMS=top-at-mark-start (previous, next)
|   0|0x0000000080000000, 0x0000000080100000, 0x0000000080100000|100%|HS|  |TAMS 0x0000000080100000, 0x0000000080000000| Complete 
|   1|0x0000000080100000, 0x0000000080200000, 0x0000000080200000|100%|HC|  |TAMS 0x0000000080200000, 0x0000000080100000| Complete 
|   2|0x0000000080200000, 0x0000000080300000, 0x0000000080300000|100%|HC|  |TAMS 0x0000000080300000, 0x0000000080200000| Complete 
|   3|0x0000000080300000, 0x0000000080400000, 0x0000000080400000|100%| O|  |TAMS 0x0000000080400000, 0x0000000080300000| Untracked 
|   4|0x0000000080400000, 0x0000000080500000, 0x0000000080500000|100%| O|  |TAMS 0x0000000080500000, 0x0000000080400000| Untracked 
|   5|0x0000000080500000, 0x0000000080600000, 0x0000000080600000|100%| O|  |TAMS 0x0000000080600000, 0x0000000080500000| Untracked 
|   6|0x0000000080600000, 0x0000000080700000, 0x0000000080700000|100%| O|  |TAMS 0x0000000080700000, 0x0000000080600000| Untracked 
|   7|0x0000000080700000, 0x0000000080800000, 0x0000000080800000|100%| O|  |TAMS 0x0000000080800000, 0x0000000080700000| Untracked 
|   8|0x0000000080800000, 0x0000000080900000, 0x0000000080900000|100%| O|  |TAMS 0x0000000080900000, 0x0000000080800000| Untracked 
|   9|0x0000000080900000, 0x0000000080a00000, 0x0000000080a00000|100%| O|  |TAMS 0x0000000080a00000, 0x0000000080900000| Untracked 
|  10|0x0000000080a00000, 0x0000000080b00000, 0x0000000080b00000|100%| O|  |TAMS 0x0000000080b00000, 0x0000000080a00000| Untracked 
|  11|0x0000000080b00000, 0x0000000080c00000, 0x0000000080c00000|100%| O|  |TAMS 0x0000000080c00000, 0x0000000080b00000| Untracked 
|  12|0x0000000080c00000, 0x0000000080d00000, 0x0000000080d00000|100%| O|  |TAMS 0x0000000080d00000, 0x0000000080c00000| Untracked 
|  13|0x0000000080d00000, 0x0000000080e00000, 0x0000000080e00000|100%| O|  |TAMS 0x0000000080e00000, 0x0000000080d00000| Untracked 
|  14|0x0000000080e00000, 0x0000000080f00000, 0x0000000080f00000|100%| O|  |TAMS 0x0000000080f00000, 0x0000000080e00000| Untracked 
|  15|0x0000000080f00000, 0x0000000081000000, 0x0000000081000000|100%| O|  |TAMS 0x0000000080f2e200, 0x0000000080f00000| Untracked 
|  16|0x0000000081000000, 0x0000000081100000, 0x0000000081100000|100%|HS|  |TAMS 0x0000000081000000, 0x0000000081000000| Complete 
|  17|0x0000000081100000, 0x0000000081200000, 0x0000000081200000|100%| O|  |TAMS 0x0000000081100000, 0x0000000081100000| Untracked 
|  18|0x0000000081200000, 0x0000000081300000, 0x0000000081300000|100%| O|  |TAMS 0x0000000081200000, 0x0000000081200000| Untracked 
|  19|0x0000000081300000, 0x0000000081400000, 0x0000000081400000|100%| O|  |TAMS 0x0000000081300000, 0x0000000081300000| Untracked 
|  20|0x0000000081400000, 0x0000000081500000, 0x0000000081500000|100%| O|  |TAMS 0x0000000081400000, 0x0000000081400000| Untracked 
|  21|0x0000000081500000, 0x0000000081600000, 0x0000000081600000|100%| O|  |TAMS 0x0000000081500000, 0x0000000081500000| Untracked 
|  22|0x0000000081600000, 0x0000000081700000, 0x0000000081700000|100%| O|  |TAMS 0x0000000081600000, 0x0000000081600000| Untracked 
|  23|0x0000000081700000, 0x0000000081800000, 0x0000000081800000|100%|HS|  |TAMS 0x0000000081700000, 0x0000000081700000| Complete 
|  24|0x0000000081800000, 0x0000000081900000, 0x0000000081900000|100%|HS|  |TAMS 0x0000000081800000, 0x0000000081800000| Complete 
|  25|0x0000000081900000, 0x0000000081a00000, 0x0000000081a00000|100%|HC|  |TAMS 0x0000000081900000, 0x0000000081900000| Complete 
|  26|0x0000000081a00000, 0x0000000081b00000, 0x0000000081b00000|100%| O|  |TAMS 0x0000000081a00000, 0x0000000081a00000| Untracked 
|  27|0x0000000081b00000, 0x0000000081c00000, 0x0000000081c00000|100%| O|  |TAMS 0x0000000081b00000, 0x0000000081b00000| Untracked 
|  28|0x0000000081c00000, 0x0000000081d00000, 0x0000000081d00000|100%| O|  |TAMS 0x0000000081c00000, 0x0000000081c00000| Untracked 
|  29|0x0000000081d00000, 0x0000000081e00000, 0x0000000081e00000|100%| O|  |TAMS 0x0000000081d00000, 0x0000000081d00000| Untracked 
|  30|0x0000000081e00000, 0x0000000081f00000, 0x0000000081f00000|100%| O|  |TAMS 0x0000000081e00000, 0x0000000081e00000| Untracked 
|  31|0x0000000081f00000, 0x0000000081f25a00, 0x0000000082000000| 14%| O|  |TAMS 0x0000000081f00000, 0x0000000081f00000| Untracked 
|  32|0x0000000082000000, 0x0000000082000000, 0x0000000082100000|  0%| F|  |TAMS 0x0000000082000000, 0x0000000082000000| Untracked 
|  33|0x0000000082100000, 0x0000000082100000, 0x0000000082200000|  0%| F|  |TAMS 0x0000000082100000, 0x0000000082100000| Untracked 
|  34|0x0000000082200000, 0x0000000082200000, 0x0000000082300000|  0%| F|  |TAMS 0x0000000082200000, 0x0000000082200000| Untracked 
|  35|0x0000000082300000, 0x0000000082300000, 0x0000000082400000|  0%| F|  |TAMS 0x0000000082300000, 0x0000000082300000| Untracked 
|  36|0x0000000082400000, 0x0000000082400000, 0x0000000082500000|  0%| F|  |TAMS 0x0000000082400000, 0x0000000082400000| Untracked 
|  37|0x0000000082500000, 0x0000000082500000, 0x0000000082600000|  0%| F|  |TAMS 0x0000000082500000, 0x0000000082500000| Untracked 
|  38|0x0000000082600000, 0x0000000082600000, 0x0000000082700000|  0%| F|  |TAMS 0x0000000082600000, 0x0000000082600000| Untracked 
|  39|0x0000000082700000, 0x0000000082700000, 0x0000000082800000|  0%| F|  |TAMS 0x0000000082700000, 0x0000000082700000| Untracked 
|  40|0x0000000082800000, 0x0000000082800000, 0x0000000082900000|  0%| F|  |TAMS 0x0000000082800000, 0x0000000082800000| Untracked 
|  41|0x0000000082900000, 0x0000000082900000, 0x0000000082a00000|  0%| F|  |TAMS 0x0000000082900000, 0x0000000082900000| Untracked 
|  42|0x0000000082a00000, 0x0000000082a00000, 0x0000000082b00000|  0%| F|  |TAMS 0x0000000082a00000, 0x0000000082a00000| Untracked 
|  43|0x0000000082b00000, 0x0000000082c00000, 0x0000000082c00000|100%| S|CS|TAMS 0x0000000082b00000, 0x0000000082b00000| Complete 
|  44|0x0000000082c00000, 0x0000000082d00000, 0x0000000082d00000|100%| S|CS|TAMS 0x0000000082c00000, 0x0000000082c00000| Complete 
|  45|0x0000000082d00000, 0x0000000082e00000, 0x0000000082e00000|100%| S|CS|TAMS 0x0000000082d00000, 0x0000000082d00000| Complete 
|  46|0x0000000082e00000, 0x0000000082f00000, 0x0000000082f00000|100%| S|CS|TAMS 0x0000000082e00000, 0x0000000082e00000| Complete 
|  47|0x0000000082f00000, 0x0000000083000000, 0x0000000083000000|100%| S|CS|TAMS 0x0000000082f00000, 0x0000000082f00000| Complete 
|  48|0x0000000083000000, 0x0000000083100000, 0x0000000083100000|100%| S|CS|TAMS 0x0000000083000000, 0x0000000083000000| Complete 
|  49|0x0000000083100000, 0x0000000083200000, 0x0000000083200000|100%| S|CS|TAMS 0x0000000083100000, 0x0000000083100000| Complete 
|  50|0x0000000083200000, 0x0000000083300000, 0x0000000083300000|100%| S|CS|TAMS 0x0000000083200000, 0x0000000083200000| Complete 
|  51|0x0000000083300000, 0x0000000083400000, 0x0000000083400000|100%| S|CS|TAMS 0x0000000083300000, 0x0000000083300000| Complete 
|  52|0x0000000083400000, 0x0000000083500000, 0x0000000083500000|100%| S|CS|TAMS 0x0000000083400000, 0x0000000083400000| Complete 
|  53|0x0000000083500000, 0x0000000083500000, 0x0000000083600000|  0%| F|  |TAMS 0x0000000083500000, 0x0000000083500000| Untracked 
|  54|0x0000000083600000, 0x0000000083600000, 0x0000000083700000|  0%| F|  |TAMS 0x0000000083600000, 0x0000000083600000| Untracked 
|  55|0x0000000083700000, 0x0000000083700000, 0x0000000083800000|  0%| F|  |TAMS 0x0000000083700000, 0x0000000083700000| Untracked 
|  56|0x0000000083800000, 0x0000000083800000, 0x0000000083900000|  0%| F|  |TAMS 0x0000000083800000, 0x0000000083800000| Untracked 
|  57|0x0000000083900000, 0x0000000083900000, 0x0000000083a00000|  0%| F|  |TAMS 0x0000000083900000, 0x0000000083900000| Untracked 
|  58|0x0000000083a00000, 0x0000000083a00000, 0x0000000083b00000|  0%| F|  |TAMS 0x0000000083a00000, 0x0000000083a00000| Untracked 
|  59|0x0000000083b00000, 0x0000000083b00000, 0x0000000083c00000|  0%| F|  |TAMS 0x0000000083b00000, 0x0000000083b00000| Untracked 
|  60|0x0000000083c00000, 0x0000000083c00000, 0x0000000083d00000|  0%| F|  |TAMS 0x0000000083c00000, 0x0000000083c00000| Untracked 
|  61|0x0000000083d00000, 0x0000000083d00000, 0x0000000083e00000|  0%| F|  |TAMS 0x0000000083d00000, 0x0000000083d00000| Untracked 
|  62|0x0000000083e00000, 0x0000000083e00000, 0x0000000083f00000|  0%| F|  |TAMS 0x0000000083e00000, 0x0000000083e00000| Untracked 
|  63|0x0000000083f00000, 0x0000000083f00000, 0x0000000084000000|  0%| F|  |TAMS 0x0000000083f00000, 0x0000000083f00000| Untracked 
|  64|0x0000000084000000, 0x0000000084000000, 0x0000000084100000|  0%| F|  |TAMS 0x0000000084000000, 0x0000000084000000| Untracked 
|  65|0x0000000084100000, 0x0000000084100000, 0x0000000084200000|  0%| F|  |TAMS 0x0000000084100000, 0x0000000084100000| Untracked 
|  66|0x0000000084200000, 0x0000000084200000, 0x0000000084300000|  0%| F|  |TAMS 0x0000000084200000, 0x0000000084200000| Untracked 
|  67|0x0000000084300000, 0x0000000084300000, 0x0000000084400000|  0%| F|  |TAMS 0x0000000084300000, 0x0000000084300000| Untracked 
|  68|0x0000000084400000, 0x0000000084400000, 0x0000000084500000|  0%| F|  |TAMS 0x0000000084400000, 0x0000000084400000| Untracked 
|  69|0x0000000084500000, 0x0000000084500000, 0x0000000084600000|  0%| F|  |TAMS 0x0000000084500000, 0x0000000084500000| Untracked 
|  70|0x0000000084600000, 0x0000000084600000, 0x0000000084700000|  0%| F|  |TAMS 0x0000000084600000, 0x0000000084600000| Untracked 
|  71|0x0000000084700000, 0x0000000084700000, 0x0000000084800000|  0%| F|  |TAMS 0x0000000084700000, 0x0000000084700000| Untracked 
|  72|0x0000000084800000, 0x0000000084800000, 0x0000000084900000|  0%| F|  |TAMS 0x0000000084800000, 0x0000000084800000| Untracked 
|  73|0x0000000084900000, 0x0000000084900000, 0x0000000084a00000|  0%| F|  |TAMS 0x0000000084900000, 0x0000000084900000| Untracked 
|  74|0x0000000084a00000, 0x0000000084a00000, 0x0000000084b00000|  0%| F|  |TAMS 0x0000000084a00000, 0x0000000084a00000| Untracked 
|  75|0x0000000084b00000, 0x0000000084b00000, 0x0000000084c00000|  0%| F|  |TAMS 0x0000000084b00000, 0x0000000084b00000| Untracked 
|  76|0x0000000084c00000, 0x0000000084c00000, 0x0000000084d00000|  0%| F|  |TAMS 0x0000000084c00000, 0x0000000084c00000| Untracked 
|  77|0x0000000084d00000, 0x0000000084d00000, 0x0000000084e00000|  0%| F|  |TAMS 0x0000000084d00000, 0x0000000084d00000| Untracked 
|  78|0x0000000084e00000, 0x0000000084e00000, 0x0000000084f00000|  0%| F|  |TAMS 0x0000000084e00000, 0x0000000084e00000| Untracked 
|  79|0x0000000084f00000, 0x0000000084f00000, 0x0000000085000000|  0%| F|  |TAMS 0x0000000084f00000, 0x0000000084f00000| Untracked 
|  80|0x0000000085000000, 0x0000000085000000, 0x0000000085100000|  0%| F|  |TAMS 0x0000000085000000, 0x0000000085000000| Untracked 
|  81|0x0000000085100000, 0x0000000085100000, 0x0000000085200000|  0%| F|  |TAMS 0x0000000085100000, 0x0000000085100000| Untracked 
|  82|0x0000000085200000, 0x0000000085200000, 0x0000000085300000|  0%| F|  |TAMS 0x0000000085200000, 0x0000000085200000| Untracked 
|  83|0x0000000085300000, 0x0000000085300000, 0x0000000085400000|  0%| F|  |TAMS 0x0000000085300000, 0x0000000085300000| Untracked 
|  84|0x0000000085400000, 0x0000000085400000, 0x0000000085500000|  0%| F|  |TAMS 0x0000000085400000, 0x0000000085400000| Untracked 
|  85|0x0000000085500000, 0x0000000085500000, 0x0000000085600000|  0%| F|  |TAMS 0x0000000085500000, 0x0000000085500000| Untracked 
|  86|0x0000000085600000, 0x0000000085600000, 0x0000000085700000|  0%| F|  |TAMS 0x0000000085600000, 0x0000000085600000| Untracked 
|  87|0x0000000085700000, 0x0000000085700000, 0x0000000085800000|  0%| F|  |TAMS 0x0000000085700000, 0x0000000085700000| Untracked 
|  88|0x0000000085800000, 0x0000000085800000, 0x0000000085900000|  0%| F|  |TAMS 0x0000000085800000, 0x0000000085800000| Untracked 
|  89|0x0000000085900000, 0x0000000085900000, 0x0000000085a00000|  0%| F|  |TAMS 0x0000000085900000, 0x0000000085900000| Untracked 
|  90|0x0000000085a00000, 0x0000000085a00000, 0x0000000085b00000|  0%| F|  |TAMS 0x0000000085a00000, 0x0000000085a00000| Untracked 
|  91|0x0000000085b00000, 0x0000000085b00000, 0x0000000085c00000|  0%| F|  |TAMS 0x0000000085b00000, 0x0000000085b00000| Untracked 
|  92|0x0000000085c00000, 0x0000000085c00000, 0x0000000085d00000|  0%| F|  |TAMS 0x0000000085c00000, 0x0000000085c00000| Untracked 
|  93|0x0000000085d00000, 0x0000000085d00000, 0x0000000085e00000|  0%| F|  |TAMS 0x0000000085d00000, 0x0000000085d00000| Untracked 
|  94|0x0000000085e00000, 0x0000000085e00000, 0x0000000085f00000|  0%| F|  |TAMS 0x0000000085e00000, 0x0000000085e00000| Untracked 
|  95|0x0000000085f00000, 0x0000000085f00000, 0x0000000086000000|  0%| F|  |TAMS 0x0000000085f00000, 0x0000000085f00000| Untracked 
|  96|0x0000000086000000, 0x0000000086000000, 0x0000000086100000|  0%| F|  |TAMS 0x0000000086000000, 0x0000000086000000| Untracked 
|  97|0x0000000086100000, 0x0000000086100000, 0x0000000086200000|  0%| F|  |TAMS 0x0000000086100000, 0x0000000086100000| Untracked 
|  98|0x0000000086200000, 0x0000000086200000, 0x0000000086300000|  0%| F|  |TAMS 0x0000000086200000, 0x0000000086200000| Untracked 
|  99|0x0000000086300000, 0x0000000086300000, 0x0000000086400000|  0%| F|  |TAMS 0x0000000086300000, 0x0000000086300000| Untracked 
| 100|0x0000000086400000, 0x0000000086400000, 0x0000000086500000|  0%| F|  |TAMS 0x0000000086400000, 0x0000000086400000| Untracked 
| 101|0x0000000086500000, 0x0000000086500000, 0x0000000086600000|  0%| F|  |TAMS 0x0000000086500000, 0x0000000086500000| Untracked 
| 102|0x0000000086600000, 0x0000000086600000, 0x0000000086700000|  0%| F|  |TAMS 0x0000000086600000, 0x0000000086600000| Untracked 
| 103|0x0000000086700000, 0x0000000086700000, 0x0000000086800000|  0%| F|  |TAMS 0x0000000086700000, 0x0000000086700000| Untracked 
| 104|0x0000000086800000, 0x0000000086800000, 0x0000000086900000|  0%| F|  |TAMS 0x0000000086800000, 0x0000000086800000| Untracked 
| 105|0x0000000086900000, 0x0000000086900000, 0x0000000086a00000|  0%| F|  |TAMS 0x0000000086900000, 0x0000000086900000| Untracked 
| 106|0x0000000086a00000, 0x0000000086a00000, 0x0000000086b00000|  0%| F|  |TAMS 0x0000000086a00000, 0x0000000086a00000| Untracked 
| 107|0x0000000086b00000, 0x0000000086b00000, 0x0000000086c00000|  0%| F|  |TAMS 0x0000000086b00000, 0x0000000086b00000| Untracked 
| 108|0x0000000086c00000, 0x0000000086c00000, 0x0000000086d00000|  0%| F|  |TAMS 0x0000000086c00000, 0x0000000086c00000| Untracked 
| 109|0x0000000086d00000, 0x0000000086d00000, 0x0000000086e00000|  0%| F|  |TAMS 0x0000000086d00000, 0x0000000086d00000| Untracked 
| 110|0x0000000086e00000, 0x0000000086e00000, 0x0000000086f00000|  0%| F|  |TAMS 0x0000000086e00000, 0x0000000086e00000| Untracked 
| 111|0x0000000086f00000, 0x0000000086f00000, 0x0000000087000000|  0%| F|  |TAMS 0x0000000086f00000, 0x0000000086f00000| Untracked 
| 112|0x0000000087000000, 0x0000000087000000, 0x0000000087100000|  0%| F|  |TAMS 0x0000000087000000, 0x0000000087000000| Untracked 
| 113|0x0000000087100000, 0x0000000087100000, 0x0000000087200000|  0%| F|  |TAMS 0x0000000087100000, 0x0000000087100000| Untracked 
| 114|0x0000000087200000, 0x0000000087200000, 0x0000000087300000|  0%| F|  |TAMS 0x0000000087200000, 0x0000000087200000| Untracked 
| 115|0x0000000087300000, 0x0000000087300000, 0x0000000087400000|  0%| F|  |TAMS 0x0000000087300000, 0x0000000087300000| Untracked 
| 116|0x0000000087400000, 0x0000000087400000, 0x0000000087500000|  0%| F|  |TAMS 0x0000000087400000, 0x0000000087400000| Untracked 
| 117|0x0000000087500000, 0x0000000087500000, 0x0000000087600000|  0%| F|  |TAMS 0x0000000087500000, 0x0000000087500000| Untracked 
| 118|0x0000000087600000, 0x0000000087600000, 0x0000000087700000|  0%| F|  |TAMS 0x0000000087600000, 0x0000000087600000| Untracked 
| 119|0x0000000087700000, 0x0000000087700000, 0x0000000087800000|  0%| F|  |TAMS 0x0000000087700000, 0x0000000087700000| Untracked 
| 120|0x0000000087800000, 0x0000000087800000, 0x0000000087900000|  0%| F|  |TAMS 0x0000000087800000, 0x0000000087800000| Untracked 
| 121|0x0000000087900000, 0x0000000087900000, 0x0000000087a00000|  0%| F|  |TAMS 0x0000000087900000, 0x0000000087900000| Untracked 
| 122|0x0000000087a00000, 0x0000000087a00000, 0x0000000087b00000|  0%| F|  |TAMS 0x0000000087a00000, 0x0000000087a00000| Untracked 
| 123|0x0000000087b00000, 0x0000000087b00000, 0x0000000087c00000|  0%| F|  |TAMS 0x0000000087b00000, 0x0000000087b00000| Untracked 
| 124|0x0000000087c00000, 0x0000000087c00000, 0x0000000087d00000|  0%| F|  |TAMS 0x0000000087c00000, 0x0000000087c00000| Untracked 
| 125|0x0000000087d00000, 0x0000000087d00000, 0x0000000087e00000|  0%| F|  |TAMS 0x0000000087d00000, 0x0000000087d00000| Untracked 
| 126|0x0000000087e00000, 0x0000000087e00000, 0x0000000087f00000|  0%| F|  |TAMS 0x0000000087e00000, 0x0000000087e00000| Untracked 
| 127|0x0000000087f00000, 0x0000000087f00000, 0x0000000088000000|  0%| F|  |TAMS 0x0000000087f00000, 0x0000000087f00000| Untracked 

Card table byte_map: [0x0000024279df0000,0x000002427a1f0000] _byte_map_base: 0x00000242799f0000

Marking Bits (Prev, Next): (CMBitMap*) 0x00000242668eae08, (CMBitMap*) 0x00000242668eae40
 Prev Bits: [0x000002427a5f0000, 0x000002427c5f0000)
 Next Bits: [0x000002427c5f0000, 0x000002427e5f0000)

Polling page: 0x000002426a3a0000

Metaspace:

Usage:
  Non-class:     44.93 MB capacity,    44.04 MB ( 98%) used,   776.41 KB (  2%) free+waste,   134.00 KB ( <1%) overhead. 
      Class:      6.92 MB capacity,     6.43 MB ( 93%) used,   441.53 KB (  6%) free+waste,    63.81 KB ( <1%) overhead. 
       Both:     51.85 MB capacity,    50.47 MB ( 97%) used,     1.19 MB (  2%) free+waste,   197.81 KB ( <1%) overhead. 

Virtual space:
  Non-class space:       46.00 MB reserved,      45.12 MB ( 98%) committed 
      Class space:        1.00 GB reserved,       7.00 MB ( <1%) committed 
             Both:        1.04 GB reserved,      52.12 MB (  5%) committed 

Chunk freelists:
   Non-Class:  8.00 KB
       Class:  16.00 KB
        Both:  24.00 KB

MaxMetaspaceSize: 17179869184.00 GB
CompressedClassSpaceSize: 1.00 GB

CodeHeap 'non-profiled nmethods': size=120064Kb used=3129Kb max_used=3129Kb free=116934Kb
 bounds [0x0000024271e80000, 0x0000024272190000, 0x00000242793c0000]
CodeHeap 'profiled nmethods': size=120000Kb used=10968Kb max_used=10968Kb free=109031Kb
 bounds [0x000002426a950000, 0x000002426b410000, 0x0000024271e80000]
CodeHeap 'non-nmethods': size=5696Kb used=2223Kb max_used=2249Kb free=3472Kb
 bounds [0x000002426a3c0000, 0x000002426a630000, 0x000002426a950000]
 total_blobs=6121 nmethods=5318 adapters=713
 compilation: enabled
              stopped_count=0, restarted_count=0
 full_count=0

Compilation events (20 events):
Event: 25.070 Thread 0x000002427ec52800 nmethod 5310 0x000002426b402910 code [0x000002426b402ae0, 0x000002426b402d78]
Event: 25.070 Thread 0x000002427ec52800 5311       3       java.lang.invoke.ClassSpecializer::classBCName (33 bytes)
Event: 25.070 Thread 0x000002427ec52800 nmethod 5311 0x000002426b402e90 code [0x000002426b403040, 0x000002426b403168]
Event: 25.072 Thread 0x000002427ec52800 5315       3       java.util.Arrays$ArrayList::size (6 bytes)
Event: 25.072 Thread 0x000002427ec52800 nmethod 5315 0x000002426b403210 code [0x000002426b4033c0, 0x000002426b4034d8]
Event: 25.073 Thread 0x000002427ec52800 5317       3       java.lang.invoke.DirectMethodHandle::preparedFieldLambdaForm (183 bytes)
Event: 25.074 Thread 0x000002427ec52800 nmethod 5317 0x000002426b403590 code [0x000002426b403800, 0x000002426b403f58]
Event: 25.074 Thread 0x000002427ec52800 5318       3       java.util.ImmutableCollections$AbstractImmutableList::<init> (5 bytes)
Event: 25.074 Thread 0x000002427ec52800 nmethod 5318 0x000002426b404290 code [0x000002426b404460, 0x000002426b404678]
Event: 25.079 Thread 0x000002427ec52800 5320       3       java.lang.invoke.ClassSpecializer$Factory$1Var::emitVarInstruction (73 bytes)
Event: 25.080 Thread 0x000002427ec52800 nmethod 5320 0x000002426b404790 code [0x000002426b404a40, 0x000002426b405578]
Event: 25.083 Thread 0x000002427ec52800 5323       3       java.net.URL::openConnection (9 bytes)
Event: 25.083 Thread 0x000002427ec52800 nmethod 5323 0x000002426b405a10 code [0x000002426b405bc0, 0x000002426b405d88]
Event: 25.085 Thread 0x000002427ec52800 5324       3       java.util.LinkedHashMap::<init> (11 bytes)
Event: 25.085 Thread 0x000002427ec52800 nmethod 5324 0x000002426b405e90 code [0x000002426b406080, 0x000002426b406228]
Event: 25.202 Thread 0x000002427ec4f800 nmethod 5313 0x0000024272189310 code [0x00000242721895e0, 0x000002427218b878]
Event: 25.231 Thread 0x000002427ec4f800 5325   !   4       java.lang.ClassLoader::loadClass (122 bytes)
Event: 25.268 Thread 0x000002427ec4f800 nmethod 5325 0x000002427218ca10 code [0x000002427218cc40, 0x000002427218daf8]
Event: 25.268 Thread 0x000002427ec4f800 5326       4       jdk.internal.loader.URLClassPath$JarLoader::findResource (18 bytes)
Event: 25.269 Thread 0x000002427ec4f800 nmethod 5326 0x000002427218e490 code [0x000002427218e640, 0x000002427218e6e8]

GC Heap History (19 events):
Event: 1.631 GC heap before
{Heap before GC invocations=0 (full 0):
 garbage-first heap   total 131072K, used 16384K [0x0000000080000000, 0x0000000100000000)
  region size 1024K, 14 young (14336K), 0 survivors (0K)
 Metaspace       used 6786K, capacity 7001K, committed 7168K, reserved 1056768K
  class space    used 586K, capacity 650K, committed 768K, reserved 1048576K
}
Event: 1.813 GC heap after
{Heap after GC invocations=1 (full 0):
 garbage-first heap   total 131072K, used 4347K [0x0000000080000000, 0x0000000100000000)
  region size 1024K, 2 young (2048K), 2 survivors (2048K)
 Metaspace       used 6786K, capacity 7001K, committed 7168K, reserved 1056768K
  class space    used 586K, capacity 650K, committed 768K, reserved 1048576K
}
Event: 2.612 GC heap before
{Heap before GC invocations=1 (full 0):
 garbage-first heap   total 131072K, used 17659K [0x0000000080000000, 0x0000000100000000)
  region size 1024K, 12 young (12288K), 2 survivors (2048K)
 Metaspace       used 9834K, capacity 10034K, committed 10368K, reserved 1058816K
  class space    used 1022K, capacity 1070K, committed 1152K, reserved 1048576K
}
Event: 2.615 GC heap after
{Heap after GC invocations=2 (full 0):
 garbage-first heap   total 131072K, used 9180K [0x0000000080000000, 0x0000000100000000)
  region size 1024K, 2 young (2048K), 2 survivors (2048K)
 Metaspace       used 9834K, capacity 10034K, committed 10368K, reserved 1058816K
  class space    used 1022K, capacity 1070K, committed 1152K, reserved 1048576K
}
Event: 3.219 GC heap before
{Heap before GC invocations=2 (full 0):
 garbage-first heap   total 131072K, used 35804K [0x0000000080000000, 0x0000000100000000)
  region size 1024K, 28 young (28672K), 2 survivors (2048K)
 Metaspace       used 10815K, capacity 11083K, committed 11264K, reserved 1058816K
  class space    used 1126K, capacity 1206K, committed 1280K, reserved 1048576K
}
Event: 3.222 GC heap after
{Heap after GC invocations=3 (full 0):
 garbage-first heap   total 131072K, used 9650K [0x0000000080000000, 0x0000000100000000)
  region size 1024K, 3 young (3072K), 3 survivors (3072K)
 Metaspace       used 10815K, capacity 11083K, committed 11264K, reserved 1058816K
  class space    used 1126K, capacity 1206K, committed 1280K, reserved 1048576K
}
Event: 7.295 GC heap before
{Heap before GC invocations=3 (full 0):
 garbage-first heap   total 131072K, used 49586K [0x0000000080000000, 0x0000000100000000)
  region size 1024K, 42 young (43008K), 3 survivors (3072K)
 Metaspace       used 16893K, capacity 17340K, committed 17536K, reserved 1064960K
  class space    used 1940K, capacity 2085K, committed 2176K, reserved 1048576K
}
Event: 7.326 GC heap after
{Heap after GC invocations=4 (full 0):
 garbage-first heap   total 131072K, used 15623K [0x0000000080000000, 0x0000000100000000)
  region size 1024K, 6 young (6144K), 6 survivors (6144K)
 Metaspace       used 16893K, capacity 17340K, committed 17536K, reserved 1064960K
  class space    used 1940K, capacity 2085K, committed 2176K, reserved 1048576K
}
Event: 8.124 GC heap before
{Heap before GC invocations=4 (full 0):
 garbage-first heap   total 131072K, used 46343K [0x0000000080000000, 0x0000000100000000)
  region size 1024K, 37 young (37888K), 6 survivors (6144K)
 Metaspace       used 20635K, capacity 21166K, committed 21296K, reserved 1069056K
  class space    used 2514K, capacity 2688K, committed 2688K, reserved 1048576K
}
Event: 8.132 GC heap after
{Heap after GC invocations=5 (full 0):
 garbage-first heap   total 131072K, used 16800K [0x0000000080000000, 0x0000000100000000)
  region size 1024K, 6 young (6144K), 6 survivors (6144K)
 Metaspace       used 20635K, capacity 21166K, committed 21296K, reserved 1069056K
  class space    used 2514K, capacity 2688K, committed 2688K, reserved 1048576K
}
Event: 10.366 GC heap before
{Heap before GC invocations=6 (full 0):
 garbage-first heap   total 131072K, used 70048K [0x0000000080000000, 0x0000000100000000)
  region size 1024K, 58 young (59392K), 6 survivors (6144K)
 Metaspace       used 25968K, capacity 26565K, committed 26928K, reserved 1073152K
  class space    used 3390K, capacity 3599K, committed 3712K, reserved 1048576K
}
Event: 10.378 GC heap after
{Heap after GC invocations=7 (full 0):
 garbage-first heap   total 131072K, used 18777K [0x0000000080000000, 0x0000000100000000)
  region size 1024K, 4 young (4096K), 4 survivors (4096K)
 Metaspace       used 25968K, capacity 26565K, committed 26928K, reserved 1073152K
  class space    used 3390K, capacity 3599K, committed 3712K, reserved 1048576K
}
Event: 12.875 GC heap before
{Heap before GC invocations=7 (full 0):
 garbage-first heap   total 131072K, used 74073K [0x0000000080000000, 0x0000000100000000)
  region size 1024K, 60 young (61440K), 4 survivors (4096K)
 Metaspace       used 34879K, capacity 35655K, committed 35708K, reserved 1081344K
  class space    used 4540K, capacity 4864K, committed 4864K, reserved 1048576K
}
Event: 12.893 GC heap after
{Heap after GC invocations=8 (full 0):
 garbage-first heap   total 131072K, used 22446K [0x0000000080000000, 0x0000000100000000)
  region size 1024K, 7 young (7168K), 7 survivors (7168K)
 Metaspace       used 34879K, capacity 35655K, committed 35708K, reserved 1081344K
  class space    used 4540K, capacity 4864K, committed 4864K, reserved 1048576K
}
Event: 15.810 GC heap before
{Heap before GC invocations=9 (full 0):
 garbage-first heap   total 131072K, used 96174K [0x0000000080000000, 0x0000000100000000)
  region size 1024K, 76 young (77824K), 7 survivors (7168K)
 Metaspace       used 40323K, capacity 41272K, committed 41596K, reserved 1085440K
  class space    used 5182K, capacity 5531K, committed 5632K, reserved 1048576K
}
Event: 15.827 GC heap after
{Heap after GC invocations=10 (full 0):
 garbage-first heap   total 131072K, used 27542K [0x0000000080000000, 0x0000000100000000)
  region size 1024K, 9 young (9216K), 9 survivors (9216K)
 Metaspace       used 40323K, capacity 41272K, committed 41596K, reserved 1085440K
  class space    used 5182K, capacity 5531K, committed 5632K, reserved 1048576K
}
Event: 19.665 GC heap before
{Heap before GC invocations=10 (full 0):
 garbage-first heap   total 131072K, used 95126K [0x0000000080000000, 0x0000000100000000)
  region size 1024K, 75 young (76800K), 9 survivors (9216K)
 Metaspace       used 46160K, capacity 47367K, committed 47484K, reserved 1091584K
  class space    used 5909K, capacity 6347K, committed 6400K, reserved 1048576K
}
Event: 19.692 GC heap after
{Heap after GC invocations=11 (full 0):
 garbage-first heap   total 131072K, used 30485K [0x0000000080000000, 0x0000000100000000)
  region size 1024K, 9 young (9216K), 9 survivors (9216K)
 Metaspace       used 46160K, capacity 47367K, committed 47484K, reserved 1091584K
  class space    used 5909K, capacity 6347K, committed 6400K, reserved 1048576K
}
Event: 25.271 GC heap before
{Heap before GC invocations=11 (full 0):
 garbage-first heap   total 131072K, used 101141K [0x0000000080000000, 0x0000000100000000)
  region size 1024K, 75 young (76800K), 9 survivors (9216K)
 Metaspace       used 51676K, capacity 53092K, committed 53372K, reserved 1095680K
  class space    used 6582K, capacity 7088K, committed 7168K, reserved 1048576K
}

Deoptimization events (20 events):
Event: 24.279 Thread 0x00000242030af000 Uncommon trap: trap_request=0xffffff4d fr.pc=0x00000242720399d4 relative=0x00000000000008d4
Event: 24.279 Thread 0x00000242030af000 Uncommon trap: reason=unstable_if action=reinterpret pc=0x00000242720399d4 method=java.io.BufferedInputStream.read([BII)I @ 56 c2
Event: 24.279 Thread 0x00000242030af000 DEOPT PACKING pc=0x00000242720399d4 sp=0x000000b9241f7520
Event: 24.279 Thread 0x00000242030af000 DEOPT UNPACKING pc=0x000002426a3e78af sp=0x000000b9241f74d8 mode 2
Event: 24.284 Thread 0x00000242030af000 Uncommon trap: trap_request=0xffffff4d fr.pc=0x0000024271f70ef4 relative=0x0000000000000054
Event: 24.284 Thread 0x00000242030af000 Uncommon trap: reason=unstable_if action=reinterpret pc=0x0000024271f70ef4 method=java.util.regex.Pattern.has(I)Z @ 6 c2
Event: 24.284 Thread 0x00000242030af000 DEOPT PACKING pc=0x0000024271f70ef4 sp=0x000000b9241f6560
Event: 24.284 Thread 0x00000242030af000 DEOPT UNPACKING pc=0x000002426a3e78af sp=0x000000b9241f64f0 mode 2
Event: 24.380 Thread 0x00000242030af000 Uncommon trap: trap_request=0xffffff45 fr.pc=0x000002427207b80c relative=0x0000000000000d4c
Event: 24.380 Thread 0x00000242030af000 Uncommon trap: reason=unstable_fused_if action=reinterpret pc=0x000002427207b80c method=org.objectweb.asm.ByteVector.putUTF8(Ljava/lang/String;)Lorg/objectweb/asm/ByteVector; @ 93 c2
Event: 24.381 Thread 0x00000242030af000 DEOPT PACKING pc=0x000002427207b80c sp=0x000000b9241f7fc0
Event: 24.381 Thread 0x00000242030af000 DEOPT UNPACKING pc=0x000002426a3e78af sp=0x000000b9241f7f18 mode 2
Event: 24.382 Thread 0x00000242030af000 Uncommon trap: trap_request=0xffffff4d fr.pc=0x000002427208b2b0 relative=0x0000000000005e70
Event: 24.382 Thread 0x00000242030af000 Uncommon trap: reason=unstable_if action=reinterpret pc=0x000002427208b2b0 method=org.objectweb.asm.Frame.execute(IILorg/objectweb/asm/Symbol;Lorg/objectweb/asm/SymbolTable;)V @ 1 c2
Event: 24.382 Thread 0x00000242030af000 DEOPT PACKING pc=0x000002427208b2b0 sp=0x000000b9241f81b0
Event: 24.382 Thread 0x00000242030af000 DEOPT UNPACKING pc=0x000002426a3e78af sp=0x000000b9241f8158 mode 2
Event: 24.413 Thread 0x00000242030af000 Uncommon trap: trap_request=0xffffff45 fr.pc=0x0000024271fc2d6c relative=0x000000000000020c
Event: 24.413 Thread 0x00000242030af000 Uncommon trap: reason=unstable_fused_if action=reinterpret pc=0x0000024271fc2d6c method=org.objectweb.asm.ByteVector.putUTF8(Ljava/lang/String;)Lorg/objectweb/asm/ByteVector; @ 93 c2
Event: 24.413 Thread 0x00000242030af000 DEOPT PACKING pc=0x0000024271fc2d6c sp=0x000000b9241f82f0
Event: 24.413 Thread 0x00000242030af000 DEOPT UNPACKING pc=0x000002426a3e78af sp=0x000000b9241f8270 mode 2

Classes redefined (0 events):
No events

Internal exceptions (20 events):
Event: 23.535 Thread 0x0000024203e37800 Exception <a 'java/lang/NoSuchMethodError'{0x0000000087f0b288}: <clinit>> (0x0000000087f0b288) thrown at [./src/hotspot/share/prims/jni.cpp, line 1362]
Event: 23.538 Thread 0x0000024203e37800 Exception <a 'java/lang/NoSuchMethodError'{0x0000000085c1ed30}: <clinit>> (0x0000000085c1ed30) thrown at [./src/hotspot/share/prims/jni.cpp, line 1362]
Event: 23.539 Thread 0x0000024203e37800 Exception <a 'java/lang/NoSuchMethodError'{0x0000000085c1fe40}: <clinit>> (0x0000000085c1fe40) thrown at [./src/hotspot/share/prims/jni.cpp, line 1362]
Event: 23.539 Thread 0x0000024203e37800 Exception <a 'java/lang/NoSuchMethodError'{0x0000000085c21148}: <clinit>> (0x0000000085c21148) thrown at [./src/hotspot/share/prims/jni.cpp, line 1362]
Event: 23.539 Thread 0x0000024203e37800 Exception <a 'java/lang/NoSuchMethodError'{0x0000000085c22168}: <clinit>> (0x0000000085c22168) thrown at [./src/hotspot/share/prims/jni.cpp, line 1362]
Event: 23.540 Thread 0x0000024203e37800 Exception <a 'java/lang/NoSuchMethodError'{0x0000000085c2bf50}: <clinit>> (0x0000000085c2bf50) thrown at [./src/hotspot/share/prims/jni.cpp, line 1362]
Event: 23.541 Thread 0x0000024203e37800 Exception <a 'java/lang/NoSuchMethodError'{0x0000000085c363d8}: <clinit>> (0x0000000085c363d8) thrown at [./src/hotspot/share/prims/jni.cpp, line 1362]
Event: 23.543 Thread 0x0000024203e37800 Exception <a 'java/lang/NoSuchMethodError'{0x0000000085cca218}: <clinit>> (0x0000000085cca218) thrown at [./src/hotspot/share/prims/jni.cpp, line 1362]
Event: 23.583 Thread 0x00000242030af000 Exception <a 'java/lang/ClassNotFoundException'{0x0000000085cb7b90}: build_4blq70gxqvhpk0531e2rleeixBeanInfo> (0x0000000085cb7b90) thrown at [./src/hotspot/share/classfile/systemDictionary.cpp, line 231]
Event: 23.583 Thread 0x00000242030af000 Exception <a 'java/lang/ClassNotFoundException'{0x0000000085b076a0}: build_4blq70gxqvhpk0531e2rleeixCustomizer> (0x0000000085b076a0) thrown at [./src/hotspot/share/classfile/systemDictionary.cpp, line 231]
Event: 23.593 Thread 0x00000242030af000 Exception <a 'java/lang/ClassNotFoundException'{0x0000000085b87b28}: org/gradle/plugin/use/internal/PluginRequestCollector$PluginDependenciesSpecImplBeanInfo> (0x0000000085b87b28) thrown at [./src/hotspot/share/classfile/systemDictionary.cpp, line 231]
Event: 23.594 Thread 0x00000242030af000 Exception <a 'java/lang/ClassNotFoundException'{0x0000000085bb59d8}: org/gradle/plugin/use/internal/PluginRequestCollector$PluginDependenciesSpecImplCustomizer> (0x0000000085bb59d8) thrown at [./src/hotspot/share/classfile/systemDictionary.cpp, line 231]
Event: 23.602 Thread 0x00000242030af000 Implicit null exception at 0x0000024272160f32 to 0x0000024272161130
Event: 23.654 Thread 0x00000242030af000 Exception <a 'java/lang/ClassNotFoundException'{0x0000000085833c48}: org/gradle/api/internal/plugins/DefaultObjectConfigurationActionBeanInfo> (0x0000000085833c48) thrown at [./src/hotspot/share/classfile/systemDictionary.cpp, line 231]
Event: 23.655 Thread 0x00000242030af000 Exception <a 'java/lang/ClassNotFoundException'{0x0000000085866fe8}: org/gradle/api/internal/plugins/DefaultObjectConfigurationActionCustomizer> (0x0000000085866fe8) thrown at [./src/hotspot/share/classfile/systemDictionary.cpp, line 231]
Event: 24.310 Thread 0x00000242030af000 Exception <a 'java/lang/NoSuchMethodError'{0x0000000084e3a920}: 'java.lang.Object java.lang.invoke.DirectMethodHandle$Holder.invokeStatic(java.lang.Object, java.lang.Object, java.lang.Object, java.lang.Object, int)'> (0x0000000084e3a920) thrown at [./src/hotspot/share/interpreter/linkResolver.cpp, line 773]
Event: 24.310 Thread 0x00000242030af000 Exception <a 'java/lang/NoSuchMethodError'{0x0000000084e450c8}: 'java.lang.Object java.lang.invoke.DirectMethodHandle$Holder.invokeSpecial(java.lang.Object, java.lang.Object, java.lang.Object, java.lang.Object, java.lang.Object, int)'> (0x0000000084e450c8) thrown at [./src/hotspot/share/interpreter/linkResolver.cpp, line 773]
Event: 24.311 Thread 0x00000242030af000 Exception <a 'java/lang/NoSuchMethodError'{0x0000000084e49708}: 'java.lang.Object java.lang.invoke.Invokers$Holder.linkToTargetMethod(java.lang.Object, java.lang.Object, java.lang.Object, int, java.lang.Object)'> (0x0000000084e49708) thrown at [./src/hotspot/share/interpreter/linkResolver.cpp, line 773]
Event: 25.056 Thread 0x00000242030af000 Exception <a 'java/lang/NoSuchMethodError'{0x000000008409a9f8}: 'java.lang.Object java.lang.invoke.DirectMethodHandle$Holder.invokeSpecial(java.lang.Object, java.lang.Object, int, int, java.lang.Object, java.lang.Object, java.lang.Object)'> (0x000000008409a9f8) thrown at [./src/hotspot/share/interpreter/linkResolver.cpp, line 773]
Event: 25.057 Thread 0x00000242030af000 Exception <a 'java/lang/NoSuchMethodError'{0x000000008409ef78}: 'java.lang.Object java.lang.invoke.DelegatingMethodHandle$Holder.reinvoke_L(java.lang.Object, int, int, java.lang.Object, java.lang.Object, java.lang.Object)'> (0x000000008409ef78) thrown at [./src/hotspot/share/interpreter/linkResolver.cpp, line 773]

Events (20 events):
Event: 25.233 loading class org/apache/xerces/parsers/SecuritySupport$3 done
Event: 25.233 loading class org/apache/xerces/parsers/SecuritySupport$7
Event: 25.233 loading class org/apache/xerces/parsers/SecuritySupport$7 done
Event: 25.234 loading class org/apache/xerces/parsers/SecuritySupport$6
Event: 25.234 loading class org/apache/xerces/parsers/SecuritySupport$6 done
Event: 25.234 loading class org/apache/xerces/parsers/XIncludeAwareParserConfiguration
Event: 25.234 loading class org/apache/xerces/parsers/XIncludeAwareParserConfiguration done
Event: 25.235 loading class org/apache/xerces/parsers/XML11Configuration
Event: 25.235 loading class org/apache/xerces/parsers/XML11Configuration done
Event: 25.240 loading class org/apache/xerces/xni/parser/XMLPullParserConfiguration
Event: 25.240 loading class org/apache/xerces/xni/parser/XMLPullParserConfiguration done
Event: 25.241 loading class org/apache/xerces/xni/parser/XMLParserConfiguration
Event: 25.241 loading class org/apache/xerces/xni/parser/XMLParserConfiguration done
Event: 25.242 loading class org/apache/xerces/parsers/XML11Configurable
Event: 25.242 loading class org/apache/xerces/parsers/XML11Configurable done
Event: 25.243 loading class org/apache/xerces/util/ParserConfigurationSettings
Event: 25.243 loading class org/apache/xerces/util/ParserConfigurationSettings done
Event: 25.271 loading class org/apache/xerces/xni/XMLLocator
Event: 25.271 loading class org/apache/xerces/xni/XMLLocator done
Event: 25.271 Executing VM operation: G1CollectForAllocation


Dynamic libraries:
0x00007ff6929d0000 - 0x00007ff6929da000 	D:\Nam 4\androi\jre\bin\java.exe
0x00007ffbcc6d0000 - 0x00007ffbcc8c5000 	C:\WINDOWS\SYSTEM32\ntdll.dll
0x00007ffbcada0000 - 0x00007ffbcae5e000 	C:\WINDOWS\System32\KERNEL32.DLL
0x00007ffbc9fd0000 - 0x00007ffbca299000 	C:\WINDOWS\System32\KERNELBASE.dll
0x00007ffbc9ed0000 - 0x00007ffbc9fd0000 	C:\WINDOWS\System32\ucrtbase.dll
0x00007ffba9980000 - 0x00007ffba9999000 	D:\Nam 4\androi\jre\bin\jli.dll
0x00007ffbcb790000 - 0x00007ffbcb931000 	C:\WINDOWS\System32\USER32.dll
0x00007ffbc9e40000 - 0x00007ffbc9e62000 	C:\WINDOWS\System32\win32u.dll
0x00007ffbcb750000 - 0x00007ffbcb77b000 	C:\WINDOWS\System32\GDI32.dll
0x00007ffbca4e0000 - 0x00007ffbca5eb000 	C:\WINDOWS\System32\gdi32full.dll
0x00007ffbca5f0000 - 0x00007ffbca68d000 	C:\WINDOWS\System32\msvcp_win.dll
0x00007ffba9750000 - 0x00007ffba9767000 	D:\Nam 4\androi\jre\bin\VCRUNTIME140.dll
0x00007ffbc92e0000 - 0x00007ffbc957a000 	C:\WINDOWS\WinSxS\amd64_microsoft.windows.common-controls_6595b64144ccf1df_6.0.19041.1110_none_60b5254171f9507e\COMCTL32.dll
0x00007ffbcbad0000 - 0x00007ffbcbb6e000 	C:\WINDOWS\System32\msvcrt.dll
0x00007ffbcc510000 - 0x00007ffbcc540000 	C:\WINDOWS\System32\IMM32.DLL
0x00007ffba15b0000 - 0x00007ffba164d000 	D:\Nam 4\androi\jre\bin\msvcp140.dll
0x00007ffb7cdc0000 - 0x00007ffb7d88f000 	D:\Nam 4\androi\jre\bin\server\jvm.dll
0x00007ffbcbb70000 - 0x00007ffbcbc1c000 	C:\WINDOWS\System32\ADVAPI32.dll
0x00007ffbcab80000 - 0x00007ffbcac1b000 	C:\WINDOWS\System32\sechost.dll
0x00007ffbca720000 - 0x00007ffbca84a000 	C:\WINDOWS\System32\RPCRT4.dll
0x00007ffbcb780000 - 0x00007ffbcb788000 	C:\WINDOWS\System32\PSAPI.DLL
0x00007ffbb36d0000 - 0x00007ffbb36d9000 	C:\WINDOWS\SYSTEM32\WSOCK32.dll
0x00007ffbcaa90000 - 0x00007ffbcaafb000 	C:\WINDOWS\System32\WS2_32.dll
0x00007ffbb7c40000 - 0x00007ffbb7c67000 	C:\WINDOWS\SYSTEM32\WINMM.dll
0x00007ffbc69e0000 - 0x00007ffbc69ea000 	C:\WINDOWS\SYSTEM32\VERSION.dll
0x00007ffbc79a0000 - 0x00007ffbc79b2000 	C:\WINDOWS\SYSTEM32\kernel.appcore.dll
0x00007ffbbed60000 - 0x00007ffbbed71000 	D:\Nam 4\androi\jre\bin\verify.dll
0x00007ffbc9810000 - 0x00007ffbc99f4000 	C:\WINDOWS\SYSTEM32\DBGHELP.DLL
0x00007ffbc9760000 - 0x00007ffbc978c000 	C:\WINDOWS\SYSTEM32\dbgcore.DLL
0x00007ffbca690000 - 0x00007ffbca713000 	C:\WINDOWS\System32\bcryptPrimitives.dll
0x00007ffbb5480000 - 0x00007ffbb54a9000 	D:\Nam 4\androi\jre\bin\java.dll
0x00007ffbbed00000 - 0x00007ffbbed0b000 	D:\Nam 4\androi\jre\bin\jimage.dll
0x00007ffbb5460000 - 0x00007ffbb5478000 	D:\Nam 4\androi\jre\bin\zip.dll
0x00007ffbcae70000 - 0x00007ffbcb5af000 	C:\WINDOWS\System32\SHELL32.dll
0x00007ffbc7120000 - 0x00007ffbc78b0000 	C:\WINDOWS\SYSTEM32\windows.storage.dll
0x00007ffbcbc20000 - 0x00007ffbcbf75000 	C:\WINDOWS\System32\combase.dll
0x00007ffbc9020000 - 0x00007ffbc904c000 	C:\WINDOWS\SYSTEM32\Wldp.dll
0x00007ffbcac20000 - 0x00007ffbcacce000 	C:\WINDOWS\System32\SHCORE.dll
0x00007ffbcab20000 - 0x00007ffbcab75000 	C:\WINDOWS\System32\shlwapi.dll
0x00007ffbc9d30000 - 0x00007ffbc9d4f000 	C:\WINDOWS\SYSTEM32\profapi.dll
0x00007ffbb5440000 - 0x00007ffbb545a000 	D:\Nam 4\androi\jre\bin\net.dll
0x00007ffbb5580000 - 0x00007ffbb5688000 	C:\WINDOWS\SYSTEM32\WINHTTP.dll
0x00007ffbc8e90000 - 0x00007ffbc8efa000 	C:\WINDOWS\system32\mswsock.dll
0x00007ffbb53e0000 - 0x00007ffbb53f4000 	D:\Nam 4\androi\jre\bin\nio.dll
0x00007ffbc4940000 - 0x00007ffbc4967000 	D:\Nam 4\gradle\gradle-7.0.2\native\8bec1ad78214c89d9ad589b4d07fe93259594b29d510b10fafb7a158f7737e5d\windows-amd64\native-platform.dll
0x00007ffb77e40000 - 0x00007ffb77f7d000 	D:\Nam 4\gradle\gradle-7.0.2\native\53dbd7edfb1c66fb8903c78663c9afc45aea4f116125fa6feffd364cf09443e8\windows-amd64\native-platform-file-events.dll
0x00007ffbb5430000 - 0x00007ffbb543a000 	D:\Nam 4\androi\jre\bin\management.dll
0x00007ffbb53d0000 - 0x00007ffbb53dc000 	D:\Nam 4\androi\jre\bin\management_ext.dll
0x00007ffbc9b70000 - 0x00007ffbc9b88000 	C:\WINDOWS\SYSTEM32\CRYPTSP.dll
0x00007ffbc8850000 - 0x00007ffbc8884000 	C:\WINDOWS\system32\rsaenh.dll
0x00007ffbca4b0000 - 0x00007ffbca4d7000 	C:\WINDOWS\System32\bcrypt.dll
0x00007ffbc9cf0000 - 0x00007ffbc9d1e000 	C:\WINDOWS\SYSTEM32\USERENV.dll
0x00007ffbc90d0000 - 0x00007ffbc90dc000 	C:\WINDOWS\SYSTEM32\CRYPTBASE.dll
0x00007ffbc8ba0000 - 0x00007ffbc8bdb000 	C:\WINDOWS\SYSTEM32\IPHLPAPI.DLL
0x00007ffbcc540000 - 0x00007ffbcc548000 	C:\WINDOWS\System32\NSI.dll
0x00007ffbc0030000 - 0x00007ffbc0047000 	C:\WINDOWS\SYSTEM32\dhcpcsvc6.DLL
0x00007ffbc0090000 - 0x00007ffbc00ad000 	C:\WINDOWS\SYSTEM32\dhcpcsvc.DLL
0x00007ffbc8be0000 - 0x00007ffbc8cac000 	C:\WINDOWS\SYSTEM32\DNSAPI.dll

dbghelp: loaded successfully - version: 4.0.5 - missing functions: none
symbol engine: initialized successfully - sym options: 0x614 - pdb path: .;D:\Nam 4\androi\jre\bin;C:\WINDOWS\SYSTEM32;C:\WINDOWS\WinSxS\amd64_microsoft.windows.common-controls_6595b64144ccf1df_6.0.19041.1110_none_60b5254171f9507e;D:\Nam 4\androi\jre\bin\server;D:\Nam 4\gradle\gradle-7.0.2\native\8bec1ad78214c89d9ad589b4d07fe93259594b29d510b10fafb7a158f7737e5d\windows-amd64;D:\Nam 4\gradle\gradle-7.0.2\native\53dbd7edfb1c66fb8903c78663c9afc45aea4f116125fa6feffd364cf09443e8\windows-amd64

VM Arguments:
jvm_args: --add-opens=java.base/java.util=ALL-UNNAMED --add-opens=java.base/java.lang=ALL-UNNAMED --add-opens=java.base/java.lang.invoke=ALL-UNNAMED --add-opens=java.base/java.util=ALL-UNNAMED --add-opens=java.prefs/java.util.prefs=ALL-UNNAMED --add-opens=java.prefs/java.util.prefs=ALL-UNNAMED --add-opens=java.base/java.nio.charset=ALL-UNNAMED --add-opens=java.base/java.net=ALL-UNNAMED --add-opens=java.base/java.util.concurrent.atomic=ALL-UNNAMED -Xmx2048m -Dfile.encoding=UTF-8 -Duser.country=US -Duser.language=en -Duser.variant 
java_command: org.gradle.launcher.daemon.bootstrap.GradleDaemon 7.0.2
java_class_path (initial): D:\Nam 4\gradle\gradle-7.0.2\wrapper\dists\gradle-7.0.2-bin\857tjihv64xamwrf0h14cai3r\gradle-7.0.2\lib\gradle-launcher-7.0.2.jar
Launcher Type: SUN_STANDARD

[Global flags]
     intx CICompilerCount                          = 3                                         {product} {ergonomic}
     uint ConcGCThreads                            = 1                                         {product} {ergonomic}
     uint G1ConcRefinementThreads                  = 4                                         {product} {ergonomic}
   size_t G1HeapRegionSize                         = 1048576                                   {product} {ergonomic}
    uintx GCDrainStackTargetSize                   = 64                                        {product} {ergonomic}
   size_t InitialHeapSize                          = 134217728                                 {product} {ergonomic}
   size_t MarkStackSize                            = 4194304                                   {product} {ergonomic}
   size_t MaxHeapSize                              = 2147483648                                {product} {command line}
   size_t MaxNewSize                               = 1287651328                                {product} {ergonomic}
   size_t MinHeapDeltaBytes                        = 1048576                                   {product} {ergonomic}
    uintx NonNMethodCodeHeapSize                   = 5830732                                {pd product} {ergonomic}
    uintx NonProfiledCodeHeapSize                  = 122913754                              {pd product} {ergonomic}
    uintx ProfiledCodeHeapSize                     = 122913754                              {pd product} {ergonomic}
    uintx ReservedCodeCacheSize                    = 251658240                              {pd product} {ergonomic}
     bool SegmentedCodeCache                       = true                                      {product} {ergonomic}
     bool UseCompressedClassPointers               = true                                 {lp64_product} {ergonomic}
     bool UseCompressedOops                        = true                                 {lp64_product} {ergonomic}
     bool UseG1GC                                  = true                                      {product} {ergonomic}
     bool UseLargePagesIndividualAllocation        = false                                  {pd product} {ergonomic}

Logging:
Log output configuration:
 #0: stdout all=warning uptime,level,tags
 #1: stderr all=off uptime,level,tags

Environment Variables:
PATH=C:\WINDOWS\system32;C:\WINDOWS;C:\WINDOWS\System32\Wbem;C:\WINDOWS\System32\WindowsPowerShell\v1.0\;C:\WINDOWS\System32\OpenSSH\;C:\Program Files (x86)\Microsoft SQL Server\110\Tools\Binn\;C:\Program Files\Microsoft SQL Server\110\Tools\Binn\;C:\Program Files\Microsoft SQL Server\110\DTS\Binn\;C:\Program Files (x86)\Microsoft SQL Server\110\Tools\Binn\ManagementStudio\;C:\Program Files (x86)\Microsoft Visual Studio 10.0\Common7\IDE\PrivateAssemblies\;C:\Program Files (x86)\Microsoft SQL Server\110\DTS\Binn\;C:\Program Files\Java\jdk-11.0.1\bin;C:\Program Files\dotnet\;C:\Program Files\Microsoft SQL Server\130\Tools\Binn\;C:\Program Files\Microsoft SQL Server\Client SDK\ODBC\170\Tools\Binn\;C:\Program Files\Git\cmd;C:\Program Files\nodejs\;C:\Users\Loc DEV\AppData\Roaming\npm;C:\Program Files\nodejs\;C:\Program Files\MySQL\MySQL Shell 8.0\bin\;C:\Users\Loc DEV\AppData\Local\Microsoft\WindowsApps;C:\Users\Loc DEV\.dotnet\tools;C:\Users\Loc DEV\AppData\Roaming\npm;C:\Users\Loc DEV\AppData\Local\Programs\Microsoft VS Code\bin;C:\Program Files\nodejs\;C:\Users\Loc DEV\AppData\Roaming\npm;C:\Program Files\nodejs\;
USERNAME=Loc DEV
OS=Windows_NT
PROCESSOR_IDENTIFIER=Intel64 Family 6 Model 142 Stepping 9, GenuineIntel



---------------  S Y S T E M  ---------------

OS: Windows 10 , 64 bit Build 19041 (10.0.19041.1202)
OS uptime: 0 days 1:33 hours

CPU:total 4 (initial active 4) (2 cores per cpu, 2 threads per core) family 6 model 142 stepping 9 microcode 0xb4, cmov, cx8, fxsr, mmx, sse, sse2, sse3, ssse3, sse4.1, sse4.2, popcnt, avx, avx2, aes, clmul, erms, 3dnowpref, lzcnt, ht, tsc, tscinvbit, bmi1, bmi2, adx, fma

Memory: 4k page, system-wide physical 8090M (316M free)
TotalPageFile size 12186M (AvailPageFile size 6M)
current process WorkingSet (physical memory assigned to process): 272M, peak: 274M
current process commit charge ("private bytes"): 313M, peak: 400M

vm_info: OpenJDK 64-Bit Server VM (11.0.10+0-b96-7249189) for windows-amd64 JRE (11.0.10+0-b96-7249189), built on Mar 31 2021 21:44:00 by "builder" with MS VC++ 14.0 (VS2015)

END.
