#
# There is insufficient memory for the Java Runtime Environment to continue.
# Native memory allocation (mmap) failed to map 134217728 bytes for Failed to commit area from 0x0000000081800000 to 0x0000000089800000 of length 134217728.
# Possible reasons:
#   The system is out of physical RAM or swap space
#   The process is running with CompressedOops enabled, and the Java Heap may be blocking the growth of the native heap
# Possible solutions:
#   Reduce memory load on the system
#   Increase physical memory or swap space
#   Check if swap backing store is full
#   Decrease Java heap size (-Xmx/-Xms)
#   Decrease number of Java threads
#   Decrease Java thread stack sizes (-Xss)
#   Set larger code cache with -XX:ReservedCodeCacheSize=
# This output file may be truncated or incomplete.
#
#  Out of Memory Error (./src/hotspot/os/windows/os_windows.cpp:3301), pid=6228, tid=4776
#
# JRE version:  (11.0.10) (build )
# Java VM: OpenJDK 64-Bit Server VM (11.0.10+0-b96-7249189, mixed mode, sharing, tiered, compressed oops, g1 gc, windows-amd64)
# No core dump will be written. Minidumps are not enabled by default on client versions of Windows
#

---------------  S U M M A R Y ------------

Command Line: org.jetbrains.git4idea.http.GitAskPassApp Username for 'https://github.com': 

Host: Intel(R) Core(TM) i5-7200U CPU @ 2.50GHz, 4 cores, 7G,  Windows 10 , 64 bit Build 19041 (10.0.19041.1202)
Time: Fri Oct 15 16:29:07 2021 SE Asia Standard Time elapsed time: 0.037676 seconds (0d 0h 0m 0s)

---------------  T H R E A D  ---------------

Current thread (0x0000016b8db7f000):  JavaThread "Unknown thread" [_thread_in_vm, id=4776, stack(0x00000066e7d00000,0x00000066e7e00000)]

Stack: [0x00000066e7d00000,0x00000066e7e00000]
Native frames: (J=compiled Java code, j=interpreted, Vv=VM code, C=native code)
V  [jvm.dll+0x5ecfaa]
V  [jvm.dll+0x722bd5]
V  [jvm.dll+0x72412d]
V  [jvm.dll+0x7247e3]
V  [jvm.dll+0x242928]
V  [jvm.dll+0x5ea374]
V  [jvm.dll+0x5df425]
V  [jvm.dll+0x2fdebb]
V  [jvm.dll+0x2fde2a]
V  [jvm.dll+0x2fdd02]
V  [jvm.dll+0x302bf6]
V  [jvm.dll+0x34b2a3]
V  [jvm.dll+0x34b9a6]
V  [jvm.dll+0x34b3a3]
V  [jvm.dll+0x2d8888]
V  [jvm.dll+0x2d9a37]
V  [jvm.dll+0x701737]
V  [jvm.dll+0x702f2c]
V  [jvm.dll+0x3587d9]
V  [jvm.dll+0x6e4fae]
V  [jvm.dll+0x3c0be3]
V  [jvm.dll+0x3c2e91]
C  [jli.dll+0x5373]
C  [ucrtbase.dll+0x21bb2]
C  [KERNEL32.DLL+0x17034]
C  [ntdll.dll+0x52651]


---------------  P R O C E S S  ---------------

Threads class SMR info:
_java_thread_list=0x0000016b8da83150, length=0, elements={
}

Java Threads: ( => current thread )

Other Threads:
  0x0000016b8db95800 GCTaskThread "GC Thread#0" [stack: 0x00000066e7e00000,0x00000066e7f00000] [id=4460]
  0x0000016b8dbc5000 ConcurrentGCThread "G1 Main Marker" [stack: 0x00000066e7f00000,0x00000066e8000000] [id=9064]
  0x0000016b8dbc8000 ConcurrentGCThread "G1 Conc#0" [stack: 0x00000066e8000000,0x00000066e8100000] [id=2956]

[error occurred during error reporting (printing all threads), id 0xc0000005, EXCEPTION_ACCESS_VIOLATION (0xc0000005) at pc=0x00007ffb7d0a9107]

VM state:not at safepoint (not fully initialized)

VM Mutex/Monitor currently owned by a thread:  ([mutex/lock_event])
[0x0000016b8db798d0] Heap_lock - owner thread: 0x0000016b8db7f000

Heap address: 0x0000000081800000, size: 2024 MB, Compressed Oops mode: Non-zero based: 0x0000000081800000
Narrow klass base: 0x0000000000000000, Narrow klass shift: 0

GC Heap History (0 events):
No events

Deoptimization events (0 events):
No events

Classes redefined (0 events):
No events

Internal exceptions (0 events):
No events

Events (1 events):
Event: 0.029 Loaded shared library D:\Nam 4\androi\jre\bin\zip.dll


Dynamic libraries:
0x00007ff65a7b0000 - 0x00007ff65a7ba000 	D:\Nam 4\androi\jre\bin\java.exe
0x00007ffbcc6d0000 - 0x00007ffbcc8c5000 	C:\WINDOWS\SYSTEM32\ntdll.dll
0x00007ffbcada0000 - 0x00007ffbcae5e000 	C:\WINDOWS\System32\KERNEL32.DLL
0x00007ffbc9fd0000 - 0x00007ffbca299000 	C:\WINDOWS\System32\KERNELBASE.dll
0x00007ffbc9ed0000 - 0x00007ffbc9fd0000 	C:\WINDOWS\System32\ucrtbase.dll
0x00007ffbbef50000 - 0x00007ffbbef67000 	D:\Nam 4\androi\jre\bin\VCRUNTIME140.dll
0x00007ffbbef70000 - 0x00007ffbbef89000 	D:\Nam 4\androi\jre\bin\jli.dll
0x00007ffbcb790000 - 0x00007ffbcb931000 	C:\WINDOWS\System32\USER32.dll
0x00007ffbc9e40000 - 0x00007ffbc9e62000 	C:\WINDOWS\System32\win32u.dll
0x00007ffbcb750000 - 0x00007ffbcb77b000 	C:\WINDOWS\System32\GDI32.dll
0x00007ffbca4e0000 - 0x00007ffbca5eb000 	C:\WINDOWS\System32\gdi32full.dll
0x00007ffbca5f0000 - 0x00007ffbca68d000 	C:\WINDOWS\System32\msvcp_win.dll
0x00007ffbc92e0000 - 0x00007ffbc957a000 	C:\WINDOWS\WinSxS\amd64_microsoft.windows.common-controls_6595b64144ccf1df_6.0.19041.1110_none_60b5254171f9507e\COMCTL32.dll
0x00007ffbcbad0000 - 0x00007ffbcbb6e000 	C:\WINDOWS\System32\msvcrt.dll
0x00007ffbcc510000 - 0x00007ffbcc540000 	C:\WINDOWS\System32\IMM32.DLL
0x00007ffb91320000 - 0x00007ffb913bd000 	D:\Nam 4\androi\jre\bin\msvcp140.dll
0x00007ffb7cdc0000 - 0x00007ffb7d88f000 	D:\Nam 4\androi\jre\bin\server\jvm.dll
0x00007ffbcbb70000 - 0x00007ffbcbc1c000 	C:\WINDOWS\System32\ADVAPI32.dll
0x00007ffbcab80000 - 0x00007ffbcac1b000 	C:\WINDOWS\System32\sechost.dll
0x00007ffbca720000 - 0x00007ffbca84a000 	C:\WINDOWS\System32\RPCRT4.dll
0x00007ffbcb780000 - 0x00007ffbcb788000 	C:\WINDOWS\System32\PSAPI.DLL
0x00007ffbb7c40000 - 0x00007ffbb7c67000 	C:\WINDOWS\SYSTEM32\WINMM.dll
0x00007ffbb36d0000 - 0x00007ffbb36d9000 	C:\WINDOWS\SYSTEM32\WSOCK32.dll
0x00007ffbcaa90000 - 0x00007ffbcaafb000 	C:\WINDOWS\System32\WS2_32.dll
0x00007ffbc69e0000 - 0x00007ffbc69ea000 	C:\WINDOWS\SYSTEM32\VERSION.dll
0x00007ffbc79a0000 - 0x00007ffbc79b2000 	C:\WINDOWS\SYSTEM32\kernel.appcore.dll
0x00007ffbbed60000 - 0x00007ffbbed71000 	D:\Nam 4\androi\jre\bin\verify.dll
0x00007ffbc9810000 - 0x00007ffbc99f4000 	C:\WINDOWS\SYSTEM32\DBGHELP.DLL
0x00007ffbc9760000 - 0x00007ffbc978c000 	C:\WINDOWS\SYSTEM32\dbgcore.DLL
0x00007ffbca690000 - 0x00007ffbca713000 	C:\WINDOWS\System32\bcryptPrimitives.dll
0x00007ffbb5480000 - 0x00007ffbb54a9000 	D:\Nam 4\androi\jre\bin\java.dll
0x00007ffbbed00000 - 0x00007ffbbed0b000 	D:\Nam 4\androi\jre\bin\jimage.dll
0x00007ffbb5460000 - 0x00007ffbb5478000 	D:\Nam 4\androi\jre\bin\zip.dll

dbghelp: loaded successfully - version: 4.0.5 - missing functions: none
symbol engine: initialized successfully - sym options: 0x614 - pdb path: .;D:\Nam 4\androi\jre\bin;C:\WINDOWS\SYSTEM32;C:\WINDOWS\WinSxS\amd64_microsoft.windows.common-controls_6595b64144ccf1df_6.0.19041.1110_none_60b5254171f9507e;D:\Nam 4\androi\jre\bin\server

VM Arguments:
java_command: org.jetbrains.git4idea.http.GitAskPassApp Username for 'https://github.com': 
java_class_path (initial): D:/Nam 4/androi/plugins/git4idea/lib/git4idea-rt.jar;D:/Nam 4/androi/lib/xmlrpc-2.0.1.jar;D:/Nam 4/androi/lib/commons-codec-1.14.jar
Launcher Type: SUN_STANDARD

[Global flags]
     intx CICompilerCount                          = 3                                         {product} {ergonomic}
     uint ConcGCThreads                            = 1                                         {product} {ergonomic}
     uint G1ConcRefinementThreads                  = 4                                         {product} {ergonomic}
   size_t G1HeapRegionSize                         = 1048576                                   {product} {ergonomic}
    uintx GCDrainStackTargetSize                   = 64                                        {product} {ergonomic}
   size_t InitialHeapSize                          = 134217728                                 {product} {ergonomic}
   size_t MarkStackSize                            = 4194304                                   {product} {ergonomic}
   size_t MaxHeapSize                              = 2122317824                                {product} {ergonomic}
   size_t MinHeapDeltaBytes                        = 1048576                                   {product} {ergonomic}
    uintx NonNMethodCodeHeapSize                   = 5830732                                {pd product} {ergonomic}
    uintx NonProfiledCodeHeapSize                  = 122913754                              {pd product} {ergonomic}
    uintx ProfiledCodeHeapSize                     = 122913754                              {pd product} {ergonomic}
    uintx ReservedCodeCacheSize                    = 251658240                              {pd product} {ergonomic}
     bool SegmentedCodeCache                       = true                                      {product} {ergonomic}
     bool UseCompressedClassPointers               = true                                 {lp64_product} {ergonomic}
     bool UseCompressedOops                        = true                                 {lp64_product} {ergonomic}
     bool UseG1GC                                  = true                                      {product} {ergonomic}
     bool UseLargePagesIndividualAllocation        = false                                  {pd product} {ergonomic}

Logging:
Log output configuration:
 #0: stdout all=warning uptime,level,tags
 #1: stderr all=off uptime,level,tags

Environment Variables:
PATH=C:\Program Files\Git\mingw64\libexec\git-core;C:\Program Files\Git\mingw64\libexec\git-core;C:\Program Files\Git\mingw64\bin;C:\Program Files\Git\usr\bin;C:\Users\Loc DEV\bin;C:\WINDOWS\system32;C:\WINDOWS;C:\WINDOWS\System32\Wbem;C:\WINDOWS\System32\WindowsPowerShell\v1.0;C:\WINDOWS\System32\OpenSSH;C:\Program Files (x86)\Microsoft SQL Server\110\Tools\Binn;C:\Program Files\Microsoft SQL Server\110\Tools\Binn;C:\Program Files\Microsoft SQL Server\110\DTS\Binn;C:\Program Files (x86)\Microsoft SQL Server\110\Tools\Binn\ManagementStudio;C:\Program Files (x86)\Microsoft Visual Studio 10.0\Common7\IDE\PrivateAssemblies;C:\Program Files (x86)\Microsoft SQL Server\110\DTS\Binn;C:\Program Files\Java\jdk-11.0.1\bin;C:\Program Files\dotnet;C:\Program Files\Microsoft SQL Server\130\Tools\Binn;C:\Program Files\Microsoft SQL Server\Client SDK\ODBC\170\Tools\Binn;C:\Program Files\Git\cmd;C:\Program Files\nodejs;C:\Users\Loc DEV\AppData\Roaming\npm;C:\Program Files\nodejs;C:\Program Files\MySQL\MySQL Shell 8.0\bin;C:\Users\Loc DEV\AppData\Local\Microsoft\WindowsApps;C:\Users\Loc DEV\.dotnet\tools;C:\Users\Loc DEV\AppData\Roaming\npm;C:\Users\Loc DEV\AppData\Local\Programs\Microsoft VS Code\bin;C:\Program Files\nodejs;C:\Users\Loc DEV\AppData\Roaming\npm;C:\Program Files\nodejs
USERNAME=Loc DEV
DISPLAY=:0.0
LC_ALL=en_US.UTF-8
OS=Windows_NT
PROCESSOR_IDENTIFIER=Intel64 Family 6 Model 142 Stepping 9, GenuineIntel



---------------  S Y S T E M  ---------------

OS: Windows 10 , 64 bit Build 19041 (10.0.19041.1202)
OS uptime: 0 days 0:59 hours

CPU:total 4 (initial active 4) (2 cores per cpu, 2 threads per core) family 6 model 142 stepping 9 microcode 0xb4, cmov, cx8, fxsr, mmx, sse, sse2, sse3, ssse3, sse4.1, sse4.2, popcnt, avx, avx2, aes, clmul, erms, 3dnowpref, lzcnt, ht, tsc, tscinvbit, bmi1, bmi2, adx, fma

Memory: 4k page, system-wide physical 8090M (646M free)
TotalPageFile size 12186M (AvailPageFile size 17M)
current process WorkingSet (physical memory assigned to process): 10M, peak: 10M
current process commit charge ("private bytes"): 51M, peak: 179M

vm_info: OpenJDK 64-Bit Server VM (11.0.10+0-b96-7249189) for windows-amd64 JRE (11.0.10+0-b96-7249189), built on Mar 31 2021 21:44:00 by "builder" with MS VC++ 14.0 (VS2015)

END.
